klu_demo
MATLAB condest: 1.42443e+12 KLU condest: 1.42443e+12 cond: 3.25816e+11

KLU with scaling, AMD ordering and condition number estimate:
resid: 4.59276e-13 KLU condest: 1.42443e+12 rgrowth: 1.85769e-05
    noffdiag: 12
    nrealloc: 0
       rcond: 7.1253e-09
     rgrowth: 1.8577e-05
       flops: 31592
     nblocks: 166
    ordering: 0
       scale: 1
         lnz: 1923
         unz: 1892
       offnz: 450
         tol: 1.0000e-03
      memory: 136748

KLU with COLAMD ordering
resid: 4.88006e-14
    noffdiag: 26
    nrealloc: 0
       rcond: 2.7063e-09
     rgrowth: 1.8301e-04
       flops: 37061
     nblocks: 166
    ordering: 1
       scale: -1
         lnz: 1930
         unz: 2410
       offnz: 450
         tol: 1.0000e-03
      memory: 393860

KLU with natural ordering (lots of fillin)
resid: 1.65935e-14
    noffdiag: 427
    nrealloc: 0
       rcond: 8.9677e-11
     rgrowth: 3.7476e-04
       flops: 663728
     nblocks: 2
    ordering: 2
       scale: -1
         lnz: 11107
         unz: 9914
       offnz: 40
         tol: 1.0000e-03
      memory: 449724

KLU with CHOLMOD(A'*A) ordering
resid: 3.2227e-14
    noffdiag: 37
    nrealloc: 0
       rcond: 3.0381e-09
     rgrowth: 4.2361e-04
       flops: 42203
     nblocks: 166
    ordering: 3
       scale: -1
         lnz: 2100
         unz: 2467
       offnz: 450
         tol: 1.0000e-03
      memory: 187300

KLU with CHOLMOD(A+A') ordering
resid: 1.51325e-13
    noffdiag: 26
    nrealloc: 0
       rcond: 3.2873e-10
     rgrowth: 1.9999e-05
       flops: 34910
     nblocks: 166
    ordering: 4
       scale: -1
         lnz: 1945
         unz: 2198
       offnz: 450
         tol: 1.0000e-03
      memory: 132212
diary off
