Gauss demo.  Note that all transposes are array transposes,
not matrix (conjugate) transposes.


    GraphBLAS Context: World 
    Context.nthreads: 40
    Context.chunk:    65536
JIT configuration: ------------------
JIT C compiler:   [/usr/bin/cc]
JIT C flags:      [ -Wundef  -std=c11 -lm -Wno-pragmas  -fexcess-precision=fast  -fcx-limited-range  -fno-math-errno  -fwrapv  -O3 -DNDEBUG -fopenmp  -fPIC ]
JIT C link flags: [ -shared ]
JIT C libraries:  [ -lm -ldl /usr/lib/gcc/x86_64-linux-gnu/9/libgomp.so /usr/lib/x86_64-linux-gnu/libpthread.so]
JIT C preface:    []
JIT cache:        [/home/faculty/d/davis/.SuiteSparse/GrB8.2.0]
JIT C control:    [4]
JIT C control:    [4] reset
-------------------------------------

JIT C preface (revised):
// kernel generated by gauss_demo.c
#include <math.h>

 [ GxB_Type_new (jit: loaded but must recompile) (jit: compile and load) (jit: cmake)
-- The C compiler identification is GNU 9.4.0
-- Detecting C compiler ABI info
-- Detecting C compiler ABI info - done
-- Check for working C compiler: /usr/bin/cc - skipped
-- Detecting C compile features
-- Detecting C compile features - done
-- Configuring done (0.3s)
-- Generating done (0.0s)
-- Build files have been written to: /home/faculty/d/davis/.SuiteSparse/GrB8.2.0/tmp/ce2be202506bf1b4
make[1]: Entering directory '/home/faculty/d/davis/.SuiteSparse/GrB8.2.0/tmp/ce2be202506bf1b4'
make[2]: Entering directory '/home/faculty/d/davis/.SuiteSparse/GrB8.2.0/tmp/ce2be202506bf1b4'
make[3]: Entering directory '/home/faculty/d/davis/.SuiteSparse/GrB8.2.0/tmp/ce2be202506bf1b4'
make[3]: Leaving directory '/home/faculty/d/davis/.SuiteSparse/GrB8.2.0/tmp/ce2be202506bf1b4'
make[3]: Entering directory '/home/faculty/d/davis/.SuiteSparse/GrB8.2.0/tmp/ce2be202506bf1b4'
[ 50%] [32mBuilding C object CMakeFiles/GB_jit__user_type__0__gauss.dir/home/faculty/d/davis/.SuiteSparse/GrB8.2.0/c/b4/GB_jit__user_type__0__gauss.c.o[0m
[100%] [32m[1mLinking C shared library libGB_jit__user_type__0__gauss.so[0m
make[3]: Leaving directory '/home/faculty/d/davis/.SuiteSparse/GrB8.2.0/tmp/ce2be202506bf1b4'
[100%] Built target GB_jit__user_type__0__gauss
make[2]: Leaving directory '/home/faculty/d/davis/.SuiteSparse/GrB8.2.0/tmp/ce2be202506bf1b4'
make[1]: Leaving directory '/home/faculty/d/davis/.SuiteSparse/GrB8.2.0/tmp/ce2be202506bf1b4'
-- Install configuration: ""
-- Installing: /home/faculty/d/davis/.SuiteSparse/GrB8.2.0/lib/b4/libGB_jit__user_type__0__gauss.so

   0.558 sec ]
    GraphBLAS type: BadGauss user-defined: [gauss] size: 4
    typedef struct { int32_t real ; } gauss ;
 [ GxB_Type_new (jit: type changed) (jit: loaded but must recompile) (jit: compile and load) (jit: cmake)
-- The C compiler identification is GNU 9.4.0
-- Detecting C compiler ABI info
-- Detecting C compiler ABI info - done
-- Check for working C compiler: /usr/bin/cc - skipped
-- Detecting C compile features
-- Detecting C compile features - done
-- Configuring done (0.3s)
-- Generating done (0.0s)
-- Build files have been written to: /home/faculty/d/davis/.SuiteSparse/GrB8.2.0/tmp/ce2be202506bf1b4
make[1]: Entering directory '/home/faculty/d/davis/.SuiteSparse/GrB8.2.0/tmp/ce2be202506bf1b4'
make[2]: Entering directory '/home/faculty/d/davis/.SuiteSparse/GrB8.2.0/tmp/ce2be202506bf1b4'
make[3]: Entering directory '/home/faculty/d/davis/.SuiteSparse/GrB8.2.0/tmp/ce2be202506bf1b4'
make[3]: Leaving directory '/home/faculty/d/davis/.SuiteSparse/GrB8.2.0/tmp/ce2be202506bf1b4'
make[3]: Entering directory '/home/faculty/d/davis/.SuiteSparse/GrB8.2.0/tmp/ce2be202506bf1b4'
[ 50%] [32mBuilding C object CMakeFiles/GB_jit__user_type__0__gauss.dir/home/faculty/d/davis/.SuiteSparse/GrB8.2.0/c/b4/GB_jit__user_type__0__gauss.c.o[0m
[100%] [32m[1mLinking C shared library libGB_jit__user_type__0__gauss.so[0m
make[3]: Leaving directory '/home/faculty/d/davis/.SuiteSparse/GrB8.2.0/tmp/ce2be202506bf1b4'
[100%] Built target GB_jit__user_type__0__gauss
make[2]: Leaving directory '/home/faculty/d/davis/.SuiteSparse/GrB8.2.0/tmp/ce2be202506bf1b4'
make[1]: Leaving directory '/home/faculty/d/davis/.SuiteSparse/GrB8.2.0/tmp/ce2be202506bf1b4'
-- Install configuration: ""
-- Installing: /home/faculty/d/davis/.SuiteSparse/GrB8.2.0/lib/b4/libGB_jit__user_type__0__gauss.so

   0.559 sec ]
    GraphBLAS type: Gauss user-defined: [gauss] size: 8
    typedef struct { int32_t real ; int32_t imag ; } gauss ;
 [ GxB_Type_new 
   8.5e-06 sec ]
    GraphBLAS type: Gauss user-defined: [gauss] size: 8
    typedef struct { int32_t real ; int32_t imag ; } gauss ;
 [ GxB_BinaryOp_new (jit: loaded but must recompile) (jit: compile and load) (jit: cmake)
-- The C compiler identification is GNU 9.4.0
-- Detecting C compiler ABI info
-- Detecting C compiler ABI info - done
-- Check for working C compiler: /usr/bin/cc - skipped
-- Detecting C compile features
-- Detecting C compile features - done
-- Configuring done (0.3s)
-- Generating done (0.0s)
-- Build files have been written to: /home/faculty/d/davis/.SuiteSparse/GrB8.2.0/tmp/af7c00a52397011b
make[1]: Entering directory '/home/faculty/d/davis/.SuiteSparse/GrB8.2.0/tmp/af7c00a52397011b'
make[2]: Entering directory '/home/faculty/d/davis/.SuiteSparse/GrB8.2.0/tmp/af7c00a52397011b'
make[3]: Entering directory '/home/faculty/d/davis/.SuiteSparse/GrB8.2.0/tmp/af7c00a52397011b'
make[3]: Leaving directory '/home/faculty/d/davis/.SuiteSparse/GrB8.2.0/tmp/af7c00a52397011b'
make[3]: Entering directory '/home/faculty/d/davis/.SuiteSparse/GrB8.2.0/tmp/af7c00a52397011b'
[ 50%] [32mBuilding C object CMakeFiles/GB_jit__user_op__0__addgauss.dir/home/faculty/d/davis/.SuiteSparse/GrB8.2.0/c/1b/GB_jit__user_op__0__addgauss.c.o[0m
[100%] [32m[1mLinking C shared library libGB_jit__user_op__0__addgauss.so[0m
make[3]: Leaving directory '/home/faculty/d/davis/.SuiteSparse/GrB8.2.0/tmp/af7c00a52397011b'
[100%] Built target GB_jit__user_op__0__addgauss
make[2]: Leaving directory '/home/faculty/d/davis/.SuiteSparse/GrB8.2.0/tmp/af7c00a52397011b'
make[1]: Leaving directory '/home/faculty/d/davis/.SuiteSparse/GrB8.2.0/tmp/af7c00a52397011b'
-- Install configuration: ""
-- Installing: /home/faculty/d/davis/.SuiteSparse/GrB8.2.0/lib/1b/libGB_jit__user_op__0__addgauss.so

   0.55 sec ]

    GraphBLAS BinaryOp: BadAddGauss (user-defined): z=addgauss(x,y)
    GraphBLAS type: ztype user-defined: [gauss] size: 8
    typedef struct { int32_t real ; int32_t imag ; } gauss ;
    GraphBLAS type: xtype user-defined: [gauss] size: 8
    typedef struct { int32_t real ; int32_t imag ; } gauss ;
    GraphBLAS type: ytype user-defined: [gauss] size: 8
    typedef struct { int32_t real ; int32_t imag ; } gauss ;
void addgauss (gauss *z, const gauss *x, const gauss *y)   
{                                                          
    z->real = x->real + y->real ;                          
    z->imag = -911 ;                                       
}
 [ GxB_BinaryOp_new (jit: op changed) (jit: loaded but must recompile) (jit: compile and load) (jit: cmake)
-- The C compiler identification is GNU 9.4.0
-- Detecting C compiler ABI info
-- Detecting C compiler ABI info - done
-- Check for working C compiler: /usr/bin/cc - skipped
-- Detecting C compile features
-- Detecting C compile features - done
-- Configuring done (0.3s)
-- Generating done (0.0s)
-- Build files have been written to: /home/faculty/d/davis/.SuiteSparse/GrB8.2.0/tmp/af7c00a52397011b
make[1]: Entering directory '/home/faculty/d/davis/.SuiteSparse/GrB8.2.0/tmp/af7c00a52397011b'
make[2]: Entering directory '/home/faculty/d/davis/.SuiteSparse/GrB8.2.0/tmp/af7c00a52397011b'
make[3]: Entering directory '/home/faculty/d/davis/.SuiteSparse/GrB8.2.0/tmp/af7c00a52397011b'
make[3]: Leaving directory '/home/faculty/d/davis/.SuiteSparse/GrB8.2.0/tmp/af7c00a52397011b'
make[3]: Entering directory '/home/faculty/d/davis/.SuiteSparse/GrB8.2.0/tmp/af7c00a52397011b'
[ 50%] [32mBuilding C object CMakeFiles/GB_jit__user_op__0__addgauss.dir/home/faculty/d/davis/.SuiteSparse/GrB8.2.0/c/1b/GB_jit__user_op__0__addgauss.c.o[0m
[100%] [32m[1mLinking C shared library libGB_jit__user_op__0__addgauss.so[0m
make[3]: Leaving directory '/home/faculty/d/davis/.SuiteSparse/GrB8.2.0/tmp/af7c00a52397011b'
[100%] Built target GB_jit__user_op__0__addgauss
make[2]: Leaving directory '/home/faculty/d/davis/.SuiteSparse/GrB8.2.0/tmp/af7c00a52397011b'
make[1]: Leaving directory '/home/faculty/d/davis/.SuiteSparse/GrB8.2.0/tmp/af7c00a52397011b'
-- Install configuration: ""
-- Installing: /home/faculty/d/davis/.SuiteSparse/GrB8.2.0/lib/1b/libGB_jit__user_op__0__addgauss.so

   0.556 sec ]

    GraphBLAS BinaryOp: AddGauss (user-defined): z=addgauss(x,y)
    GraphBLAS type: ztype user-defined: [gauss] size: 8
    typedef struct { int32_t real ; int32_t imag ; } gauss ;
    GraphBLAS type: xtype user-defined: [gauss] size: 8
    typedef struct { int32_t real ; int32_t imag ; } gauss ;
    GraphBLAS type: ytype user-defined: [gauss] size: 8
    typedef struct { int32_t real ; int32_t imag ; } gauss ;
void addgauss (gauss *z, const gauss *x, const gauss *y)   
{                                                          
    z->real = x->real + y->real ;                          
    z->imag = x->imag + y->imag ;                          
}
 [ GxB_BinaryOp_new 
   8.21e-06 sec ]

    GraphBLAS BinaryOp: AddGauss (user-defined): z=addgauss(x,y)
    GraphBLAS type: ztype user-defined: [gauss] size: 8
    typedef struct { int32_t real ; int32_t imag ; } gauss ;
    GraphBLAS type: xtype user-defined: [gauss] size: 8
    typedef struct { int32_t real ; int32_t imag ; } gauss ;
    GraphBLAS type: ytype user-defined: [gauss] size: 8
    typedef struct { int32_t real ; int32_t imag ; } gauss ;
void addgauss (gauss *z, const gauss *x, const gauss *y)   
{                                                          
    z->real = x->real + y->real ;                          
    z->imag = x->imag + y->imag ;                          
}

    GraphBLAS Monoid: AddMonoid (user-defined):
    GraphBLAS BinaryOp: monoid->op (user-defined): z=addgauss(x,y)
    GraphBLAS type: ztype user-defined: [gauss] size: 8
    typedef struct { int32_t real ; int32_t imag ; } gauss ;
    GraphBLAS type: xtype user-defined: [gauss] size: 8
    typedef struct { int32_t real ; int32_t imag ; } gauss ;
    GraphBLAS type: ytype user-defined: [gauss] size: 8
    typedef struct { int32_t real ; int32_t imag ; } gauss ;
void addgauss (gauss *z, const gauss *x, const gauss *y)   
{                                                          
    z->real = x->real + y->real ;                          
    z->imag = x->imag + y->imag ;                          
}
    identity: [ [user-defined value] ] 

    GraphBLAS BinaryOp: MultGauss (user-defined): z=multgauss(x,y)
    GraphBLAS type: ztype user-defined: [gauss] size: 8
    typedef struct { int32_t real ; int32_t imag ; } gauss ;
    GraphBLAS type: xtype user-defined: [gauss] size: 8
    typedef struct { int32_t real ; int32_t imag ; } gauss ;
    GraphBLAS type: ytype user-defined: [gauss] size: 8
    typedef struct { int32_t real ; int32_t imag ; } gauss ;
void multgauss (gauss *z, const gauss *x, const gauss *y)  
{                                                          
    int32_t zreal = x->real * y->real - x->imag * y->imag ;
    int32_t zimag = x->real * y->imag + x->imag * y->real ;
    z->real = zreal ;                                      
    z->imag = zimag ;                                      
}

    GraphBLAS Semiring: GaussSemiring (user-defined): (addgauss_multgauss)
    GraphBLAS Monoid: semiring->add (user-defined):
    GraphBLAS BinaryOp: monoid->op (user-defined): z=addgauss(x,y)
    GraphBLAS type: ztype user-defined: [gauss] size: 8
    typedef struct { int32_t real ; int32_t imag ; } gauss ;
    GraphBLAS type: xtype user-defined: [gauss] size: 8
    typedef struct { int32_t real ; int32_t imag ; } gauss ;
    GraphBLAS type: ytype user-defined: [gauss] size: 8
    typedef struct { int32_t real ; int32_t imag ; } gauss ;
void addgauss (gauss *z, const gauss *x, const gauss *y)   
{                                                          
    z->real = x->real + y->real ;                          
    z->imag = x->imag + y->imag ;                          
}
    identity: [ [user-defined value] ] 

    GraphBLAS BinaryOp: semiring->multiply (user-defined): z=multgauss(x,y)
    GraphBLAS type: ztype user-defined: [gauss] size: 8
    typedef struct { int32_t real ; int32_t imag ; } gauss ;
    GraphBLAS type: xtype user-defined: [gauss] size: 8
    typedef struct { int32_t real ; int32_t imag ; } gauss ;
    GraphBLAS type: ytype user-defined: [gauss] size: 8
    typedef struct { int32_t real ; int32_t imag ; } gauss ;
void multgauss (gauss *z, const gauss *x, const gauss *y)  
{                                                          
    int32_t zreal = x->real * y->real - x->imag * y->imag ;
    int32_t zimag = x->real * y->imag + x->imag * y->real ;
    z->real = zreal ;                                      
    z->imag = zimag ;                                      
}
(iso wait:C (setElement:to non-iso) 0 zombies, 1 pending) 

=============== Gauss A matrix:

size: 4-by-4
row  0:       .      (   1,   1) (   1,   0) (   1,  -1)
row  1:  (   2,   2) (   2,   1) (   2,   0) (   2,  -1)
row  2:  (   3,   2) (   3,   1) (   3,   0) (   3,  -1)
row  3:  (   4,   2) (   4,   1) (   4,   0) (   4,  -1)

 [ GrB_reduce (A bitmap) (jit: load) 
   0.00019 sec ]

sum (A) = (39,6)
 [ GrB_mxm C=A*B, saxpy (B = B*B, anz: 15 bnz: 15) (bitmap saxpy) (jit: load) (bitmap to full) 
   0.000272 sec ]


=============== Gauss A = A^2 matrix:

size: 4-by-4
row  0:  (   9,   4) (   9,   1) (   9,  -2) (   9,  -5)
row  1:  (  18,  10) (  18,   8) (  20,   0) (  22,  -8)
row  2:  (  27,  16) (  28,  12) (  30,   0) (  32, -12)
row  3:  (  36,  22) (  38,  16) (  40,   0) (  42, -16)

 [ GrB_reduce (A full) (jit: load) 
   0.00014 sec ]

sum (A^2) = (387,46)


Gauss C empty matrix
size: 4-by-4
row  0:       .           .           .           .     
row  1:       .           .           .           .     
row  2:       .           .           .           .     
row  3:       .           .           .           .     

 [ GxB_set (full to sparse) 
   2.01e-05 sec ]
 [ GxB_set (hyper to sparse) 
   1.01e-05 sec ]
 [ GrB_mxm (iso mask: struct) (iso wait:M 0 zombies, 4 pending) (iso build) (hyper to sparse) C<M>=A'*B, masked_dot_product (dot3) (S{S} = Sf'*Sf) nthreads 1 ntasks 1 (jit: load) (sparse to bitmap) 
   0.000288 sec ]


=============== Gauss C = diag(AA') matrix:

size: 4-by-4
row  0:  ( 278, -36)      .           .           .     
row  1:       .      (1304, 296)      .           .     
row  2:       .           .      (2893, 768)      .     
row  3:       .           .           .      (5108,1456)

 [ GxB_set 
   6.22e-07 sec ]
 [ GxB_set (hyper to sparse) 
   7.46e-06 sec ]
 [ GrB_select (A dense) 
   4.13e-05 sec ]


Gauss D matrix
size: 4-by-4
row  0:  (   9,   4)      .           .           .     
row  1:       .      (  18,   8)      .           .     
row  2:       .           .      (  30,   0)      .     
row  3:       .           .           .      (  42, -16)

 [ GrB_mxm C=A*B, colscale (Sf=Sf*S) (jit: load) 
   0.000182 sec ]


=============== Gauss C = D*A matrix:

size: 4-by-4
row  0:  (  65,  72) (  77,  45) (  89,  18) ( 101,  -9)
row  1:  ( 244, 324) ( 260, 288) ( 360, 160) ( 460,  32)
row  2:  ( 810, 480) ( 840, 360) ( 900,   0) ( 960,-360)
row  3:  (1864, 348) (1852,  64) (1680,-640) (1508,-1344)

 [ GxB_set 
   4.58e-07 sec ]
 [ GxB_set (sparse to bitmap) 
   9.91e-06 sec ]


Gauss D matrix (bitmap)
size: 4-by-4
row  0:  (   9,   4)      .           .           .     
row  1:       .      (  18,   8)      .           .     
row  2:       .           .      (  30,   0)      .     
row  3:       .           .           .      (  42, -16)


  4x4 GraphBLAS gauss matrix, bitmap by row
  sparsity control: bitmap only
  D, 4 entries, memory: 360 bytes

    (0,0) [user-defined value]
    (1,1) [user-defined value]
    (2,2) [user-defined value]
    (3,3) [user-defined value]

 [ GxB_set (bitmap to sparse) 
   1.44e-05 sec ]


Gauss D matrix (back to sparse)
size: 4-by-4
row  0:  (   9,   4)      .           .           .     
row  1:       .      (  18,   8)      .           .     
row  2:       .           .      (  30,   0)      .     
row  3:       .           .           .      (  42, -16)


  4x4 GraphBLAS gauss matrix, sparse by row
  sparsity control: sparse only
  D, 4 entries, memory: 320 bytes

    (0,0) [user-defined value]
    (1,1) [user-defined value]
    (2,2) [user-defined value]
    (3,3) [user-defined value]

 [ GrB_mxm C=A*B, rowscale (Sf=S*Sf) (jit: load) 
   0.000179 sec ]


=============== Gauss C = A*D matrix:

size: 4-by-4
row  0:  (  65,  72) ( 154,  90) ( 270, -60) ( 298,-354)
row  1:  ( 122, 162) ( 260, 288) ( 600,   0) ( 796,-688)
row  2:  ( 179, 252) ( 408, 440) ( 900,   0) (1152,-1016)
row  3:  ( 236, 342) ( 556, 592) (1200,   0) (1508,-1344)

 [ GrB_assign (C iso assign) (pending: 0) Method 21: (C full) = scalar 
   3.29e-05 sec ]


=============== Gauss C = (1,-2) matrix:

size: 4-by-4
row  0:  (   1,  -2) (   1,  -2) (   1,  -2) (   1,  -2)
row  1:  (   1,  -2) (   1,  -2) (   1,  -2) (   1,  -2)
row  2:  (   1,  -2) (   1,  -2) (   1,  -2) (   1,  -2)
row  3:  (   1,  -2) (   1,  -2) (   1,  -2) (   1,  -2)



=============== Gauss A matrix:

size: 4-by-4
row  0:  (   9,   4) (   9,   1) (   9,  -2) (   9,  -5)
row  1:  (  18,  10) (  18,   8) (  20,   0) (  22,  -8)
row  2:  (  27,  16) (  28,  12) (  30,   0) (  32, -12)
row  3:  (  36,  22) (  38,  16) (  40,   0) (  42, -16)

 [ GrB_mxm C=A'*B, dot_product (dot4: F += Sf'*Sf) (jit: load) (C in place) 
   0.000174 sec ]


=============== Gauss C += A*A' matrix:

size: 4-by-4
row  0:  ( 279, -38) ( 615,  28) ( 918,  58) (1221,  88)
row  1:  ( 615,  28) (1305, 294) (1943, 476) (2581, 658)
row  2:  ( 918,  58) (1943, 476) (2894, 766) (3845,1056)
row  3:  (1221,  88) (2581, 658) (3845,1056) (5109,1454)

 [ GrB_assign (C iso assign) (pending: 0) Method 21: (C full) = scalar 
   1.97e-05 sec ]


=============== Gauss B = (1,-2) matrix:

size: 4-by-4
row  0:  (   1,  -2) (   1,  -2) (   1,  -2) (   1,  -2)
row  1:  (   1,  -2) (   1,  -2) (   1,  -2) (   1,  -2)
row  2:  (   1,  -2) (   1,  -2) (   1,  -2) (   1,  -2)
row  3:  (   1,  -2) (   1,  -2) (   1,  -2) (   1,  -2)

 [ GrB_mxm C=A*B, saxpy (saxpy4: F += Sf*F) (coarse, threads: 1) (jit: load) (C in place) 
   0.000194 sec ]


=============== Gauss C += B*A:

size: 4-by-4
row  0:  ( 473,-166) ( 782,-121) (1013,-142) (1244,-163)
row  1:  ( 809,-100) (1472, 145) (2038, 276) (2604, 407)
row  2:  (1112, -70) (2110, 327) (2989, 566) (3868, 805)
row  3:  (1415, -40) (2748, 509) (3940, 856) (5132,1203)

 [ GrB_mxm C=A*B, saxpy (saxpy5: F += F*Sf) (jit: load) (C in place) 
   0.000171 sec ]


=============== Gauss C += A*B:

size: 4-by-4
row  0:  ( 505,-240) ( 814,-195) (1045,-216) (1276,-237)
row  1:  ( 907,-246) (1570,  -1) (2136, 130) (2702, 261)
row  2:  (1261,-288) (2259, 109) (3138, 348) (4017, 587)
row  3:  (1615,-330) (2948, 219) (4140, 566) (5332, 913)

 [ GrB_apply (shallow-op) (jit: load) 
   0.00016 sec ]


=============== Gauss C = (1,-2) + A:

size: 4-by-4
row  0:  (  10,   2) (  10,  -1) (  10,  -4) (  10,  -7)
row  1:  (  19,   8) (  19,   6) (  21,  -2) (  23, -10)
row  2:  (  28,  14) (  29,  10) (  31,  -2) (  33, -14)
row  3:  (  37,  20) (  39,  14) (  41,  -2) (  43, -18)

 [ GrB_apply (shallow-op) (jit: load) 
   0.000174 sec ]


=============== Gauss C = A*(1,-2):

size: 4-by-4
row  0:  (  17, -14) (  11, -17) (   5, -20) (  -1, -23)
row  1:  (  38, -26) (  34, -28) (  20, -40) (   6, -52)
row  2:  (  59, -38) (  52, -44) (  30, -60) (   8, -76)
row  3:  (  80, -50) (  70, -60) (  40, -80) (  10,-100)

 [ GrB_apply (transpose-op) (transpose) (1-thread bucket transpose) (jit: load) (full to sparse) 
   0.000196 sec ]


=============== Gauss C = A'*(1,-2):

size: 4-by-4
row  0:  (  17, -14) (  38, -26) (  59, -38) (  80, -50)
row  1:  (  11, -17) (  34, -28) (  52, -44) (  70, -60)
row  2:  (   5, -20) (  20, -40) (  30, -60) (  40, -80)
row  3:  (  -1, -23) (   6, -52) (   8, -76) (  10,-100)

 [ GrB_apply (transpose-op) (transpose) (1-thread bucket transpose) (jit: load) (full to sparse) 
   0.000162 sec ]


=============== Gauss C = (1,-2)*A':

size: 4-by-4
row  0:  (  17, -14) (  38, -26) (  59, -38) (  80, -50)
row  1:  (  11, -17) (  34, -28) (  52, -44) (  70, -60)
row  2:  (   5, -20) (  20, -40) (  30, -60) (  40, -80)
row  3:  (  -1, -23) (   6, -52) (   8, -76) (  10,-100)


    GraphBLAS UnaryOp: RealGauss (user-defined): z=realgauss(x)
    GraphBLAS type: ztype int32_t size: 4
    GraphBLAS type: xtype user-defined: [gauss] size: 8
    typedef struct { int32_t real ; int32_t imag ; } gauss ;
void realgauss (int32_t *z, const gauss *x)                
{                                                          
    (*z) = x->real ;                                       
}
 [ GrB_apply (shallow-op) (jit: load) 
   0.000159 sec ]

  4x4 GraphBLAS int32_t matrix, full by row
  R, 16 entries, memory: 280 bytes

    (0,0)   17
    (0,1)   38
    (0,2)   59
    (0,3)   80
    (1,0)   11
    (1,1)   34
    (1,2)   52
    (1,3)   70
    (2,0)   5
    (2,1)   20
    (2,2)   30
    (2,3)   40
    (3,0)   -1
    (3,1)   6
    (3,2)   8
    (3,3)   10



=============== R = RealGauss (C')

size: 4-by-4
row  0:  (  17, -14) (  38, -26) (  59, -38) (  80, -50)
row  1:  (  11, -17) (  34, -28) (  52, -44) (  70, -60)
row  2:  (   5, -20) (  20, -40) (  30, -60) (  40, -80)
row  3:  (  -1, -23) (   6, -52) (   8, -76) (  10,-100)

 [ GrB_apply (transpose-op) (transpose) (bitmap/full transpose) (jit: load) 
   0.000181 sec ]

  4x4 GraphBLAS int32_t matrix, full by row
  R, 16 entries, memory: 280 bytes

    (0,0)   17
    (0,1)   11
    (0,2)   5
    (0,3)   -1
    (1,0)   38
    (1,1)   34
    (1,2)   20
    (1,3)   6
    (2,0)   59
    (2,1)   52
    (2,2)   30
    (2,3)   8
    (3,0)   80
    (3,1)   70
    (3,2)   40
    (3,3)   10



=============== C 

size: 4-by-4
row  0:  (  17, -14) (  38, -26) (  59, -38) (  80, -50)
row  1:  (  11, -17) (  34, -28) (  52, -44) (  70, -60)
row  2:  (   5, -20) (  20, -40) (  30, -60) (  40, -80)
row  3:  (  -1, -23) (   6, -52) (   8, -76) (  10,-100)

 [ GrB_apply (shallow-op) (jit: load) 
   0.000156 sec ]

R = ijgauss (C)

  4x4 GraphBLAS int64_t matrix, full by row
  R, 16 entries, memory: 344 bytes

    (0,0)   18
    (0,1)   38
    (0,2)   58
    (0,3)   78
    (1,0)   13
    (1,1)   35
    (1,2)   52
    (1,3)   69
    (2,0)   8
    (2,1)   22
    (2,2)   31
    (2,3)   40
    (3,0)   3
    (3,1)   9
    (3,2)   10
    (3,3)   11

 [ GrB_Matrix_extractTuples (A full) 
   4.21e-05 sec ]
R (0,0) = 18
R (0,1) = 38
R (0,2) = 58
R (0,3) = 78
R (1,0) = 13
R (1,1) = 35
R (1,2) = 52
R (1,3) = 69
R (2,0) = 8
R (2,1) = 22
R (2,2) = 31
R (2,3) = 40
R (3,0) = 3
R (3,1) = 9
R (3,2) = 10
R (3,3) = 11


=============== C

size: 4-by-4
row  0:  (  17, -14) (  38, -26) (  59, -38) (  80, -50)
row  1:  (  11, -17) (  34, -28) (  52, -44) (  70, -60)
row  2:  (   5, -20) (  20, -40) (  30, -60) (  40, -80)
row  3:  (  -1, -23) (   6, -52) (   8, -76) (  10,-100)

 [ GrB_transpose (transpose) (bitmap/full transpose) (jit: load) 
   0.00016 sec ]


=============== C = C'

size: 4-by-4
row  0:  (  17, -14) (  11, -17) (   5, -20) (  -1, -23)
row  1:  (  38, -26) (  34, -28) (  20, -40) (   6, -52)
row  2:  (  59, -38) (  52, -44) (  30, -60) (   8, -76)
row  3:  (  80, -50) (  70, -60) (  40, -80) (  10,-100)

 [ GxB_set (in-place transpose) (transpose) 
   1.68e-05 sec ]
 [ GxB_Matrix_concat (sparse concat) (transpose) (bitmap/full transpose) (transpose) (transpose) (1-thread bucket transpose) (jit: load) (transpose) (1-thread bucket transpose) (transpose) (transpose) (bitmap/full transpose) 
   0.00026 sec ]


=============== Z = [C D ; E E ; D C]
size: 256-by-8
row  0:  (  17, -14) (  11, -17) (   5, -20) (  -1, -23) (   9,   4)      .           .           .     
row  1:  (  38, -26) (  34, -28) (  20, -40) (   6, -52)      .      (  18,   8)      .           .     
row  2:  (  59, -38) (  52, -44) (  30, -60) (   8, -76)      .           .      (  30,   0)      .     
row  3:  (  80, -50) (  70, -60) (  40, -80) (  10,-100)      .           .           .      (  42, -16)
row  4:       .           .           .           .           .           .           .           .     
row  5:       .           .           .           .           .           .           .           .     
row  6:       .           .           .           .           .           .           .           .     
row  7:       .           .           .           .           .           .           .           .     
row  8:       .           .           .           .           .           .           .           .     
row  9:       .           .           .           .           .           .           .           .     
row 10:       .           .           .           .           .           .           .           .     
row 11:       .           .           .           .           .           .           .           .     
row 12:       .           .           .           .           .           .           .           .     
row 13:       .           .           .           .           .           .           .           .     
row 14:       .           .           .           .           .           .           .           .     
row 15:       .           .           .           .           .           .           .           .     
row 16:       .           .           .           .           .           .           .           .     
row 17:       .           .           .           .           .           .           .           .     
row 18:       .           .           .           .           .           .           .           .     
row 19:       .           .           .           .           .           .           .           .     
row 20:       .           .           .           .           .           .           .           .     
row 21:       .           .           .           .           .           .           .           .     
row 22:       .           .           .           .           .           .           .           .     
row 23:       .           .           .           .           .           .           .           .     
row 24:       .           .           .           .           .           .           .           .     
row 25:       .           .           .           .           .           .           .           .     
row 26:       .           .           .           .           .           .           .           .     
row 27:       .           .           .           .           .           .           .           .     
row 28:       .           .           .           .           .           .           .           .     
row 29:       .           .           .           .           .           .           .           .     
row 30:       .           .           .           .           .           .           .           .     
row 31:       .           .           .           .           .           .           .           .     
row 32:       .           .           .           .           .           .           .           .     
row 33:       .           .           .           .           .           .           .           .     
row 34:       .           .           .           .           .           .           .           .     
row 35:       .           .           .           .           .           .           .           .     
row 36:       .           .           .           .           .           .           .           .     
row 37:       .           .           .           .           .           .           .           .     
row 38:       .           .           .           .           .           .           .           .     
row 39:       .           .           .           .           .           .           .           .     
row 40:       .           .           .           .           .           .           .           .     
row 41:       .           .           .           .           .           .           .           .     
row 42:       .           .           .           .           .           .           .           .     
row 43:       .           .           .           .           .           .           .           .     
row 44:       .           .           .           .           .           .           .           .     
row 45:       .           .           .           .           .           .           .           .     
row 46:       .           .           .           .           .           .           .           .     
row 47:       .           .           .           .           .           .           .           .     
row 48:       .           .           .           .           .           .           .           .     
row 49:       .           .           .           .           .           .           .           .     
row 50:       .           .           .           .           .           .           .           .     
row 51:       .           .           .           .           .           .           .           .     
row 52:       .           .           .           .           .           .           .           .     
row 53:       .           .           .           .           .           .           .           .     
row 54:       .           .           .           .           .           .           .           .     
row 55:       .           .           .           .           .           .           .           .     
row 56:       .           .           .           .           .           .           .           .     
row 57:       .           .           .           .           .           .           .           .     
row 58:       .           .           .           .           .           .           .           .     
row 59:       .           .           .           .           .           .           .           .     
row 60:       .           .           .           .           .           .           .           .     
row 61:       .           .           .           .           .           .           .           .     
row 62:       .           .           .           .           .           .           .           .     
row 63:       .           .           .           .           .           .           .           .     
row 64:       .           .           .           .           .           .           .           .     
row 65:       .           .           .           .           .           .           .           .     
row 66:       .           .           .           .           .           .           .           .     
row 67:       .           .           .           .           .           .           .           .     
row 68:       .           .           .           .           .           .           .           .     
row 69:       .           .           .           .           .           .           .           .     
row 70:       .           .           .           .           .           .           .           .     
row 71:       .           .           .           .           .           .           .           .     
row 72:       .           .           .           .           .           .           .           .     
row 73:       .           .           .           .           .           .           .           .     
row 74:       .           .           .           .           .           .           .           .     
row 75:       .           .           .           .           .           .           .           .     
row 76:       .           .           .           .           .           .           .           .     
row 77:       .           .           .           .           .           .           .           .     
row 78:       .           .           .           .           .           .           .           .     
row 79:       .           .           .           .           .           .           .           .     
row 80:       .           .           .           .           .           .           .           .     
row 81:       .           .           .           .           .           .           .           .     
row 82:       .           .           .           .           .           .           .           .     
row 83:       .           .           .           .           .           .           .           .     
row 84:       .           .           .           .           .           .           .           .     
row 85:       .           .           .           .           .           .           .           .     
row 86:       .           .           .           .           .           .           .           .     
row 87:       .           .           .           .           .           .           .           .     
row 88:       .           .           .           .           .           .           .           .     
row 89:       .           .           .           .           .           .           .           .     
row 90:       .           .           .           .           .           .           .           .     
row 91:       .           .           .           .           .           .           .           .     
row 92:       .           .           .           .           .           .           .           .     
row 93:       .           .           .           .           .           .           .           .     
row 94:       .           .           .           .           .           .           .           .     
row 95:       .           .           .           .           .           .           .           .     
row 96:       .           .           .           .           .           .           .           .     
row 97:       .           .           .           .           .           .           .           .     
row 98:       .           .           .           .           .           .           .           .     
row 99:       .           .           .           .           .           .           .           .     
row 100:       .           .           .           .           .           .           .           .     
row 101:       .           .           .           .           .           .           .           .     
row 102:       .           .           .           .           .           .           .           .     
row 103:       .           .           .           .           .           .           .           .     
row 104:       .           .           .           .           .           .           .           .     
row 105:       .           .           .           .           .           .           .           .     
row 106:       .           .           .           .           .           .           .           .     
row 107:       .           .           .           .           .           .           .           .     
row 108:       .           .           .           .           .           .           .           .     
row 109:       .           .           .           .           .           .           .           .     
row 110:       .           .           .           .           .           .           .           .     
row 111:       .           .           .           .           .           .           .           .     
row 112:       .           .           .           .           .           .           .           .     
row 113:       .           .           .           .           .           .           .           .     
row 114:       .           .           .           .           .           .           .           .     
row 115:       .           .           .           .           .           .           .           .     
row 116:       .           .           .           .           .           .           .           .     
row 117:       .           .           .           .           .           .           .           .     
row 118:       .           .           .           .           .           .           .           .     
row 119:       .           .           .           .           .           .           .           .     
row 120:       .           .           .           .           .           .           .           .     
row 121:       .           .           .           .           .           .           .           .     
row 122:       .           .           .           .           .           .           .           .     
row 123:       .           .           .           .           .           .           .           .     
row 124:       .           .           .           .           .           .           .           .     
row 125:       .           .           .           .           .           .           .           .     
row 126:       .           .           .           .           .           .           .           .     
row 127:       .           .           .           .           .           .           .           .     
row 128:       .           .           .           .           .           .           .           .     
row 129:       .           .           .           .           .           .           .           .     
row 130:       .           .           .           .           .           .           .           .     
row 131:       .           .           .           .           .           .           .           .     
row 132:       .           .           .           .           .           .           .           .     
row 133:       .           .           .           .           .           .           .           .     
row 134:       .           .           .           .           .           .           .           .     
row 135:       .           .           .           .           .           .           .           .     
row 136:       .           .           .           .           .           .           .           .     
row 137:       .           .           .           .           .           .           .           .     
row 138:       .           .           .           .           .           .           .           .     
row 139:       .           .           .           .           .           .           .           .     
row 140:       .           .           .           .           .           .           .           .     
row 141:       .           .           .           .           .           .           .           .     
row 142:       .           .           .           .           .           .           .           .     
row 143:       .           .           .           .           .           .           .           .     
row 144:       .           .           .           .           .           .           .           .     
row 145:       .           .           .           .           .           .           .           .     
row 146:       .           .           .           .           .           .           .           .     
row 147:       .           .           .           .           .           .           .           .     
row 148:       .           .           .           .           .           .           .           .     
row 149:       .           .           .           .           .           .           .           .     
row 150:       .           .           .           .           .           .           .           .     
row 151:       .           .           .           .           .           .           .           .     
row 152:       .           .           .           .           .           .           .           .     
row 153:       .           .           .           .           .           .           .           .     
row 154:       .           .           .           .           .           .           .           .     
row 155:       .           .           .           .           .           .           .           .     
row 156:       .           .           .           .           .           .           .           .     
row 157:       .           .           .           .           .           .           .           .     
row 158:       .           .           .           .           .           .           .           .     
row 159:       .           .           .           .           .           .           .           .     
row 160:       .           .           .           .           .           .           .           .     
row 161:       .           .           .           .           .           .           .           .     
row 162:       .           .           .           .           .           .           .           .     
row 163:       .           .           .           .           .           .           .           .     
row 164:       .           .           .           .           .           .           .           .     
row 165:       .           .           .           .           .           .           .           .     
row 166:       .           .           .           .           .           .           .           .     
row 167:       .           .           .           .           .           .           .           .     
row 168:       .           .           .           .           .           .           .           .     
row 169:       .           .           .           .           .           .           .           .     
row 170:       .           .           .           .           .           .           .           .     
row 171:       .           .           .           .           .           .           .           .     
row 172:       .           .           .           .           .           .           .           .     
row 173:       .           .           .           .           .           .           .           .     
row 174:       .           .           .           .           .           .           .           .     
row 175:       .           .           .           .           .           .           .           .     
row 176:       .           .           .           .           .           .           .           .     
row 177:       .           .           .           .           .           .           .           .     
row 178:       .           .           .           .           .           .           .           .     
row 179:       .           .           .           .           .           .           .           .     
row 180:       .           .           .           .           .           .           .           .     
row 181:       .           .           .           .           .           .           .           .     
row 182:       .           .           .           .           .           .           .           .     
row 183:       .           .           .           .           .           .           .           .     
row 184:       .           .           .           .           .           .           .           .     
row 185:       .           .           .           .           .           .           .           .     
row 186:       .           .           .           .           .           .           .           .     
row 187:       .           .           .           .           .           .           .           .     
row 188:       .           .           .           .           .           .           .           .     
row 189:       .           .           .           .           .           .           .           .     
row 190:       .           .           .           .           .           .           .           .     
row 191:       .           .           .           .           .           .           .           .     
row 192:       .           .           .           .           .           .           .           .     
row 193:       .           .           .           .           .           .           .           .     
row 194:       .           .           .           .           .           .           .           .     
row 195:       .           .           .           .           .           .           .           .     
row 196:       .           .           .           .           .           .           .           .     
row 197:       .           .           .           .           .           .           .           .     
row 198:       .           .           .           .           .           .           .           .     
row 199:       .           .           .           .           .           .           .           .     
row 200:       .           .           .           .           .           .           .           .     
row 201:       .           .           .           .           .           .           .           .     
row 202:       .           .           .           .           .           .           .           .     
row 203:       .           .           .           .           .           .           .           .     
row 204:       .           .           .           .           .           .           .           .     
row 205:       .           .           .           .           .           .           .           .     
row 206:       .           .           .           .           .           .           .           .     
row 207:       .           .           .           .           .           .           .           .     
row 208:       .           .           .           .           .           .           .           .     
row 209:       .           .           .           .           .           .           .           .     
row 210:       .           .           .           .           .           .           .           .     
row 211:       .           .           .           .           .           .           .           .     
row 212:       .           .           .           .           .           .           .           .     
row 213:       .           .           .           .           .           .           .           .     
row 214:       .           .           .           .           .           .           .           .     
row 215:       .           .           .           .           .           .           .           .     
row 216:       .           .           .           .           .           .           .           .     
row 217:       .           .           .           .           .           .           .           .     
row 218:       .           .           .           .           .           .           .           .     
row 219:       .           .           .           .           .           .           .           .     
row 220:       .           .           .           .           .           .           .           .     
row 221:       .           .           .           .           .           .           .           .     
row 222:       .           .           .           .           .           .           .           .     
row 223:       .           .           .           .           .           .           .           .     
row 224:       .           .           .           .           .           .           .           .     
row 225:       .           .           .           .           .           .           .           .     
row 226:       .           .           .           .           .           .           .           .     
row 227:       .           .           .           .           .           .           .           .     
row 228:       .           .           .           .           .           .           .           .     
row 229:       .           .           .           .           .           .           .           .     
row 230:       .           .           .           .           .           .           .           .     
row 231:       .           .           .           .           .           .           .           .     
row 232:       .           .           .           .           .           .           .           .     
row 233:       .           .           .           .           .           .           .           .     
row 234:       .           .           .           .           .           .           .           .     
row 235:       .           .           .           .           .           .           .           .     
row 236:       .           .           .           .           .           .           .           .     
row 237:       .           .           .           .           .           .           .           .     
row 238:       .           .           .           .           .           .           .           .     
row 239:       .           .           .           .           .           .           .           .     
row 240:       .           .           .           .           .           .           .           .     
row 241:       .           .           .           .           .           .           .           .     
row 242:       .           .           .           .           .           .           .           .     
row 243:       .           .           .           .           .           .           .           .     
row 244:       .           .           .           .           .           .           .           .     
row 245:       .           .           .           .           .           .           .           .     
row 246:       .           .           .           .           .           .           .           .     
row 247:       .           .           .           .           .           .           .           .     
row 248:       .           .           .           .           .           .           .           .     
row 249:       .           .           .           .           .           .           .           .     
row 250:       .           .           .           .           .           .           .           .     
row 251:       .           .           .           .           .           .           .           .     
row 252:  (   9,   4)      .           .           .      (  17, -14) (  11, -17) (   5, -20) (  -1, -23)
row 253:       .      (  18,   8)      .           .      (  38, -26) (  34, -28) (  20, -40) (   6, -52)
row 254:       .           .      (  30,   0)      .      (  59, -38) (  52, -44) (  30, -60) (   8, -76)
row 255:       .           .           .      (  42, -16) (  80, -50) (  70, -60) (  40, -80) (  10,-100)


  256x8 GraphBLAS gauss matrix, sparse by col
  Z, 40 entries, memory: 928 bytes

    (0,0) [user-defined value]
    (1,0) [user-defined value]
    (2,0) [user-defined value]
    (3,0) [user-defined value]
    (252,0) [user-defined value]
    (0,1) [user-defined value]
    (1,1) [user-defined value]
    (2,1) [user-defined value]
    (3,1) [user-defined value]
    (253,1) [user-defined value]
    (0,2) [user-defined value]
    (1,2) [user-defined value]
    (2,2) [user-defined value]
    (3,2) [user-defined value]
    (254,2) [user-defined value]
    (0,3) [user-defined value]
    (1,3) [user-defined value]
    (2,3) [user-defined value]
    (3,3) [user-defined value]
    (255,3) [user-defined value]
    (0,4) [user-defined value]
    (252,4) [user-defined value]
    (253,4) [user-defined value]
    (254,4) [user-defined value]
    (255,4) [user-defined value]
    (1,5) [user-defined value]
    (252,5) [user-defined value]
    (253,5) [user-defined value]
    (254,5) [user-defined value]
    (255,5) [user-defined value]
    (2,6) [user-defined value]
    (252,6) [user-defined value]
    (253,6) [user-defined value]
    (254,6) [user-defined value]
    (255,6) [user-defined value]
    (3,7) [user-defined value]
    (252,7) [user-defined value]
    (253,7) [user-defined value]
    (254,7) [user-defined value]
    (255,7) [user-defined value]

 [ GxB_Matrix_split (sparse/hyper split) 
   4.43e-05 sec ]


=============== C Tile from Z:

size: 128-by-3
row  0:  (  17, -14) (  11, -17) (   5, -20)
row  1:  (  38, -26) (  34, -28) (  20, -40)
row  2:  (  59, -38) (  52, -44) (  30, -60)
row  3:  (  80, -50) (  70, -60) (  40, -80)
row  4:       .           .           .     
row  5:       .           .           .     
row  6:       .           .           .     
row  7:       .           .           .     
row  8:       .           .           .     
row  9:       .           .           .     
row 10:       .           .           .     
row 11:       .           .           .     
row 12:       .           .           .     
row 13:       .           .           .     
row 14:       .           .           .     
row 15:       .           .           .     
row 16:       .           .           .     
row 17:       .           .           .     
row 18:       .           .           .     
row 19:       .           .           .     
row 20:       .           .           .     
row 21:       .           .           .     
row 22:       .           .           .     
row 23:       .           .           .     
row 24:       .           .           .     
row 25:       .           .           .     
row 26:       .           .           .     
row 27:       .           .           .     
row 28:       .           .           .     
row 29:       .           .           .     
row 30:       .           .           .     
row 31:       .           .           .     
row 32:       .           .           .     
row 33:       .           .           .     
row 34:       .           .           .     
row 35:       .           .           .     
row 36:       .           .           .     
row 37:       .           .           .     
row 38:       .           .           .     
row 39:       .           .           .     
row 40:       .           .           .     
row 41:       .           .           .     
row 42:       .           .           .     
row 43:       .           .           .     
row 44:       .           .           .     
row 45:       .           .           .     
row 46:       .           .           .     
row 47:       .           .           .     
row 48:       .           .           .     
row 49:       .           .           .     
row 50:       .           .           .     
row 51:       .           .           .     
row 52:       .           .           .     
row 53:       .           .           .     
row 54:       .           .           .     
row 55:       .           .           .     
row 56:       .           .           .     
row 57:       .           .           .     
row 58:       .           .           .     
row 59:       .           .           .     
row 60:       .           .           .     
row 61:       .           .           .     
row 62:       .           .           .     
row 63:       .           .           .     
row 64:       .           .           .     
row 65:       .           .           .     
row 66:       .           .           .     
row 67:       .           .           .     
row 68:       .           .           .     
row 69:       .           .           .     
row 70:       .           .           .     
row 71:       .           .           .     
row 72:       .           .           .     
row 73:       .           .           .     
row 74:       .           .           .     
row 75:       .           .           .     
row 76:       .           .           .     
row 77:       .           .           .     
row 78:       .           .           .     
row 79:       .           .           .     
row 80:       .           .           .     
row 81:       .           .           .     
row 82:       .           .           .     
row 83:       .           .           .     
row 84:       .           .           .     
row 85:       .           .           .     
row 86:       .           .           .     
row 87:       .           .           .     
row 88:       .           .           .     
row 89:       .           .           .     
row 90:       .           .           .     
row 91:       .           .           .     
row 92:       .           .           .     
row 93:       .           .           .     
row 94:       .           .           .     
row 95:       .           .           .     
row 96:       .           .           .     
row 97:       .           .           .     
row 98:       .           .           .     
row 99:       .           .           .     
row 100:       .           .           .     
row 101:       .           .           .     
row 102:       .           .           .     
row 103:       .           .           .     
row 104:       .           .           .     
row 105:       .           .           .     
row 106:       .           .           .     
row 107:       .           .           .     
row 108:       .           .           .     
row 109:       .           .           .     
row 110:       .           .           .     
row 111:       .           .           .     
row 112:       .           .           .     
row 113:       .           .           .     
row 114:       .           .           .     
row 115:       .           .           .     
row 116:       .           .           .     
row 117:       .           .           .     
row 118:       .           .           .     
row 119:       .           .           .     
row 120:       .           .           .     
row 121:       .           .           .     
row 122:       .           .           .     
row 123:       .           .           .     
row 124:       .           .           .     
row 125:       .           .           .     
row 126:       .           .           .     
row 127:       .           .           .     


  128x3 GraphBLAS gauss matrix, sparse by col
  CTiles [k], 12 entries, memory: 440 bytes

    (0,0) [user-defined value]
    (1,0) [user-defined value]
    (2,0) [user-defined value]
    (3,0) [user-defined value]
    (0,1) [user-defined value]
    (1,1) [user-defined value]
    (2,1) [user-defined value]
    (3,1) [user-defined value]
    (0,2) [user-defined value]
    (1,2) [user-defined value]
    (2,2) [user-defined value]
    (3,2) [user-defined value]



=============== C Tile from Z:

size: 128-by-5
row  0:  (  -1, -23) (   9,   4)      .           .           .     
row  1:  (   6, -52)      .      (  18,   8)      .           .     
row  2:  (   8, -76)      .           .      (  30,   0)      .     
row  3:  (  10,-100)      .           .           .      (  42, -16)
row  4:       .           .           .           .           .     
row  5:       .           .           .           .           .     
row  6:       .           .           .           .           .     
row  7:       .           .           .           .           .     
row  8:       .           .           .           .           .     
row  9:       .           .           .           .           .     
row 10:       .           .           .           .           .     
row 11:       .           .           .           .           .     
row 12:       .           .           .           .           .     
row 13:       .           .           .           .           .     
row 14:       .           .           .           .           .     
row 15:       .           .           .           .           .     
row 16:       .           .           .           .           .     
row 17:       .           .           .           .           .     
row 18:       .           .           .           .           .     
row 19:       .           .           .           .           .     
row 20:       .           .           .           .           .     
row 21:       .           .           .           .           .     
row 22:       .           .           .           .           .     
row 23:       .           .           .           .           .     
row 24:       .           .           .           .           .     
row 25:       .           .           .           .           .     
row 26:       .           .           .           .           .     
row 27:       .           .           .           .           .     
row 28:       .           .           .           .           .     
row 29:       .           .           .           .           .     
row 30:       .           .           .           .           .     
row 31:       .           .           .           .           .     
row 32:       .           .           .           .           .     
row 33:       .           .           .           .           .     
row 34:       .           .           .           .           .     
row 35:       .           .           .           .           .     
row 36:       .           .           .           .           .     
row 37:       .           .           .           .           .     
row 38:       .           .           .           .           .     
row 39:       .           .           .           .           .     
row 40:       .           .           .           .           .     
row 41:       .           .           .           .           .     
row 42:       .           .           .           .           .     
row 43:       .           .           .           .           .     
row 44:       .           .           .           .           .     
row 45:       .           .           .           .           .     
row 46:       .           .           .           .           .     
row 47:       .           .           .           .           .     
row 48:       .           .           .           .           .     
row 49:       .           .           .           .           .     
row 50:       .           .           .           .           .     
row 51:       .           .           .           .           .     
row 52:       .           .           .           .           .     
row 53:       .           .           .           .           .     
row 54:       .           .           .           .           .     
row 55:       .           .           .           .           .     
row 56:       .           .           .           .           .     
row 57:       .           .           .           .           .     
row 58:       .           .           .           .           .     
row 59:       .           .           .           .           .     
row 60:       .           .           .           .           .     
row 61:       .           .           .           .           .     
row 62:       .           .           .           .           .     
row 63:       .           .           .           .           .     
row 64:       .           .           .           .           .     
row 65:       .           .           .           .           .     
row 66:       .           .           .           .           .     
row 67:       .           .           .           .           .     
row 68:       .           .           .           .           .     
row 69:       .           .           .           .           .     
row 70:       .           .           .           .           .     
row 71:       .           .           .           .           .     
row 72:       .           .           .           .           .     
row 73:       .           .           .           .           .     
row 74:       .           .           .           .           .     
row 75:       .           .           .           .           .     
row 76:       .           .           .           .           .     
row 77:       .           .           .           .           .     
row 78:       .           .           .           .           .     
row 79:       .           .           .           .           .     
row 80:       .           .           .           .           .     
row 81:       .           .           .           .           .     
row 82:       .           .           .           .           .     
row 83:       .           .           .           .           .     
row 84:       .           .           .           .           .     
row 85:       .           .           .           .           .     
row 86:       .           .           .           .           .     
row 87:       .           .           .           .           .     
row 88:       .           .           .           .           .     
row 89:       .           .           .           .           .     
row 90:       .           .           .           .           .     
row 91:       .           .           .           .           .     
row 92:       .           .           .           .           .     
row 93:       .           .           .           .           .     
row 94:       .           .           .           .           .     
row 95:       .           .           .           .           .     
row 96:       .           .           .           .           .     
row 97:       .           .           .           .           .     
row 98:       .           .           .           .           .     
row 99:       .           .           .           .           .     
row 100:       .           .           .           .           .     
row 101:       .           .           .           .           .     
row 102:       .           .           .           .           .     
row 103:       .           .           .           .           .     
row 104:       .           .           .           .           .     
row 105:       .           .           .           .           .     
row 106:       .           .           .           .           .     
row 107:       .           .           .           .           .     
row 108:       .           .           .           .           .     
row 109:       .           .           .           .           .     
row 110:       .           .           .           .           .     
row 111:       .           .           .           .           .     
row 112:       .           .           .           .           .     
row 113:       .           .           .           .           .     
row 114:       .           .           .           .           .     
row 115:       .           .           .           .           .     
row 116:       .           .           .           .           .     
row 117:       .           .           .           .           .     
row 118:       .           .           .           .           .     
row 119:       .           .           .           .           .     
row 120:       .           .           .           .           .     
row 121:       .           .           .           .           .     
row 122:       .           .           .           .           .     
row 123:       .           .           .           .           .     
row 124:       .           .           .           .           .     
row 125:       .           .           .           .           .     
row 126:       .           .           .           .           .     
row 127:       .           .           .           .           .     


  128x5 GraphBLAS gauss matrix, sparse by col
  CTiles [k], 8 entries, memory: 392 bytes

    (0,0) [user-defined value]
    (1,0) [user-defined value]
    (2,0) [user-defined value]
    (3,0) [user-defined value]
    (0,1) [user-defined value]
    (1,2) [user-defined value]
    (2,3) [user-defined value]
    (3,4) [user-defined value]



=============== C Tile from Z:

size: 128-by-3
row  0:       .           .           .     
row  1:       .           .           .     
row  2:       .           .           .     
row  3:       .           .           .     
row  4:       .           .           .     
row  5:       .           .           .     
row  6:       .           .           .     
row  7:       .           .           .     
row  8:       .           .           .     
row  9:       .           .           .     
row 10:       .           .           .     
row 11:       .           .           .     
row 12:       .           .           .     
row 13:       .           .           .     
row 14:       .           .           .     
row 15:       .           .           .     
row 16:       .           .           .     
row 17:       .           .           .     
row 18:       .           .           .     
row 19:       .           .           .     
row 20:       .           .           .     
row 21:       .           .           .     
row 22:       .           .           .     
row 23:       .           .           .     
row 24:       .           .           .     
row 25:       .           .           .     
row 26:       .           .           .     
row 27:       .           .           .     
row 28:       .           .           .     
row 29:       .           .           .     
row 30:       .           .           .     
row 31:       .           .           .     
row 32:       .           .           .     
row 33:       .           .           .     
row 34:       .           .           .     
row 35:       .           .           .     
row 36:       .           .           .     
row 37:       .           .           .     
row 38:       .           .           .     
row 39:       .           .           .     
row 40:       .           .           .     
row 41:       .           .           .     
row 42:       .           .           .     
row 43:       .           .           .     
row 44:       .           .           .     
row 45:       .           .           .     
row 46:       .           .           .     
row 47:       .           .           .     
row 48:       .           .           .     
row 49:       .           .           .     
row 50:       .           .           .     
row 51:       .           .           .     
row 52:       .           .           .     
row 53:       .           .           .     
row 54:       .           .           .     
row 55:       .           .           .     
row 56:       .           .           .     
row 57:       .           .           .     
row 58:       .           .           .     
row 59:       .           .           .     
row 60:       .           .           .     
row 61:       .           .           .     
row 62:       .           .           .     
row 63:       .           .           .     
row 64:       .           .           .     
row 65:       .           .           .     
row 66:       .           .           .     
row 67:       .           .           .     
row 68:       .           .           .     
row 69:       .           .           .     
row 70:       .           .           .     
row 71:       .           .           .     
row 72:       .           .           .     
row 73:       .           .           .     
row 74:       .           .           .     
row 75:       .           .           .     
row 76:       .           .           .     
row 77:       .           .           .     
row 78:       .           .           .     
row 79:       .           .           .     
row 80:       .           .           .     
row 81:       .           .           .     
row 82:       .           .           .     
row 83:       .           .           .     
row 84:       .           .           .     
row 85:       .           .           .     
row 86:       .           .           .     
row 87:       .           .           .     
row 88:       .           .           .     
row 89:       .           .           .     
row 90:       .           .           .     
row 91:       .           .           .     
row 92:       .           .           .     
row 93:       .           .           .     
row 94:       .           .           .     
row 95:       .           .           .     
row 96:       .           .           .     
row 97:       .           .           .     
row 98:       .           .           .     
row 99:       .           .           .     
row 100:       .           .           .     
row 101:       .           .           .     
row 102:       .           .           .     
row 103:       .           .           .     
row 104:       .           .           .     
row 105:       .           .           .     
row 106:       .           .           .     
row 107:       .           .           .     
row 108:       .           .           .     
row 109:       .           .           .     
row 110:       .           .           .     
row 111:       .           .           .     
row 112:       .           .           .     
row 113:       .           .           .     
row 114:       .           .           .     
row 115:       .           .           .     
row 116:       .           .           .     
row 117:       .           .           .     
row 118:       .           .           .     
row 119:       .           .           .     
row 120:       .           .           .     
row 121:       .           .           .     
row 122:       .           .           .     
row 123:       .           .           .     
row 124:  (   9,   4)      .           .     
row 125:       .      (  18,   8)      .     
row 126:       .           .      (  30,   0)
row 127:       .           .           .     


  128x3 GraphBLAS gauss matrix, sparse by col
  CTiles [k], 3 entries, memory: 296 bytes

    (124,0) [user-defined value]
    (125,1) [user-defined value]
    (126,2) [user-defined value]



=============== C Tile from Z:

size: 128-by-5
row  0:       .           .           .           .           .     
row  1:       .           .           .           .           .     
row  2:       .           .           .           .           .     
row  3:       .           .           .           .           .     
row  4:       .           .           .           .           .     
row  5:       .           .           .           .           .     
row  6:       .           .           .           .           .     
row  7:       .           .           .           .           .     
row  8:       .           .           .           .           .     
row  9:       .           .           .           .           .     
row 10:       .           .           .           .           .     
row 11:       .           .           .           .           .     
row 12:       .           .           .           .           .     
row 13:       .           .           .           .           .     
row 14:       .           .           .           .           .     
row 15:       .           .           .           .           .     
row 16:       .           .           .           .           .     
row 17:       .           .           .           .           .     
row 18:       .           .           .           .           .     
row 19:       .           .           .           .           .     
row 20:       .           .           .           .           .     
row 21:       .           .           .           .           .     
row 22:       .           .           .           .           .     
row 23:       .           .           .           .           .     
row 24:       .           .           .           .           .     
row 25:       .           .           .           .           .     
row 26:       .           .           .           .           .     
row 27:       .           .           .           .           .     
row 28:       .           .           .           .           .     
row 29:       .           .           .           .           .     
row 30:       .           .           .           .           .     
row 31:       .           .           .           .           .     
row 32:       .           .           .           .           .     
row 33:       .           .           .           .           .     
row 34:       .           .           .           .           .     
row 35:       .           .           .           .           .     
row 36:       .           .           .           .           .     
row 37:       .           .           .           .           .     
row 38:       .           .           .           .           .     
row 39:       .           .           .           .           .     
row 40:       .           .           .           .           .     
row 41:       .           .           .           .           .     
row 42:       .           .           .           .           .     
row 43:       .           .           .           .           .     
row 44:       .           .           .           .           .     
row 45:       .           .           .           .           .     
row 46:       .           .           .           .           .     
row 47:       .           .           .           .           .     
row 48:       .           .           .           .           .     
row 49:       .           .           .           .           .     
row 50:       .           .           .           .           .     
row 51:       .           .           .           .           .     
row 52:       .           .           .           .           .     
row 53:       .           .           .           .           .     
row 54:       .           .           .           .           .     
row 55:       .           .           .           .           .     
row 56:       .           .           .           .           .     
row 57:       .           .           .           .           .     
row 58:       .           .           .           .           .     
row 59:       .           .           .           .           .     
row 60:       .           .           .           .           .     
row 61:       .           .           .           .           .     
row 62:       .           .           .           .           .     
row 63:       .           .           .           .           .     
row 64:       .           .           .           .           .     
row 65:       .           .           .           .           .     
row 66:       .           .           .           .           .     
row 67:       .           .           .           .           .     
row 68:       .           .           .           .           .     
row 69:       .           .           .           .           .     
row 70:       .           .           .           .           .     
row 71:       .           .           .           .           .     
row 72:       .           .           .           .           .     
row 73:       .           .           .           .           .     
row 74:       .           .           .           .           .     
row 75:       .           .           .           .           .     
row 76:       .           .           .           .           .     
row 77:       .           .           .           .           .     
row 78:       .           .           .           .           .     
row 79:       .           .           .           .           .     
row 80:       .           .           .           .           .     
row 81:       .           .           .           .           .     
row 82:       .           .           .           .           .     
row 83:       .           .           .           .           .     
row 84:       .           .           .           .           .     
row 85:       .           .           .           .           .     
row 86:       .           .           .           .           .     
row 87:       .           .           .           .           .     
row 88:       .           .           .           .           .     
row 89:       .           .           .           .           .     
row 90:       .           .           .           .           .     
row 91:       .           .           .           .           .     
row 92:       .           .           .           .           .     
row 93:       .           .           .           .           .     
row 94:       .           .           .           .           .     
row 95:       .           .           .           .           .     
row 96:       .           .           .           .           .     
row 97:       .           .           .           .           .     
row 98:       .           .           .           .           .     
row 99:       .           .           .           .           .     
row 100:       .           .           .           .           .     
row 101:       .           .           .           .           .     
row 102:       .           .           .           .           .     
row 103:       .           .           .           .           .     
row 104:       .           .           .           .           .     
row 105:       .           .           .           .           .     
row 106:       .           .           .           .           .     
row 107:       .           .           .           .           .     
row 108:       .           .           .           .           .     
row 109:       .           .           .           .           .     
row 110:       .           .           .           .           .     
row 111:       .           .           .           .           .     
row 112:       .           .           .           .           .     
row 113:       .           .           .           .           .     
row 114:       .           .           .           .           .     
row 115:       .           .           .           .           .     
row 116:       .           .           .           .           .     
row 117:       .           .           .           .           .     
row 118:       .           .           .           .           .     
row 119:       .           .           .           .           .     
row 120:       .           .           .           .           .     
row 121:       .           .           .           .           .     
row 122:       .           .           .           .           .     
row 123:       .           .           .           .           .     
row 124:       .      (  17, -14) (  11, -17) (   5, -20) (  -1, -23)
row 125:       .      (  38, -26) (  34, -28) (  20, -40) (   6, -52)
row 126:       .      (  59, -38) (  52, -44) (  30, -60) (   8, -76)
row 127:  (  42, -16) (  80, -50) (  70, -60) (  40, -80) (  10,-100)


  128x5 GraphBLAS gauss matrix, sparse by col
  CTiles [k], 17 entries, memory: 536 bytes

    (127,0) [user-defined value]
    (124,1) [user-defined value]
    (125,1) [user-defined value]
    (126,1) [user-defined value]
    (127,1) [user-defined value]
    (124,2) [user-defined value]
    (125,2) [user-defined value]
    (126,2) [user-defined value]
    (127,2) [user-defined value]
    (124,3) [user-defined value]
    (125,3) [user-defined value]
    (126,3) [user-defined value]
    (127,3) [user-defined value]
    (124,4) [user-defined value]
    (125,4) [user-defined value]
    (126,4) [user-defined value]
    (127,4) [user-defined value]

 [ GxB_set (in-place transpose) (transpose) 
   1.28e-05 sec ]
 [ GxB_Matrix_concat (bitmap concat) (transpose) (bitmap/full transpose) (transpose) (transpose) (1-thread bucket transpose) (transpose) (1-thread bucket transpose) (transpose) (transpose) (bitmap/full transpose) 
   9.46e-05 sec ]


=============== Z = [C D ; E E ; D C]
size: 16-by-8
row  0:  (  17, -14) (  11, -17) (   5, -20) (  -1, -23) (   9,   4)      .           .           .     
row  1:  (  38, -26) (  34, -28) (  20, -40) (   6, -52)      .      (  18,   8)      .           .     
row  2:  (  59, -38) (  52, -44) (  30, -60) (   8, -76)      .           .      (  30,   0)      .     
row  3:  (  80, -50) (  70, -60) (  40, -80) (  10,-100)      .           .           .      (  42, -16)
row  4:       .           .           .           .           .           .           .           .     
row  5:       .           .           .           .           .           .           .           .     
row  6:       .           .           .           .           .           .           .           .     
row  7:       .           .           .           .           .           .           .           .     
row  8:       .           .           .           .           .           .           .           .     
row  9:       .           .           .           .           .           .           .           .     
row 10:       .           .           .           .           .           .           .           .     
row 11:       .           .           .           .           .           .           .           .     
row 12:  (   9,   4)      .           .           .      (  17, -14) (  11, -17) (   5, -20) (  -1, -23)
row 13:       .      (  18,   8)      .           .      (  38, -26) (  34, -28) (  20, -40) (   6, -52)
row 14:       .           .      (  30,   0)      .      (  59, -38) (  52, -44) (  30, -60) (   8, -76)
row 15:       .           .           .      (  42, -16) (  80, -50) (  70, -60) (  40, -80) (  10,-100)


  16x8 GraphBLAS gauss matrix, bitmap by col
  Z, 40 entries, memory: 1.3 KB

    (0,0) [user-defined value]
    (1,0) [user-defined value]
    (2,0) [user-defined value]
    (3,0) [user-defined value]
    (12,0) [user-defined value]
    (0,1) [user-defined value]
    (1,1) [user-defined value]
    (2,1) [user-defined value]
    (3,1) [user-defined value]
    (13,1) [user-defined value]
    (0,2) [user-defined value]
    (1,2) [user-defined value]
    (2,2) [user-defined value]
    (3,2) [user-defined value]
    (14,2) [user-defined value]
    (0,3) [user-defined value]
    (1,3) [user-defined value]
    (2,3) [user-defined value]
    (3,3) [user-defined value]
    (15,3) [user-defined value]
    (0,4) [user-defined value]
    (12,4) [user-defined value]
    (13,4) [user-defined value]
    (14,4) [user-defined value]
    (15,4) [user-defined value]
    (1,5) [user-defined value]
    (12,5) [user-defined value]
    (13,5) [user-defined value]
    (14,5) [user-defined value]
    (15,5) [user-defined value]
    (2,6) [user-defined value]
    (12,6) [user-defined value]
    (13,6) [user-defined value]
    (14,6) [user-defined value]
    (15,6) [user-defined value]
    (3,7) [user-defined value]
    (12,7) [user-defined value]
    (13,7) [user-defined value]
    (14,7) [user-defined value]
    (15,7) [user-defined value]

 [ GxB_Matrix_split (bitmap split) 
   2.23e-05 sec ]


=============== C Tile from Z:

size: 8-by-3
row  0:  (  17, -14) (  11, -17) (   5, -20)
row  1:  (  38, -26) (  34, -28) (  20, -40)
row  2:  (  59, -38) (  52, -44) (  30, -60)
row  3:  (  80, -50) (  70, -60) (  40, -80)
row  4:       .           .           .     
row  5:       .           .           .     
row  6:       .           .           .     
row  7:       .           .           .     


  8x3 GraphBLAS gauss matrix, bitmap by col
  CTiles [k], 12 entries, memory: 432 bytes

    (0,0) [user-defined value]
    (1,0) [user-defined value]
    (2,0) [user-defined value]
    (3,0) [user-defined value]
    (0,1) [user-defined value]
    (1,1) [user-defined value]
    (2,1) [user-defined value]
    (3,1) [user-defined value]
    (0,2) [user-defined value]
    (1,2) [user-defined value]
    (2,2) [user-defined value]
    (3,2) [user-defined value]



=============== C Tile from Z:

size: 8-by-5
row  0:  (  -1, -23) (   9,   4)      .           .           .     
row  1:  (   6, -52)      .      (  18,   8)      .           .     
row  2:  (   8, -76)      .           .      (  30,   0)      .     
row  3:  (  10,-100)      .           .           .      (  42, -16)
row  4:       .           .           .           .           .     
row  5:       .           .           .           .           .     
row  6:       .           .           .           .           .     
row  7:       .           .           .           .           .     


  8x5 GraphBLAS gauss matrix, bitmap by col
  CTiles [k], 8 entries, memory: 576 bytes

    (0,0) [user-defined value]
    (1,0) [user-defined value]
    (2,0) [user-defined value]
    (3,0) [user-defined value]
    (0,1) [user-defined value]
    (1,2) [user-defined value]
    (2,3) [user-defined value]
    (3,4) [user-defined value]



=============== C Tile from Z:

size: 8-by-3
row  0:       .           .           .     
row  1:       .           .           .     
row  2:       .           .           .     
row  3:       .           .           .     
row  4:  (   9,   4)      .           .     
row  5:       .      (  18,   8)      .     
row  6:       .           .      (  30,   0)
row  7:       .           .           .     


  8x3 GraphBLAS gauss matrix, bitmap by col
  CTiles [k], 3 entries, memory: 432 bytes

    (4,0) [user-defined value]
    (5,1) [user-defined value]
    (6,2) [user-defined value]



=============== C Tile from Z:

size: 8-by-5
row  0:       .           .           .           .           .     
row  1:       .           .           .           .           .     
row  2:       .           .           .           .           .     
row  3:       .           .           .           .           .     
row  4:       .      (  17, -14) (  11, -17) (   5, -20) (  -1, -23)
row  5:       .      (  38, -26) (  34, -28) (  20, -40) (   6, -52)
row  6:       .      (  59, -38) (  52, -44) (  30, -60) (   8, -76)
row  7:  (  42, -16) (  80, -50) (  70, -60) (  40, -80) (  10,-100)


  8x5 GraphBLAS gauss matrix, bitmap by col
  CTiles [k], 17 entries, memory: 576 bytes

    (7,0) [user-defined value]
    (4,1) [user-defined value]
    (5,1) [user-defined value]
    (6,1) [user-defined value]
    (7,1) [user-defined value]
    (4,2) [user-defined value]
    (5,2) [user-defined value]
    (6,2) [user-defined value]
    (7,2) [user-defined value]
    (4,3) [user-defined value]
    (5,3) [user-defined value]
    (6,3) [user-defined value]
    (7,3) [user-defined value]
    (4,4) [user-defined value]
    (5,4) [user-defined value]
    (6,4) [user-defined value]
    (7,4) [user-defined value]

 [ GrB_assign (pending: 0) Method 22: (C full) += scalar (jit: load) 
   0.000203 sec ]


=============== C = C + ciso

size: 4-by-4
row  0:  (  18, -16) (  12, -19) (   6, -22) (   0, -25)
row  1:  (  39, -28) (  35, -30) (  21, -42) (   7, -54)
row  2:  (  60, -40) (  53, -46) (  31, -62) (   9, -78)
row  3:  (  81, -52) (  71, -62) (  41, -82) (  11,-102)

 [ GxB_set 
   4.64e-07 sec ]
 [ GxB_Matrix_split (full split) 
   1.85e-05 sec ]


=============== S Tile from C:

size: 1-by-2
row  0:  (  18, -16) (  12, -19)


  1x2 GraphBLAS gauss matrix, full by row
  sparsity control: full
  STiles [k], 2 entries, memory: 232 bytes

    (0,0) [user-defined value]
    (0,1) [user-defined value]



=============== S Tile from C:

size: 1-by-2
row  0:  (   6, -22) (   0, -25)


  1x2 GraphBLAS gauss matrix, full by row
  sparsity control: full
  STiles [k], 2 entries, memory: 232 bytes

    (0,0) [user-defined value]
    (0,1) [user-defined value]



=============== S Tile from C:

size: 3-by-2
row  0:  (  39, -28) (  35, -30)
row  1:  (  60, -40) (  53, -46)
row  2:  (  81, -52) (  71, -62)


  3x2 GraphBLAS gauss matrix, full by row
  sparsity control: full
  STiles [k], 6 entries, memory: 264 bytes

    (0,0) [user-defined value]
    (0,1) [user-defined value]
    (1,0) [user-defined value]
    (1,1) [user-defined value]
    (2,0) [user-defined value]
    (2,1) [user-defined value]



=============== S Tile from C:

size: 3-by-2
row  0:  (  21, -42) (   7, -54)
row  1:  (  31, -62) (   9, -78)
row  2:  (  41, -82) (  11,-102)


  3x2 GraphBLAS gauss matrix, full by row
  sparsity control: full
  STiles [k], 6 entries, memory: 264 bytes

    (0,0) [user-defined value]
    (0,1) [user-defined value]
    (1,0) [user-defined value]
    (1,1) [user-defined value]
    (2,0) [user-defined value]
    (2,1) [user-defined value]

JIT: paused


=============== C: 

size: 4-by-4
row  0:  (  18, -16) (  12, -19) (   6, -22) (   0, -25)
row  1:  (  39, -28) (  35, -30) (  21, -42) (   7, -54)
row  2:  (  60, -40) (  53, -46) (  31, -62) (   9, -78)
row  3:  (  81, -52) (  71, -62) (  41, -82) (  11,-102)

 [ GrB_assign (pending: 0) Method 22: (C full) += scalar (generic C(:,:)+=x assign) 
   2.26e-05 sec ]


=============== C = C + ciso (JIT paused):

size: 4-by-4
row  0:  (  19, -18) (  13, -21) (   7, -24) (   1, -27)
row  1:  (  40, -30) (  36, -32) (  22, -44) (   8, -56)
row  2:  (  61, -42) (  54, -48) (  32, -64) (  10, -80)
row  3:  (  82, -54) (  72, -64) (  42, -84) (  12,-104)



=============== C: 

size: 4-by-4
row  0:  (  19, -18) (  13, -21) (   7, -24) (   1, -27)
row  1:  (  40, -30) (  36, -32) (  22, -44) (   8, -56)
row  2:  (  61, -42) (  54, -48) (  32, -64) (  10, -80)
row  3:  (  82, -54) (  72, -64) (  42, -84) (  12,-104)

 [ GrB_assign (pending: 0) Method 22: (C full) += scalar (generic C(:,:)+=x assign) 
   1.68e-05 sec ]


=============== C = C * ciso (JIT paused):

size: 4-by-4
row  0:  ( -17, -56) ( -29, -47) ( -41, -38) ( -53, -29)
row  1:  ( -20,-110) ( -28,-104) ( -66, -88) (-104, -72)
row  2:  ( -23,-164) ( -42,-156) ( -96,-128) (-150,-100)
row  3:  ( -26,-218) ( -56,-208) (-126,-168) (-196,-128)

JIT: run (may not load or compile)
 [ GrB_assign (pending: 0) Method 22: (C full) += scalar 
   1.31e-05 sec ]


=============== C = C + ciso (JIT run):

size: 4-by-4
row  0:  ( -16, -58) ( -28, -49) ( -40, -40) ( -52, -31)
row  1:  ( -19,-112) ( -27,-106) ( -65, -90) (-103, -74)
row  2:  ( -22,-166) ( -41,-158) ( -95,-130) (-149,-102)
row  3:  ( -25,-220) ( -55,-210) (-125,-170) (-195,-130)

 [ GrB_assign (pending: 0) Method 22: (C full) += scalar (generic C(:,:)+=x assign) 
   1.78e-05 sec ]


=============== C = C * ciso (JIT not loaded):

size: 4-by-4
row  0:  (-132, -26) (-126,   7) (-120,  40) (-114,  73)
row  1:  (-243, -74) (-239, -52) (-245,  40) (-251, 132)
row  2:  (-354,-122) (-357, -76) (-355,  60) (-353, 196)
row  3:  (-465,-170) (-475,-100) (-465,  80) (-455, 260)

JIT: on
 [ GrB_assign (pending: 0) Method 22: (C full) += scalar (jit: load) 
   0.000169 sec ]


=============== C = C * ciso (full JIT):

size: 4-by-4
row  0:  (-184, 238) (-112, 259) ( -40, 280) (  32, 301)
row  1:  (-391, 412) (-343, 426) (-165, 530) (  13, 634)
row  2:  (-598, 586) (-509, 638) (-235, 770) (  39, 902)
row  3:  (-805, 760) (-675, 850) (-305,1010) (  65,1170)

