
######### input A: hyper 0 csc 0

========================= import_test: format 0

GraphBLAS matrix: C to export 
nrows: 67 ncols: 67 max # entries: 294
format: standard CSR vlen: 67 nvec_nonempty: 67 nvec: 67 plen: 67 vdim: 67
hyper_ratio -1
GraphBLAS type:  double size: 8
number of entries: 294 
row: 0 : 3 entries [0:2]
    column 7: double -0.8341818
    column 12: double 1.265823
    column 17: double -0.3361556
row: 1 : 3 entries [3:5]
    column 8: double -0.8341818
    column 13: double 1.012658
    column 17: double -0.2939196
row: 2 : 3 entries [6:8]
    column 9: double -0.8341818
    column 14: double 0.7594937
    column 17: double -0.2214815
row: 3 : 3 entries [9:11]
    column 10: double -0.8341818
    column 15: double 0.5063291
    column 17: double -0.118986
row: 4 : 5 entries [12:16]
    column 0: double -0.2788416
    column 1: double -0.8
    column 6: double 0.1344622
    column 7: double 0.4
    column 12: double 0.4
row: 5 : 5 entries [17:21]
    column 0: double -0.2680186
    column 2: double -0.8
    column 6: double 0.1175679
    column 8: double 0.4
    column 13: double 0.4
row: 6 : 5 entries [22:26]
    column 0: double -0.2323717
    column 3: double -0.8
    column 6: double 0.08859262
    column 9: double 0.4
    column 14: double 0.4
row: 7 : 5 entries [27:31]
    column 0: double -0.1575082
    column 4: double -0.8
    column 6: double 0.04759439
    ...
row: 8 : 5 entries [32:36]
    ...
row: 9 : 6 entries [37:42]
    ...
...

========================= import_test: format 1

GraphBLAS matrix: C to export 
nrows: 67 ncols: 67 max # entries: 294
format: standard CSR vlen: 67 nvec_nonempty: 67 nvec: 67 plen: 67 vdim: 67
hyper_ratio -1
GraphBLAS type:  double size: 8
number of entries: 294 
row: 0 : 3 entries [0:2]
    column 7: double -0.8341818
    column 12: double 1.265823
    column 17: double -0.3361556
row: 1 : 3 entries [3:5]
    column 8: double -0.8341818
    column 13: double 1.012658
    column 17: double -0.2939196
row: 2 : 3 entries [6:8]
    column 9: double -0.8341818
    column 14: double 0.7594937
    column 17: double -0.2214815
row: 3 : 3 entries [9:11]
    column 10: double -0.8341818
    column 15: double 0.5063291
    column 17: double -0.118986
row: 4 : 5 entries [12:16]
    column 0: double -0.2788416
    column 1: double -0.8
    column 6: double 0.1344622
    column 7: double 0.4
    column 12: double 0.4
row: 5 : 5 entries [17:21]
    column 0: double -0.2680186
    column 2: double -0.8
    column 6: double 0.1175679
    column 8: double 0.4
    column 13: double 0.4
row: 6 : 5 entries [22:26]
    column 0: double -0.2323717
    column 3: double -0.8
    column 6: double 0.08859262
    column 9: double 0.4
    column 14: double 0.4
row: 7 : 5 entries [27:31]
    column 0: double -0.1575082
    column 4: double -0.8
    column 6: double 0.04759439
    ...
row: 8 : 5 entries [32:36]
    ...
row: 9 : 6 entries [37:42]
    ...
...

========================= import_test: format 2

GraphBLAS matrix: C to export 
nrows: 67 ncols: 67 max # entries: 294
format: standard CSR vlen: 67 nvec_nonempty: 67 nvec: 67 plen: 67 vdim: 67
hyper_ratio -1
GraphBLAS type:  double size: 8
number of entries: 294 
row: 0 : 3 entries [0:2]
    column 7: double -0.8341818
    column 12: double 1.265823
    column 17: double -0.3361556
row: 1 : 3 entries [3:5]
    column 8: double -0.8341818
    column 13: double 1.012658
    column 17: double -0.2939196
row: 2 : 3 entries [6:8]
    column 9: double -0.8341818
    column 14: double 0.7594937
    column 17: double -0.2214815
row: 3 : 3 entries [9:11]
    column 10: double -0.8341818
    column 15: double 0.5063291
    column 17: double -0.118986
row: 4 : 5 entries [12:16]
    column 0: double -0.2788416
    column 1: double -0.8
    column 6: double 0.1344622
    column 7: double 0.4
    column 12: double 0.4
row: 5 : 5 entries [17:21]
    column 0: double -0.2680186
    column 2: double -0.8
    column 6: double 0.1175679
    column 8: double 0.4
    column 13: double 0.4
row: 6 : 5 entries [22:26]
    column 0: double -0.2323717
    column 3: double -0.8
    column 6: double 0.08859262
    column 9: double 0.4
    column 14: double 0.4
row: 7 : 5 entries [27:31]
    column 0: double -0.1575082
    column 4: double -0.8
    column 6: double 0.04759439
    ...
row: 8 : 5 entries [32:36]
    ...
row: 9 : 6 entries [37:42]
    ...
...

========================= import_test: format 3

GraphBLAS matrix: C to export 
nrows: 67 ncols: 67 max # entries: 294
format: standard CSR vlen: 67 nvec_nonempty: 67 nvec: 67 plen: 67 vdim: 67
hyper_ratio -1
GraphBLAS type:  double size: 8
number of entries: 294 
row: 0 : 3 entries [0:2]
    column 7: double -0.8341818
    column 12: double 1.265823
    column 17: double -0.3361556
row: 1 : 3 entries [3:5]
    column 8: double -0.8341818
    column 13: double 1.012658
    column 17: double -0.2939196
row: 2 : 3 entries [6:8]
    column 9: double -0.8341818
    column 14: double 0.7594937
    column 17: double -0.2214815
row: 3 : 3 entries [9:11]
    column 10: double -0.8341818
    column 15: double 0.5063291
    column 17: double -0.118986
row: 4 : 5 entries [12:16]
    column 0: double -0.2788416
    column 1: double -0.8
    column 6: double 0.1344622
    column 7: double 0.4
    column 12: double 0.4
row: 5 : 5 entries [17:21]
    column 0: double -0.2680186
    column 2: double -0.8
    column 6: double 0.1175679
    column 8: double 0.4
    column 13: double 0.4
row: 6 : 5 entries [22:26]
    column 0: double -0.2323717
    column 3: double -0.8
    column 6: double 0.08859262
    column 9: double 0.4
    column 14: double 0.4
row: 7 : 5 entries [27:31]
    column 0: double -0.1575082
    column 4: double -0.8
    column 6: double 0.04759439
    ...
row: 8 : 5 entries [32:36]
    ...
row: 9 : 6 entries [37:42]
    ...
...

######### input A: hyper 0 csc 1

========================= import_test: format 0

GraphBLAS matrix: C to export 
nrows: 67 ncols: 67 max # entries: 294
format: standard CSC vlen: 67 nvec_nonempty: 67 nvec: 67 plen: 67 vdim: 67
hyper_ratio -1
GraphBLAS type:  double size: 8
number of entries: 294 
column: 0 : 10 entries [0:9]
    row 4: double -0.2788416
    row 5: double -0.2680186
    row 6: double -0.2323717
    row 7: double -0.1575082
    row 8: double -0.06325978
    row 24: double 0.1394208
    row 25: double 0.1340093
    row 26: double 0.1161859
    row 27: double 0.07875411
    row 28: double 0.03162989
column: 1 : 4 entries [10:13]
    row 4: double -0.8
    row 20: double -0.9159533
    row 24: double 0.4
    row 60: double 1
column: 2 : 4 entries [14:17]
    row 5: double -0.8
    row 21: double -0.9159533
    row 25: double 0.4
    row 60: double 1
column: 3 : 4 entries [18:21]
    row 6: double -0.8
    row 22: double -0.9159533
    row 26: double 0.4
    row 60: double 1
column: 4 : 4 entries [22:25]
    row 7: double -0.8
    row 23: double -0.9159533
    row 27: double 0.4
    row 60: double 1
column: 5 : 3 entries [26:28]
    row 8: double -0.8
    row 28: double 0.4
    row 60: double 1
column: 6 : 5 entries [29:33]
    row 4: double 0.1344622
    ...
column: 7 : 3 entries [34:36]
    ...
column: 8 : 3 entries [37:39]
    ...
column: 9 : 3 entries [40:42]
    ...
...

========================= import_test: format 1

GraphBLAS matrix: C to export 
nrows: 67 ncols: 67 max # entries: 294
format: standard CSC vlen: 67 nvec_nonempty: 67 nvec: 67 plen: 67 vdim: 67
hyper_ratio -1
GraphBLAS type:  double size: 8
number of entries: 294 
column: 0 : 10 entries [0:9]
    row 4: double -0.2788416
    row 5: double -0.2680186
    row 6: double -0.2323717
    row 7: double -0.1575082
    row 8: double -0.06325978
    row 24: double 0.1394208
    row 25: double 0.1340093
    row 26: double 0.1161859
    row 27: double 0.07875411
    row 28: double 0.03162989
column: 1 : 4 entries [10:13]
    row 4: double -0.8
    row 20: double -0.9159533
    row 24: double 0.4
    row 60: double 1
column: 2 : 4 entries [14:17]
    row 5: double -0.8
    row 21: double -0.9159533
    row 25: double 0.4
    row 60: double 1
column: 3 : 4 entries [18:21]
    row 6: double -0.8
    row 22: double -0.9159533
    row 26: double 0.4
    row 60: double 1
column: 4 : 4 entries [22:25]
    row 7: double -0.8
    row 23: double -0.9159533
    row 27: double 0.4
    row 60: double 1
column: 5 : 3 entries [26:28]
    row 8: double -0.8
    row 28: double 0.4
    row 60: double 1
column: 6 : 5 entries [29:33]
    row 4: double 0.1344622
    ...
column: 7 : 3 entries [34:36]
    ...
column: 8 : 3 entries [37:39]
    ...
column: 9 : 3 entries [40:42]
    ...
...

========================= import_test: format 2

GraphBLAS matrix: C to export 
nrows: 67 ncols: 67 max # entries: 294
format: standard CSC vlen: 67 nvec_nonempty: 67 nvec: 67 plen: 67 vdim: 67
hyper_ratio -1
GraphBLAS type:  double size: 8
number of entries: 294 
column: 0 : 10 entries [0:9]
    row 4: double -0.2788416
    row 5: double -0.2680186
    row 6: double -0.2323717
    row 7: double -0.1575082
    row 8: double -0.06325978
    row 24: double 0.1394208
    row 25: double 0.1340093
    row 26: double 0.1161859
    row 27: double 0.07875411
    row 28: double 0.03162989
column: 1 : 4 entries [10:13]
    row 4: double -0.8
    row 20: double -0.9159533
    row 24: double 0.4
    row 60: double 1
column: 2 : 4 entries [14:17]
    row 5: double -0.8
    row 21: double -0.9159533
    row 25: double 0.4
    row 60: double 1
column: 3 : 4 entries [18:21]
    row 6: double -0.8
    row 22: double -0.9159533
    row 26: double 0.4
    row 60: double 1
column: 4 : 4 entries [22:25]
    row 7: double -0.8
    row 23: double -0.9159533
    row 27: double 0.4
    row 60: double 1
column: 5 : 3 entries [26:28]
    row 8: double -0.8
    row 28: double 0.4
    row 60: double 1
column: 6 : 5 entries [29:33]
    row 4: double 0.1344622
    ...
column: 7 : 3 entries [34:36]
    ...
column: 8 : 3 entries [37:39]
    ...
column: 9 : 3 entries [40:42]
    ...
...

========================= import_test: format 3

GraphBLAS matrix: C to export 
nrows: 67 ncols: 67 max # entries: 294
format: standard CSC vlen: 67 nvec_nonempty: 67 nvec: 67 plen: 67 vdim: 67
hyper_ratio -1
GraphBLAS type:  double size: 8
number of entries: 294 
column: 0 : 10 entries [0:9]
    row 4: double -0.2788416
    row 5: double -0.2680186
    row 6: double -0.2323717
    row 7: double -0.1575082
    row 8: double -0.06325978
    row 24: double 0.1394208
    row 25: double 0.1340093
    row 26: double 0.1161859
    row 27: double 0.07875411
    row 28: double 0.03162989
column: 1 : 4 entries [10:13]
    row 4: double -0.8
    row 20: double -0.9159533
    row 24: double 0.4
    row 60: double 1
column: 2 : 4 entries [14:17]
    row 5: double -0.8
    row 21: double -0.9159533
    row 25: double 0.4
    row 60: double 1
column: 3 : 4 entries [18:21]
    row 6: double -0.8
    row 22: double -0.9159533
    row 26: double 0.4
    row 60: double 1
column: 4 : 4 entries [22:25]
    row 7: double -0.8
    row 23: double -0.9159533
    row 27: double 0.4
    row 60: double 1
column: 5 : 3 entries [26:28]
    row 8: double -0.8
    row 28: double 0.4
    row 60: double 1
column: 6 : 5 entries [29:33]
    row 4: double 0.1344622
    ...
column: 7 : 3 entries [34:36]
    ...
column: 8 : 3 entries [37:39]
    ...
column: 9 : 3 entries [40:42]
    ...
...

######### input A: hyper 1 csc 0

========================= import_test: format 0

GraphBLAS matrix: C to export 
nrows: 67 ncols: 67 max # entries: 294
format: hypersparse CSR vlen: 67 nvec_nonempty: 67 nvec: 67 plen: 67 vdim: 67
hyper_ratio 1
GraphBLAS type:  double size: 8
number of entries: 294 
row: 0 : 3 entries [0:2]
    column 7: double -0.8341818
    column 12: double 1.265823
    column 17: double -0.3361556
row: 1 : 3 entries [3:5]
    column 8: double -0.8341818
    column 13: double 1.012658
    column 17: double -0.2939196
row: 2 : 3 entries [6:8]
    column 9: double -0.8341818
    column 14: double 0.7594937
    column 17: double -0.2214815
row: 3 : 3 entries [9:11]
    column 10: double -0.8341818
    column 15: double 0.5063291
    column 17: double -0.118986
row: 4 : 5 entries [12:16]
    column 0: double -0.2788416
    column 1: double -0.8
    column 6: double 0.1344622
    column 7: double 0.4
    column 12: double 0.4
row: 5 : 5 entries [17:21]
    column 0: double -0.2680186
    column 2: double -0.8
    column 6: double 0.1175679
    column 8: double 0.4
    column 13: double 0.4
row: 6 : 5 entries [22:26]
    column 0: double -0.2323717
    column 3: double -0.8
    column 6: double 0.08859262
    column 9: double 0.4
    column 14: double 0.4
row: 7 : 5 entries [27:31]
    column 0: double -0.1575082
    column 4: double -0.8
    column 6: double 0.04759439
    ...
row: 8 : 5 entries [32:36]
    ...
row: 9 : 6 entries [37:42]
    ...
...

========================= import_test: format 1

GraphBLAS matrix: C to export 
nrows: 67 ncols: 67 max # entries: 294
format: hypersparse CSR vlen: 67 nvec_nonempty: 67 nvec: 67 plen: 67 vdim: 67
hyper_ratio 1
GraphBLAS type:  double size: 8
number of entries: 294 
row: 0 : 3 entries [0:2]
    column 7: double -0.8341818
    column 12: double 1.265823
    column 17: double -0.3361556
row: 1 : 3 entries [3:5]
    column 8: double -0.8341818
    column 13: double 1.012658
    column 17: double -0.2939196
row: 2 : 3 entries [6:8]
    column 9: double -0.8341818
    column 14: double 0.7594937
    column 17: double -0.2214815
row: 3 : 3 entries [9:11]
    column 10: double -0.8341818
    column 15: double 0.5063291
    column 17: double -0.118986
row: 4 : 5 entries [12:16]
    column 0: double -0.2788416
    column 1: double -0.8
    column 6: double 0.1344622
    column 7: double 0.4
    column 12: double 0.4
row: 5 : 5 entries [17:21]
    column 0: double -0.2680186
    column 2: double -0.8
    column 6: double 0.1175679
    column 8: double 0.4
    column 13: double 0.4
row: 6 : 5 entries [22:26]
    column 0: double -0.2323717
    column 3: double -0.8
    column 6: double 0.08859262
    column 9: double 0.4
    column 14: double 0.4
row: 7 : 5 entries [27:31]
    column 0: double -0.1575082
    column 4: double -0.8
    column 6: double 0.04759439
    ...
row: 8 : 5 entries [32:36]
    ...
row: 9 : 6 entries [37:42]
    ...
...

========================= import_test: format 2

GraphBLAS matrix: C to export 
nrows: 67 ncols: 67 max # entries: 294
format: hypersparse CSR vlen: 67 nvec_nonempty: 67 nvec: 67 plen: 67 vdim: 67
hyper_ratio 1
GraphBLAS type:  double size: 8
number of entries: 294 
row: 0 : 3 entries [0:2]
    column 7: double -0.8341818
    column 12: double 1.265823
    column 17: double -0.3361556
row: 1 : 3 entries [3:5]
    column 8: double -0.8341818
    column 13: double 1.012658
    column 17: double -0.2939196
row: 2 : 3 entries [6:8]
    column 9: double -0.8341818
    column 14: double 0.7594937
    column 17: double -0.2214815
row: 3 : 3 entries [9:11]
    column 10: double -0.8341818
    column 15: double 0.5063291
    column 17: double -0.118986
row: 4 : 5 entries [12:16]
    column 0: double -0.2788416
    column 1: double -0.8
    column 6: double 0.1344622
    column 7: double 0.4
    column 12: double 0.4
row: 5 : 5 entries [17:21]
    column 0: double -0.2680186
    column 2: double -0.8
    column 6: double 0.1175679
    column 8: double 0.4
    column 13: double 0.4
row: 6 : 5 entries [22:26]
    column 0: double -0.2323717
    column 3: double -0.8
    column 6: double 0.08859262
    column 9: double 0.4
    column 14: double 0.4
row: 7 : 5 entries [27:31]
    column 0: double -0.1575082
    column 4: double -0.8
    column 6: double 0.04759439
    ...
row: 8 : 5 entries [32:36]
    ...
row: 9 : 6 entries [37:42]
    ...
...

========================= import_test: format 3

GraphBLAS matrix: C to export 
nrows: 67 ncols: 67 max # entries: 294
format: hypersparse CSR vlen: 67 nvec_nonempty: 67 nvec: 67 plen: 67 vdim: 67
hyper_ratio 1
GraphBLAS type:  double size: 8
number of entries: 294 
row: 0 : 3 entries [0:2]
    column 7: double -0.8341818
    column 12: double 1.265823
    column 17: double -0.3361556
row: 1 : 3 entries [3:5]
    column 8: double -0.8341818
    column 13: double 1.012658
    column 17: double -0.2939196
row: 2 : 3 entries [6:8]
    column 9: double -0.8341818
    column 14: double 0.7594937
    column 17: double -0.2214815
row: 3 : 3 entries [9:11]
    column 10: double -0.8341818
    column 15: double 0.5063291
    column 17: double -0.118986
row: 4 : 5 entries [12:16]
    column 0: double -0.2788416
    column 1: double -0.8
    column 6: double 0.1344622
    column 7: double 0.4
    column 12: double 0.4
row: 5 : 5 entries [17:21]
    column 0: double -0.2680186
    column 2: double -0.8
    column 6: double 0.1175679
    column 8: double 0.4
    column 13: double 0.4
row: 6 : 5 entries [22:26]
    column 0: double -0.2323717
    column 3: double -0.8
    column 6: double 0.08859262
    column 9: double 0.4
    column 14: double 0.4
row: 7 : 5 entries [27:31]
    column 0: double -0.1575082
    column 4: double -0.8
    column 6: double 0.04759439
    ...
row: 8 : 5 entries [32:36]
    ...
row: 9 : 6 entries [37:42]
    ...
...

######### input A: hyper 1 csc 1

========================= import_test: format 0

GraphBLAS matrix: C to export 
nrows: 67 ncols: 67 max # entries: 294
format: hypersparse CSC vlen: 67 nvec_nonempty: 67 nvec: 67 plen: 67 vdim: 67
hyper_ratio 1
GraphBLAS type:  double size: 8
number of entries: 294 
column: 0 : 10 entries [0:9]
    row 4: double -0.2788416
    row 5: double -0.2680186
    row 6: double -0.2323717
    row 7: double -0.1575082
    row 8: double -0.06325978
    row 24: double 0.1394208
    row 25: double 0.1340093
    row 26: double 0.1161859
    row 27: double 0.07875411
    row 28: double 0.03162989
column: 1 : 4 entries [10:13]
    row 4: double -0.8
    row 20: double -0.9159533
    row 24: double 0.4
    row 60: double 1
column: 2 : 4 entries [14:17]
    row 5: double -0.8
    row 21: double -0.9159533
    row 25: double 0.4
    row 60: double 1
column: 3 : 4 entries [18:21]
    row 6: double -0.8
    row 22: double -0.9159533
    row 26: double 0.4
    row 60: double 1
column: 4 : 4 entries [22:25]
    row 7: double -0.8
    row 23: double -0.9159533
    row 27: double 0.4
    row 60: double 1
column: 5 : 3 entries [26:28]
    row 8: double -0.8
    row 28: double 0.4
    row 60: double 1
column: 6 : 5 entries [29:33]
    row 4: double 0.1344622
    ...
column: 7 : 3 entries [34:36]
    ...
column: 8 : 3 entries [37:39]
    ...
column: 9 : 3 entries [40:42]
    ...
...

========================= import_test: format 1

GraphBLAS matrix: C to export 
nrows: 67 ncols: 67 max # entries: 294
format: hypersparse CSC vlen: 67 nvec_nonempty: 67 nvec: 67 plen: 67 vdim: 67
hyper_ratio 1
GraphBLAS type:  double size: 8
number of entries: 294 
column: 0 : 10 entries [0:9]
    row 4: double -0.2788416
    row 5: double -0.2680186
    row 6: double -0.2323717
    row 7: double -0.1575082
    row 8: double -0.06325978
    row 24: double 0.1394208
    row 25: double 0.1340093
    row 26: double 0.1161859
    row 27: double 0.07875411
    row 28: double 0.03162989
column: 1 : 4 entries [10:13]
    row 4: double -0.8
    row 20: double -0.9159533
    row 24: double 0.4
    row 60: double 1
column: 2 : 4 entries [14:17]
    row 5: double -0.8
    row 21: double -0.9159533
    row 25: double 0.4
    row 60: double 1
column: 3 : 4 entries [18:21]
    row 6: double -0.8
    row 22: double -0.9159533
    row 26: double 0.4
    row 60: double 1
column: 4 : 4 entries [22:25]
    row 7: double -0.8
    row 23: double -0.9159533
    row 27: double 0.4
    row 60: double 1
column: 5 : 3 entries [26:28]
    row 8: double -0.8
    row 28: double 0.4
    row 60: double 1
column: 6 : 5 entries [29:33]
    row 4: double 0.1344622
    ...
column: 7 : 3 entries [34:36]
    ...
column: 8 : 3 entries [37:39]
    ...
column: 9 : 3 entries [40:42]
    ...
...

========================= import_test: format 2

GraphBLAS matrix: C to export 
nrows: 67 ncols: 67 max # entries: 294
format: hypersparse CSC vlen: 67 nvec_nonempty: 67 nvec: 67 plen: 67 vdim: 67
hyper_ratio 1
GraphBLAS type:  double size: 8
number of entries: 294 
column: 0 : 10 entries [0:9]
    row 4: double -0.2788416
    row 5: double -0.2680186
    row 6: double -0.2323717
    row 7: double -0.1575082
    row 8: double -0.06325978
    row 24: double 0.1394208
    row 25: double 0.1340093
    row 26: double 0.1161859
    row 27: double 0.07875411
    row 28: double 0.03162989
column: 1 : 4 entries [10:13]
    row 4: double -0.8
    row 20: double -0.9159533
    row 24: double 0.4
    row 60: double 1
column: 2 : 4 entries [14:17]
    row 5: double -0.8
    row 21: double -0.9159533
    row 25: double 0.4
    row 60: double 1
column: 3 : 4 entries [18:21]
    row 6: double -0.8
    row 22: double -0.9159533
    row 26: double 0.4
    row 60: double 1
column: 4 : 4 entries [22:25]
    row 7: double -0.8
    row 23: double -0.9159533
    row 27: double 0.4
    row 60: double 1
column: 5 : 3 entries [26:28]
    row 8: double -0.8
    row 28: double 0.4
    row 60: double 1
column: 6 : 5 entries [29:33]
    row 4: double 0.1344622
    ...
column: 7 : 3 entries [34:36]
    ...
column: 8 : 3 entries [37:39]
    ...
column: 9 : 3 entries [40:42]
    ...
...

========================= import_test: format 3

GraphBLAS matrix: C to export 
nrows: 67 ncols: 67 max # entries: 294
format: hypersparse CSC vlen: 67 nvec_nonempty: 67 nvec: 67 plen: 67 vdim: 67
hyper_ratio 1
GraphBLAS type:  double size: 8
number of entries: 294 
column: 0 : 10 entries [0:9]
    row 4: double -0.2788416
    row 5: double -0.2680186
    row 6: double -0.2323717
    row 7: double -0.1575082
    row 8: double -0.06325978
    row 24: double 0.1394208
    row 25: double 0.1340093
    row 26: double 0.1161859
    row 27: double 0.07875411
    row 28: double 0.03162989
column: 1 : 4 entries [10:13]
    row 4: double -0.8
    row 20: double -0.9159533
    row 24: double 0.4
    row 60: double 1
column: 2 : 4 entries [14:17]
    row 5: double -0.8
    row 21: double -0.9159533
    row 25: double 0.4
    row 60: double 1
column: 3 : 4 entries [18:21]
    row 6: double -0.8
    row 22: double -0.9159533
    row 26: double 0.4
    row 60: double 1
column: 4 : 4 entries [22:25]
    row 7: double -0.8
    row 23: double -0.9159533
    row 27: double 0.4
    row 60: double 1
column: 5 : 3 entries [26:28]
    row 8: double -0.8
    row 28: double 0.4
    row 60: double 1
column: 6 : 5 entries [29:33]
    row 4: double 0.1344622
    ...
column: 7 : 3 entries [34:36]
    ...
column: 8 : 3 entries [37:39]
    ...
column: 9 : 3 entries [40:42]
    ...
...
