Wathen: nx 4 ny 4 n 65 nz 752 method 0, time: 0.000 sec
MIS time in seconds:       0.000344
MIS time in seconds:       0.000114
independent set found: 13 of 65 nodes
independent set found: 13 of 65 nodes
isize: 13 13
MIS time in seconds:       0.000175
MIS time in seconds:       0.000131
independent set found: 14 of 65 nodes
independent set found: 14 of 65 nodes
isize: 14 14
random 5 by 5, nz: 18, method 1 time 0.000 sec
MIS time in seconds:       0.000646
MIS time in seconds:       0.000052
independent set found: 1 of 5 nodes
independent set found: 1 of 5 nodes
isize: 1 1
MIS time in seconds:       0.000085
MIS time in seconds:       0.000061
independent set found: 2 of 5 nodes
independent set found: 2 of 5 nodes
isize: 2 2
matrix 3 by 3, 0 entries, from stdin
MIS time in seconds:       0.004340
MIS time in seconds:       0.000029
independent set found: 3 of 3 nodes
independent set found: 3 of 3 nodes
isize: 3 3
MIS time in seconds:       0.000040
MIS time in seconds:       0.000024
independent set found: 3 of 3 nodes
independent set found: 3 of 3 nodes
isize: 3 3
matrix 4 by 4, 4 entries, from stdin
MIS time in seconds:       0.002961
MIS time in seconds:       0.000052
independent set found: 2 of 4 nodes
independent set found: 2 of 4 nodes
isize: 2 2
MIS time in seconds:       0.000069
MIS time in seconds:       0.000043
independent set found: 2 of 4 nodes
independent set found: 2 of 4 nodes
isize: 2 2
matrix 4 by 4, 10 entries, from stdin
MIS time in seconds:       0.000538
MIS time in seconds:       0.000065
independent set found: 2 of 4 nodes
independent set found: 2 of 4 nodes
isize: 2 2
MIS time in seconds:       0.000066
MIS time in seconds:       0.000044
independent set found: 2 of 4 nodes
independent set found: 2 of 4 nodes
isize: 2 2
matrix 7 by 7, 16 entries, from stdin
MIS time in seconds:       0.000630
MIS time in seconds:       0.000068
independent set found: 4 of 7 nodes
independent set found: 4 of 7 nodes
isize: 4 4
MIS time in seconds:       0.000095
MIS time in seconds:       0.000063
independent set found: 3 of 7 nodes
independent set found: 3 of 7 nodes
isize: 3 3
matrix 304 by 304, 876 entries, from stdin
MIS time in seconds:       0.002792
MIS time in seconds:       0.000166
independent set found: 215 of 304 nodes
independent set found: 215 of 304 nodes
isize: 215 215
MIS time in seconds:       0.000222
MIS time in seconds:       0.000146
independent set found: 216 of 304 nodes
independent set found: 216 of 304 nodes
isize: 216 216
matrix 48 by 48, 352 entries, from stdin
MIS time in seconds:       0.000887
MIS time in seconds:       0.000087
independent set found: 12 of 48 nodes
independent set found: 12 of 48 nodes
isize: 12 12
MIS time in seconds:       0.000090
MIS time in seconds:       0.000080
independent set found: 11 of 48 nodes
independent set found: 11 of 48 nodes
isize: 11 11
matrix 4884 by 4884, 285494 entries, from stdin
MIS time in seconds:       0.002208
MIS time in seconds:       0.001941
independent set found: 286 of 4884 nodes
independent set found: 286 of 4884 nodes
isize: 286 286
MIS time in seconds:       0.002254
MIS time in seconds:       0.004493
independent set found: 284 of 4884 nodes
independent set found: 284 of 4884 nodes
isize: 284 284
matrix 183 by 183, 1402 entries, from stdin
MIS time in seconds:       0.001480
MIS time in seconds:       0.000228
independent set found: 91 of 183 nodes
independent set found: 91 of 183 nodes
isize: 91 91
MIS time in seconds:       0.000184
MIS time in seconds:       0.000183
independent set found: 87 of 183 nodes
independent set found: 87 of 183 nodes
isize: 87 87
matrix 63 by 63, 246 entries, from stdin
MIS time in seconds:       0.000499
MIS time in seconds:       0.000566
independent set found: 23 of 63 nodes
independent set found: 23 of 63 nodes
isize: 23 23
MIS time in seconds:       0.000094
MIS time in seconds:       0.000081
independent set found: 23 of 63 nodes
independent set found: 23 of 63 nodes
isize: 23 23
matrix 63 by 63, 246 entries, from stdin
MIS time in seconds:       0.000513
MIS time in seconds:       0.000105
independent set found: 25 of 63 nodes
independent set found: 25 of 63 nodes
isize: 25 25
MIS time in seconds:       0.000109
MIS time in seconds:       0.000082
independent set found: 26 of 63 nodes
independent set found: 26 of 63 nodes
isize: 26 26
matrix 78 by 78, 204 entries, from stdin
MIS time in seconds:       0.002682
MIS time in seconds:       0.000132
independent set found: 51 of 78 nodes
independent set found: 51 of 78 nodes
isize: 51 51
MIS time in seconds:       0.000147
MIS time in seconds:       0.000125
independent set found: 50 of 78 nodes
independent set found: 50 of 78 nodes
isize: 50 50
matrix 982 by 982, 99840 entries, from stdin
MIS time in seconds:       0.005658
MIS time in seconds:       0.001422
independent set found: 355 of 982 nodes
independent set found: 355 of 982 nodes
isize: 355 355
MIS time in seconds:       0.001347
MIS time in seconds:       0.001322
independent set found: 362 of 982 nodes
independent set found: 362 of 982 nodes
isize: 362 362
matrix 67 by 67, 574 entries, from stdin
MIS time in seconds:       0.002252
MIS time in seconds:       0.000922
independent set found: 17 of 67 nodes
independent set found: 17 of 67 nodes
isize: 17 17
MIS time in seconds:       0.001098
MIS time in seconds:       0.000111
independent set found: 17 of 67 nodes
independent set found: 17 of 67 nodes
isize: 17 17
Wathen: nx 200 ny 200 n 120801 nz 1762400 method 0, time: 0.164 sec
MIS time in seconds:       0.040803
MIS time in seconds:       0.035669
independent set found: 18220 of 120801 nodes
independent set found: 18220 of 120801 nodes
isize: 18220 18220
MIS time in seconds:       0.035829
MIS time in seconds:       0.038435
independent set found: 18241 of 120801 nodes
independent set found: 18241 of 120801 nodes
isize: 18241 18241
random 10000 by 10000, nz: 199768, method 0 time 0.024 sec
MIS time in seconds:       0.004213
MIS time in seconds:       0.003491
independent set found: 1677 of 10000 nodes
independent set found: 1677 of 10000 nodes
isize: 1677 1677
MIS time in seconds:       0.003268
MIS time in seconds:       0.003257
independent set found: 1664 of 10000 nodes
independent set found: 1664 of 10000 nodes
isize: 1664 1664
random 10000 by 10000, nz: 199768, method 1 time 0.016 sec
MIS time in seconds:       0.003672
MIS time in seconds:       0.005247
independent set found: 1677 of 10000 nodes
independent set found: 1677 of 10000 nodes
isize: 1677 1677
MIS time in seconds:       0.003306
MIS time in seconds:       0.003435
independent set found: 1664 of 10000 nodes
independent set found: 1664 of 10000 nodes
isize: 1664 1664
random 100000 by 100000, nz: 19980330, method 0 time 2.381 sec
MIS time in seconds:       0.159362
MIS time in seconds:       0.155102
independent set found: 2799 of 100000 nodes
independent set found: 2799 of 100000 nodes
isize: 2799 2799
MIS time in seconds:       0.213847
MIS time in seconds:       0.354706
independent set found: 2815 of 100000 nodes
independent set found: 2815 of 100000 nodes
isize: 2815 2815
random 100000 by 100000, nz: 19980330, method 1 time 2.077 sec
MIS time in seconds:       0.201872
MIS time in seconds:       0.159590
independent set found: 2799 of 100000 nodes
independent set found: 2799 of 100000 nodes
isize: 2799 2799
MIS time in seconds:       0.179876
MIS time in seconds:       0.224400
independent set found: 2815 of 100000 nodes
independent set found: 2815 of 100000 nodes
isize: 2815 2815
