Demo: ../build/pthread_demo:
pthread demo, nthreads: 8
GraphBLAS is using an OpenMP critical section
to synchronize user threads.
User threads in this program are POSIX pthreads.

================= worker 1 starts:

================= worker 2 starts:

================= worker 0 starts:

================= worker 3 starts:

================= worker 4 starts:

----------------- worker 1 intentional error:
GraphBLAS error: GrB_INVALID_INDEX
function: GrB_Matrix_setElement_INT32 (C, row, col, x)
Row index 1001 out of range; must be < 6


----------------- worker 2 intentional error:
GraphBLAS error: GrB_INVALID_INDEX
function: GrB_Matrix_setElement_INT32 (C, row, col, x)
Row index 1002 out of range; must be < 6


----------------- worker 0 intentional error:
GraphBLAS error: GrB_INVALID_INDEX
function: GrB_Matrix_setElement_INT32 (C, row, col, x)
Row index 1000 out of range; must be < 6


================= worker 5 starts:

----------------- worker 3 intentional error:
GraphBLAS error: GrB_INVALID_INDEX
function: GrB_Matrix_setElement_INT32 (C, row, col, x)
Row index 1003 out of range; must be < 6


================= worker 6 starts:

----------------- worker 4 intentional error:
GraphBLAS error: GrB_INVALID_INDEX
function: GrB_Matrix_setElement_INT32 (C, row, col, x)
Row index 1004 out of range; must be < 6


----------------- worker 1 is done:

  6x6 GraphBLAS double matrix, sparse by row:
  A, 36 entries

    (0,0)    101001
    (0,1)    102001
    (0,2)    103001
    (0,3)    104001
    (0,4)    105001
    (0,5)    106001
    (1,0)    201001
    (1,1)    202001
    (1,2)    203001
    (1,3)    204001
    (1,4)    205001
    (1,5)    206001
    (2,0)    301001
    (2,1)    302001
    (2,2)    303001
    (2,3)    304001
    (2,4)    305001
    (2,5)    306001
    (3,0)    401001
    (3,1)    402001
    (3,2)    403001
    (3,3)    404001
    (3,4)    405001
    (3,5)    406001
    (4,0)    501001
    (4,1)    502001
    (4,2)    503001
    (4,3)    504001
    (4,4)    505001
    (4,5)    506001
    ...

----------------- worker 1 error should be same:
GraphBLAS error: GrB_INVALID_INDEX
function: GrB_Matrix_setElement_INT32 (C, row, col, x)
Row index 1001 out of range; must be < 6


================= worker 7 starts:

----------------- worker 0 is done:

  6x6 GraphBLAS double matrix, sparse by row:
  A, 36 entries

    (0,0)    101000
    (0,1)    102000
    (0,2)    103000
    (0,3)    104000
    (0,4)    105000
    (0,5)    106000
    (1,0)    201000
    (1,1)    202000
    (1,2)    203000
    (1,3)    204000
    (1,4)    205000
    (1,5)    206000
    (2,0)    301000
    (2,1)    302000
    (2,2)    303000
    (2,3)    304000
    (2,4)    305000
    (2,5)    306000
    (3,0)    401000
    (3,1)    402000
    (3,2)    403000
    (3,3)    404000
    (3,4)    405000
    (3,5)    406000
    (4,0)    501000
    (4,1)    502000
    (4,2)    503000
    (4,3)    504000
    (4,4)    505000
    (4,5)    506000
    ...

----------------- worker 0 error should be same:
GraphBLAS error: GrB_INVALID_INDEX
function: GrB_Matrix_setElement_INT32 (C, row, col, x)
Row index 1000 out of range; must be < 6


----------------- worker 3 is done:

  6x6 GraphBLAS double matrix, sparse by row:
  A, 36 entries

    (0,0)    101003
    (0,1)    102003
    (0,2)    103003
    (0,3)    104003
    (0,4)    105003
    (0,5)    106003
    (1,0)    201003
    (1,1)    202003
    (1,2)    203003
    (1,3)    204003
    (1,4)    205003
    (1,5)    206003
    (2,0)    301003
    (2,1)    302003
    (2,2)    303003
    (2,3)    304003
    (2,4)    305003
    (2,5)    306003
    (3,0)    401003
    (3,1)    402003
    (3,2)    403003
    (3,3)    404003
    (3,4)    405003
    (3,5)    406003
    (4,0)    501003
    (4,1)    502003
    (4,2)    503003
    (4,3)    504003
    (4,4)    505003
    (4,5)    506003
    ...

----------------- worker 3 error should be same:
GraphBLAS error: GrB_INVALID_INDEX
function: GrB_Matrix_setElement_INT32 (C, row, col, x)
Row index 1003 out of range; must be < 6


----------------- worker 5 intentional error:
GraphBLAS error: GrB_INVALID_INDEX
function: GrB_Matrix_setElement_INT32 (C, row, col, x)
Row index 1005 out of range; must be < 6


----------------- worker 4 is done:

  6x6 GraphBLAS double matrix, sparse by row:
  A, 36 entries

    (0,0)    101004
    (0,1)    102004
    (0,2)    103004
    (0,3)    104004
    (0,4)    105004
    (0,5)    106004
    (1,0)    201004
    (1,1)    202004
    (1,2)    203004
    (1,3)    204004
    (1,4)    205004
    (1,5)    206004
    (2,0)    301004
    (2,1)    302004
    (2,2)    303004
    (2,3)    304004
    (2,4)    305004
    (2,5)    306004
    (3,0)    401004
    (3,1)    402004
    (3,2)    403004
    (3,3)    404004
    (3,4)    405004
    (3,5)    406004
    (4,0)    501004
    (4,1)    502004
    (4,2)    503004
    (4,3)    504004
    (4,4)    505004
    (4,5)    506004
    ...

----------------- worker 2 is done:

  6x6 GraphBLAS double matrix, sparse by row:
  A, 36 entries

    (0,0)    101002
    (0,1)    102002
    (0,2)    103002
    (0,3)    104002
    (0,4)    105002
    (0,5)    106002
    (1,0)    201002
    (1,1)    202002
    (1,2)    203002
    (1,3)    204002
    (1,4)    205002
    (1,5)    206002
    (2,0)    301002
    (2,1)    302002
    (2,2)    303002
    (2,3)    304002
    (2,4)    305002
    (2,5)    306002
    (3,0)    401002
    (3,1)    402002
    (3,2)    403002
    (3,3)    404002
    (3,4)    405002
    (3,5)    406002
    (4,0)    501002
    (4,1)    502002
    (4,2)    503002
    (4,3)    504002
    (4,4)    505002
    (4,5)    506002
    ...

----------------- worker 2 error should be same:
GraphBLAS error: GrB_INVALID_INDEX
function: GrB_Matrix_setElement_INT32 (C, row, col, x)
Row index 1002 out of range; must be < 6


----------------- worker 6 intentional error:
GraphBLAS error: GrB_INVALID_INDEX
function: GrB_Matrix_setElement_INT32 (C, row, col, x)
Row index 1006 out of range; must be < 6


----------------- worker 7 intentional error:
GraphBLAS error: GrB_INVALID_INDEX
function: GrB_Matrix_setElement_INT32 (C, row, col, x)
Row index 1007 out of range; must be < 6


----------------- worker 5 is done:

  6x6 GraphBLAS double matrix, sparse by row:
  A, 36 entries

    (0,0)    101005
    (0,1)    102005
    (0,2)    103005
    (0,3)    104005
    (0,4)    105005
    (0,5)    106005
    (1,0)    201005
    (1,1)    202005
    (1,2)    203005
    (1,3)    204005
    (1,4)    205005
    (1,5)    206005
    (2,0)    301005
    (2,1)    302005
    (2,2)    303005
    (2,3)    304005
    (2,4)    305005
    (2,5)    306005
    (3,0)    401005
    (3,1)    402005
    (3,2)    403005
    (3,3)    404005
    (3,4)    405005
    (3,5)    406005
    (4,0)    501005
    (4,1)    502005
    (4,2)    503005
    (4,3)    504005
    (4,4)    505005
    (4,5)    506005
    ...

----------------- worker 5 error should be same:
GraphBLAS error: GrB_INVALID_INDEX
function: GrB_Matrix_setElement_INT32 (C, row, col, x)
Row index 1005 out of range; must be < 6


----------------- worker 4 error should be same:
GraphBLAS error: GrB_INVALID_INDEX
function: GrB_Matrix_setElement_INT32 (C, row, col, x)
Row index 1004 out of range; must be < 6


----------------- worker 7 is done:

  6x6 GraphBLAS double matrix, sparse by row:
  A, 36 entries

    (0,0)    101007
    (0,1)    102007
    (0,2)    103007
    (0,3)    104007
    (0,4)    105007
    (0,5)    106007
    (1,0)    201007
    (1,1)    202007
    (1,2)    203007
    (1,3)    204007
    (1,4)    205007
    (1,5)    206007
    (2,0)    301007
    (2,1)    302007
    (2,2)    303007
    (2,3)    304007
    (2,4)    305007
    (2,5)    306007
    (3,0)    401007
    (3,1)    402007
    (3,2)    403007
    (3,3)    404007
    (3,4)    405007
    (3,5)    406007
    (4,0)    501007
    (4,1)    502007
    (4,2)    503007
    (4,3)    504007
    (4,4)    505007
    (4,5)    506007
    ...

----------------- worker 7 error should be same:
GraphBLAS error: GrB_INVALID_INDEX
function: GrB_Matrix_setElement_INT32 (C, row, col, x)
Row index 1007 out of range; must be < 6


----------------- worker 6 is done:

  6x6 GraphBLAS double matrix, sparse by row:
  A, 36 entries

    (0,0)    101006
    (0,1)    102006
    (0,2)    103006
    (0,3)    104006
    (0,4)    105006
    (0,5)    106006
    (1,0)    201006
    (1,1)    202006
    (1,2)    203006
    (1,3)    204006
    (1,4)    205006
    (1,5)    206006
    (2,0)    301006
    (2,1)    302006
    (2,2)    303006
    (2,3)    304006
    (2,4)    305006
    (2,5)    306006
    (3,0)    401006
    (3,1)    402006
    (3,2)    403006
    (3,3)    404006
    (3,4)    405006
    (3,5)    406006
    (4,0)    501006
    (4,1)    502006
    (4,2)    503006
    (4,3)    504006
    (4,4)    505006
    (4,5)    506006
    ...

----------------- worker 6 error should be same:
GraphBLAS error: GrB_INVALID_INDEX
function: GrB_Matrix_setElement_INT32 (C, row, col, x)
Row index 1006 out of range; must be < 6


---- Master prints matrix 0

  6x6 GraphBLAS double matrix, sparse by row:
  A, 36 entries

    (0,0)    101000
    (0,1)    102000
    (0,2)    103000
    (0,3)    104000
    (0,4)    105000
    (0,5)    106000
    (1,0)    201000
    (1,1)    202000
    (1,2)    203000
    (1,3)    204000
    (1,4)    205000
    (1,5)    206000
    (2,0)    301000
    (2,1)    302000
    (2,2)    303000
    (2,3)    304000
    (2,4)    305000
    (2,5)    306000
    (3,0)    401000
    (3,1)    402000
    (3,2)    403000
    (3,3)    404000
    (3,4)    405000
    (3,5)    406000
    (4,0)    501000
    (4,1)    502000
    (4,2)    503000
    (4,3)    504000
    (4,4)    505000
    (4,5)    506000
    ...

---- Master prints matrix 1

  6x6 GraphBLAS double matrix, sparse by row:
  A, 36 entries

    (0,0)    101001
    (0,1)    102001
    (0,2)    103001
    (0,3)    104001
    (0,4)    105001
    (0,5)    106001
    (1,0)    201001
    (1,1)    202001
    (1,2)    203001
    (1,3)    204001
    (1,4)    205001
    (1,5)    206001
    (2,0)    301001
    (2,1)    302001
    (2,2)    303001
    (2,3)    304001
    (2,4)    305001
    (2,5)    306001
    (3,0)    401001
    (3,1)    402001
    (3,2)    403001
    (3,3)    404001
    (3,4)    405001
    (3,5)    406001
    (4,0)    501001
    (4,1)    502001
    (4,2)    503001
    (4,3)    504001
    (4,4)    505001
    (4,5)    506001
    ...

---- Master prints matrix 2

  6x6 GraphBLAS double matrix, sparse by row:
  A, 36 entries

    (0,0)    101002
    (0,1)    102002
    (0,2)    103002
    (0,3)    104002
    (0,4)    105002
    (0,5)    106002
    (1,0)    201002
    (1,1)    202002
    (1,2)    203002
    (1,3)    204002
    (1,4)    205002
    (1,5)    206002
    (2,0)    301002
    (2,1)    302002
    (2,2)    303002
    (2,3)    304002
    (2,4)    305002
    (2,5)    306002
    (3,0)    401002
    (3,1)    402002
    (3,2)    403002
    (3,3)    404002
    (3,4)    405002
    (3,5)    406002
    (4,0)    501002
    (4,1)    502002
    (4,2)    503002
    (4,3)    504002
    (4,4)    505002
    (4,5)    506002
    ...

---- Master prints matrix 3

  6x6 GraphBLAS double matrix, sparse by row:
  A, 36 entries

    (0,0)    101003
    (0,1)    102003
    (0,2)    103003
    (0,3)    104003
    (0,4)    105003
    (0,5)    106003
    (1,0)    201003
    (1,1)    202003
    (1,2)    203003
    (1,3)    204003
    (1,4)    205003
    (1,5)    206003
    (2,0)    301003
    (2,1)    302003
    (2,2)    303003
    (2,3)    304003
    (2,4)    305003
    (2,5)    306003
    (3,0)    401003
    (3,1)    402003
    (3,2)    403003
    (3,3)    404003
    (3,4)    405003
    (3,5)    406003
    (4,0)    501003
    (4,1)    502003
    (4,2)    503003
    (4,3)    504003
    (4,4)    505003
    (4,5)    506003
    ...

---- Master prints matrix 4

  6x6 GraphBLAS double matrix, sparse by row:
  A, 36 entries

    (0,0)    101004
    (0,1)    102004
    (0,2)    103004
    (0,3)    104004
    (0,4)    105004
    (0,5)    106004
    (1,0)    201004
    (1,1)    202004
    (1,2)    203004
    (1,3)    204004
    (1,4)    205004
    (1,5)    206004
    (2,0)    301004
    (2,1)    302004
    (2,2)    303004
    (2,3)    304004
    (2,4)    305004
    (2,5)    306004
    (3,0)    401004
    (3,1)    402004
    (3,2)    403004
    (3,3)    404004
    (3,4)    405004
    (3,5)    406004
    (4,0)    501004
    (4,1)    502004
    (4,2)    503004
    (4,3)    504004
    (4,4)    505004
    (4,5)    506004
    ...

---- Master prints matrix 5

  6x6 GraphBLAS double matrix, sparse by row:
  A, 36 entries

    (0,0)    101005
    (0,1)    102005
    (0,2)    103005
    (0,3)    104005
    (0,4)    105005
    (0,5)    106005
    (1,0)    201005
    (1,1)    202005
    (1,2)    203005
    (1,3)    204005
    (1,4)    205005
    (1,5)    206005
    (2,0)    301005
    (2,1)    302005
    (2,2)    303005
    (2,3)    304005
    (2,4)    305005
    (2,5)    306005
    (3,0)    401005
    (3,1)    402005
    (3,2)    403005
    (3,3)    404005
    (3,4)    405005
    (3,5)    406005
    (4,0)    501005
    (4,1)    502005
    (4,2)    503005
    (4,3)    504005
    (4,4)    505005
    (4,5)    506005
    ...

---- Master prints matrix 6

  6x6 GraphBLAS double matrix, sparse by row:
  A, 36 entries

    (0,0)    101006
    (0,1)    102006
    (0,2)    103006
    (0,3)    104006
    (0,4)    105006
    (0,5)    106006
    (1,0)    201006
    (1,1)    202006
    (1,2)    203006
    (1,3)    204006
    (1,4)    205006
    (1,5)    206006
    (2,0)    301006
    (2,1)    302006
    (2,2)    303006
    (2,3)    304006
    (2,4)    305006
    (2,5)    306006
    (3,0)    401006
    (3,1)    402006
    (3,2)    403006
    (3,3)    404006
    (3,4)    405006
    (3,5)    406006
    (4,0)    501006
    (4,1)    502006
    (4,2)    503006
    (4,3)    504006
    (4,4)    505006
    (4,5)    506006
    ...

---- Master prints matrix 7

  6x6 GraphBLAS double matrix, sparse by row:
  A, 36 entries

    (0,0)    101007
    (0,1)    102007
    (0,2)    103007
    (0,3)    104007
    (0,4)    105007
    (0,5)    106007
    (1,0)    201007
    (1,1)    202007
    (1,2)    203007
    (1,3)    204007
    (1,4)    205007
    (1,5)    206007
    (2,0)    301007
    (2,1)    302007
    (2,2)    303007
    (2,3)    304007
    (2,4)    305007
    (2,5)    306007
    (3,0)    401007
    (3,1)    402007
    (3,2)    403007
    (3,3)    404007
    (3,4)    405007
    (3,5)    406007
    (4,0)    501007
    (4,1)    502007
    (4,2)    503007
    (4,3)    504007
    (4,4)    505007
    (4,5)    506007
    ...


---- Master thread prints an error message:
master -1 : Error: GraphBLAS error: GrB_NULL_POINTER
function: GrB_Matrix_new (&A, type, nrows, ncols)
Required argument is null: [A]

