( cd build && cmake  .. && cmake --build . --config Release -j8 )
-- Building RBIO version: v4.3.0 (Dec 30, 2023)
-- Source:        /Users/davis/dev2/SuiteSparse/RBio 
-- Build:         /Users/davis/dev2/SuiteSparse/RBio/build 
-- Install lib:      lib
-- Install include:  include
-- Install bin:      bin
-- Install pkg-file: lib
-- Install rpath:    
-- Build   rpath:    /Users/davis/dev2/SuiteSparse/RBio/build
-- Build type:    Release 
-- Fortran: /opt/homebrew/bin/gfortran
-- CUDA: not enabled
-- SuiteSparse_config version: 7.4.0
-- SuiteSparse_config include: /Users/davis/dev2/SuiteSparse/SuiteSparse_config
-- SuiteSparse_config library: /Users/davis/dev2/SuiteSparse/SuiteSparse_config/build/libsuitesparseconfig.7.4.0.dylib
-- SuiteSparse_config static:  /Users/davis/dev2/SuiteSparse/SuiteSparse_config/build/libsuitesparseconfig.a
-- Also compiling the demos in RBio/Demo
-- ------------------------------------------------------------------------
-- SuiteSparse CMAKE report for: rbio
-- ------------------------------------------------------------------------
-- inside common SuiteSparse root:  false
-- install in SuiteSparse/lib and SuiteSparse/include: OFF
-- build type:           Release
-- BUILD_SHARED_LIBS:    ON
-- BUILD_STATIC_LIBS:    ON
-- use OpenMP:           no 
-- C compiler:           /Library/Developer/CommandLineTools/usr/bin/cc 
-- C flags:              
-- C++ compiler:         
-- C++ flags:            
-- C Flags release:      -O3 -DNDEBUG 
-- C++ Flags release:     
-- Fortran compiler:     /opt/homebrew/bin/gfortran 
-- compile definitions:  
-- ------------------------------------------------------------------------
-- Configuring done (0.0s)
-- Generating done (0.0s)
-- Build files have been written to: /Users/davis/dev2/SuiteSparse/RBio/build
[ 75%] Built target RBio
[ 75%] Built target RBio_static
[100%] Built target RBdemo
( cd build && cmake  -DDEMO=1 .. && cmake --build . --config Release -j8 )
-- Building RBIO version: v4.3.0 (Dec 30, 2023)
-- Source:        /Users/davis/dev2/SuiteSparse/RBio 
-- Build:         /Users/davis/dev2/SuiteSparse/RBio/build 
-- Install lib:      lib
-- Install include:  include
-- Install bin:      bin
-- Install pkg-file: lib
-- Install rpath:    
-- Build   rpath:    /Users/davis/dev2/SuiteSparse/RBio/build
-- Build type:    Release 
-- Fortran: /opt/homebrew/bin/gfortran
-- CUDA: not enabled
-- SuiteSparse_config version: 7.4.0
-- SuiteSparse_config include: /Users/davis/dev2/SuiteSparse/SuiteSparse_config
-- SuiteSparse_config library: /Users/davis/dev2/SuiteSparse/SuiteSparse_config/build/libsuitesparseconfig.7.4.0.dylib
-- SuiteSparse_config static:  /Users/davis/dev2/SuiteSparse/SuiteSparse_config/build/libsuitesparseconfig.a
-- Also compiling the demos in RBio/Demo
-- ------------------------------------------------------------------------
-- SuiteSparse CMAKE report for: rbio
-- ------------------------------------------------------------------------
-- inside common SuiteSparse root:  false
-- install in SuiteSparse/lib and SuiteSparse/include: OFF
-- build type:           Release
-- BUILD_SHARED_LIBS:    ON
-- BUILD_STATIC_LIBS:    ON
-- use OpenMP:           no 
-- C compiler:           /Library/Developer/CommandLineTools/usr/bin/cc 
-- C flags:              
-- C++ compiler:         
-- C++ flags:            
-- C Flags release:      -O3 -DNDEBUG 
-- C++ Flags release:     
-- Fortran compiler:     /opt/homebrew/bin/gfortran 
-- compile definitions:  
-- ------------------------------------------------------------------------
-- Configuring done (0.0s)
-- Generating done (0.0s)
-- Build files have been written to: /Users/davis/dev2/SuiteSparse/RBio/build
[ 75%] Built target RBio
[ 75%] Built target RBio_static
[100%] Built target RBdemo
./build/RBdemo < ./RBio/private/west0479.rua
RBio version 4.3.0, date: Dec 30, 2023

===========================================================
title: [1U 8 STAGE COLUMN SECTION, ALL SECTIONS RIGOROUS ( CHEM. ENG. )]
status 0
key [WEST0479] nrow 479 ncol 479
mkind 0 skind 0 asize 3820 znz 22
mtype from file:               [RUA]
(A) RBok status 0 0 0
(Z) RBok status 0 0 0
mtype from examining matrix:   [rua]
mtype after reading from file: [rua]
raw nrow 479 ncol 479 nnz 1910 nelnz 0 xsize 1910
mtype from raw read from file: [rua]
(P) RBok status 0 0 0
mtype of pattern:              [pua]
mtype of tril(A):              [rua]
(L) RBok status 0 0 22
RBdemo OK
