./build/qrsimple  < Matrix/ash219.mtx
2-norm of residual:  3.5e-15
rank 85
./build/qrsimplec < Matrix/ash219.mtx
2-norm of residual:  3.5e-15
rank 85
./build/qrsimple  < Matrix/west0067.mtx
2-norm of residual:  1.0e-14
rank 67
./build/qrsimplec < Matrix/west0067.mtx
2-norm of residual:  1.0e-14
rank 67
./build/qrdemo < Matrix/a2.mtx
Matrix      2-by-2      nnz:      3
relative norm(Ax-b):  0.0e+00 rank:      2  rel. norm(A'(Ax-b))  0.0e+00
relative norm(Ax-b):  0.0e+00 rank:      2  rel. norm(A'(Ax-b))  0.0e+00
relative norm(Ax-b):  0.0e+00 rank:      2  rel. norm(A'(Ax-b))  0.0e+00
./build/qrdemo < Matrix/r2.mtx
Matrix      2-by-3      nnz:      4
relative norm(Ax-b):  0.0e+00 rank:      2  rel. norm(A'(Ax-b))  0.0e+00
relative norm(Ax-b):  0.0e+00 rank:      2  rel. norm(A'(Ax-b))  0.0e+00
relative norm(Ax-b):  0.0e+00 rank:      2  rel. norm(A'(Ax-b))  0.0e+00
./build/qrdemo < Matrix/a04.mtx
Matrix      0-by-4      nnz:      0
relative norm(Ax-b):  0.0e+00 rank:      0  rel. norm(A'(Ax-b))  0.0e+00
relative norm(Ax-b):  0.0e+00 rank:      0  rel. norm(A'(Ax-b))  0.0e+00
relative norm(Ax-b):  0.0e+00 rank:      0  rel. norm(A'(Ax-b))  0.0e+00
./build/qrdemo < Matrix/a2.mtx
Matrix      2-by-2      nnz:      3
relative norm(Ax-b):  0.0e+00 rank:      2  rel. norm(A'(Ax-b))  0.0e+00
relative norm(Ax-b):  0.0e+00 rank:      2  rel. norm(A'(Ax-b))  0.0e+00
relative norm(Ax-b):  0.0e+00 rank:      2  rel. norm(A'(Ax-b))  0.0e+00
./build/qrdemo < Matrix/west0067.mtx
Matrix     67-by-67     nnz:    294
relative norm(Ax-b):  6.3e-17 rank:     67  rel. norm(A'(Ax-b))  2.5e-15
relative norm(Ax-b):  5.9e-17 rank:     67  rel. norm(A'(Ax-b))  2.2e-15
relative norm(Ax-b):  4.4e-17 rank:     67  rel. norm(A'(Ax-b))  1.0e-13
./build/qrdemo < Matrix/c2.mtx
Matrix      2-by-2      nnz:      4
relative norm(Ax-b):  1.7e-16 rank:      2  rel. norm(A'(Ax-b))  8.1e-15
./build/qrdemo < Matrix/a0.mtx
Matrix      0-by-0      nnz:      0
relative norm(Ax-b):  0.0e+00 rank:      0  rel. norm(A'(Ax-b))  0.0e+00
relative norm(Ax-b):  0.0e+00 rank:      0  rel. norm(A'(Ax-b))  0.0e+00
relative norm(Ax-b):  0.0e+00 rank:      0  rel. norm(A'(Ax-b))  0.0e+00
./build/qrdemo < Matrix/lfat5b.mtx
Matrix     14-by-14     nnz:     46
relative norm(Ax-b):  8.3e-17 rank:     14  rel. norm(A'(Ax-b))  2.6e-16
relative norm(Ax-b):  1.1e-16 rank:     14  rel. norm(A'(Ax-b))  2.9e-16
relative norm(Ax-b):  4.1e-17 rank:     14  rel. norm(A'(Ax-b))  4.7e-15
./build/qrdemo < Matrix/bfwa62.mtx
Matrix     62-by-62     nnz:    450
relative norm(Ax-b):  5.4e-17 rank:     62  rel. norm(A'(Ax-b))  3.7e-14
relative norm(Ax-b):  5.9e-17 rank:     62  rel. norm(A'(Ax-b))  4.3e-14
relative norm(Ax-b):  5.3e-17 rank:     62  rel. norm(A'(Ax-b))  8.7e-13
./build/qrdemo < Matrix/LFAT5.mtx
Matrix     14-by-14     nnz:     46
relative norm(Ax-b):  4.9e-22 rank:     14  rel. norm(A'(Ax-b))  6.6e-16
relative norm(Ax-b):  5.0e-22 rank:     14  rel. norm(A'(Ax-b))  6.6e-16
relative norm(Ax-b):  3.4e-21 rank:     14  rel. norm(A'(Ax-b))  1.9e-15
./build/qrdemo < Matrix/b1_ss.mtx
Matrix      7-by-7      nnz:     15
relative norm(Ax-b):  8.3e-18 rank:      7  rel. norm(A'(Ax-b))  1.4e-15
relative norm(Ax-b):  1.0e-17 rank:      7  rel. norm(A'(Ax-b))  1.9e-15
relative norm(Ax-b):  5.1e-17 rank:      7  rel. norm(A'(Ax-b))  3.1e-15
./build/qrdemo < Matrix/bcspwr01.mtx
Matrix     39-by-39     nnz:    131
relative norm(Ax-b):  4.8e-17 rank:     39  rel. norm(A'(Ax-b))  4.4e-16
relative norm(Ax-b):  7.4e-17 rank:     39  rel. norm(A'(Ax-b))  6.8e-16
relative norm(Ax-b):  7.1e-17 rank:     39  rel. norm(A'(Ax-b))  3.3e-14
./build/qrdemo < Matrix/lpi_galenet.mtx
Matrix      8-by-14     nnz:     22
relative norm(Ax-b):  0.0e+00 rank:      8  rel. norm(A'(Ax-b))  0.0e+00
relative norm(Ax-b):  0.0e+00 rank:      8  rel. norm(A'(Ax-b))  0.0e+00
relative norm(Ax-b):  0.0e+00 rank:      8  rel. norm(A'(Ax-b))  0.0e+00
./build/qrdemo < Matrix/lpi_itest6.mtx
Matrix     11-by-17     nnz:     29
relative norm(Ax-b):  0.0e+00 rank:     11  rel. norm(A'(Ax-b))  0.0e+00
relative norm(Ax-b):  0.0e+00 rank:     11  rel. norm(A'(Ax-b))  0.0e+00
relative norm(Ax-b):  0.0e+00 rank:     11  rel. norm(A'(Ax-b))  0.0e+00
./build/qrdemo < Matrix/ash219.mtx
Matrix    219-by-85     nnz:    438
relative norm(Ax-b):  3.5e-15 rank:     85  rel. norm(A'(Ax-b))  9.4e-16
relative norm(Ax-b):  4.4e-15 rank:     85  rel. norm(A'(Ax-b))  1.2e-15
relative norm(Ax-b):  1.7e+02 rank:     85  rel. norm(A'(Ax-b))  1.4e-13
./build/qrdemo < Matrix/a4.mtx
Matrix      4-by-2      nnz:      4
relative norm(Ax-b):  1.4e+00 rank:      2  rel. norm(A'(Ax-b))  2.6e-16
relative norm(Ax-b):  1.4e+00 rank:      2  rel. norm(A'(Ax-b))  2.6e-16
relative norm(Ax-b):  3.6e+00 rank:      2  rel. norm(A'(Ax-b))  2.1e-16
./build/qrdemo < Matrix/s32.mtx
Matrix      3-by-2      nnz:      6
relative norm(Ax-b):  1.1e-02 rank:      2  rel. norm(A'(Ax-b))  8.7e-17
relative norm(Ax-b):  1.1e-02 rank:      2  rel. norm(A'(Ax-b))  8.7e-17
relative norm(Ax-b):  1.4e-02 rank:      2  rel. norm(A'(Ax-b))  3.0e-16
./build/qrdemo < Matrix/c32.mtx
Matrix      3-by-2      nnz:      6
relative norm(Ax-b):  1.9e-01 rank:      2  rel. norm(A'(Ax-b))  6.5e-16
./build/qrdemo < Matrix/lp_share1b.mtx
Matrix    117-by-253    nnz:   1179
relative norm(Ax-b):  1.1e-19 rank:    117  rel. norm(A'(Ax-b))  9.8e-12
relative norm(Ax-b):  1.1e-19 rank:    117  rel. norm(A'(Ax-b))  1.0e-11
relative norm(Ax-b):  1.2e-19 rank:    117  rel. norm(A'(Ax-b))  2.3e-10
./build/qrdemo < Matrix/a1.mtx
Matrix      4-by-4      nnz:      7
relative norm(Ax-b):  6.1e-01 rank:      2  rel. norm(A'(Ax-b))  0.0e+00
relative norm(Ax-b):  6.1e-01 rank:      2  rel. norm(A'(Ax-b))  0.0e+00
relative norm(Ax-b):  1.4e+00 rank:      2  rel. norm(A'(Ax-b))  0.0e+00
./build/qrdemo < Matrix/GD06_theory.mtx
Matrix    101-by-101    nnz:    380
relative norm(Ax-b):  7.2e-02 rank:     20  rel. norm(A'(Ax-b))  5.3e-16
relative norm(Ax-b):  7.2e-02 rank:     20  rel. norm(A'(Ax-b))  5.2e-16
relative norm(Ax-b):  7.3e-02 rank:     20  rel. norm(A'(Ax-b))  3.0e-14
./build/qrdemo < Matrix/GD01_b.mtx
Matrix     18-by-18     nnz:     37
relative norm(Ax-b):  7.1e-17 rank:     17  rel. norm(A'(Ax-b))  2.6e-16
relative norm(Ax-b):  1.3e-16 rank:     17  rel. norm(A'(Ax-b))  4.1e-16
relative norm(Ax-b):  9.9e-03 rank:     17  rel. norm(A'(Ax-b))  4.0e-15
./build/qrdemo < Matrix/Tina_AskCal_perm.mtx
Matrix     11-by-11     nnz:     29
relative norm(Ax-b):  7.9e-18 rank:      9  rel. norm(A'(Ax-b))  4.5e-17
relative norm(Ax-b):  2.2e-17 rank:      9  rel. norm(A'(Ax-b))  9.0e-17
relative norm(Ax-b):  1.7e-02 rank:      9  rel. norm(A'(Ax-b))  0.0e+00
./build/qrdemo < Matrix/Tina_AskCal.mtx
Matrix     11-by-11     nnz:     29
relative norm(Ax-b):  5.6e-18 rank:      9  rel. norm(A'(Ax-b))  2.2e-17
relative norm(Ax-b):  2.2e-17 rank:      9  rel. norm(A'(Ax-b))  9.0e-17
relative norm(Ax-b):  3.1e-02 rank:      9  rel. norm(A'(Ax-b))  3.5e-16
./build/qrdemo < Matrix/GD98_a.mtx
Matrix     38-by-38     nnz:     50
relative norm(Ax-b):  2.4e-01 rank:     14  rel. norm(A'(Ax-b))  3.2e-17
relative norm(Ax-b):  2.4e-01 rank:     14  rel. norm(A'(Ax-b))  3.2e-17
relative norm(Ax-b):  2.2e-01 rank:     14  rel. norm(A'(Ax-b))  1.6e-15
./build/qrdemo < Matrix/Ragusa16.mtx
Matrix     24-by-24     nnz:     81
relative norm(Ax-b):  2.1e-02 rank:     18  rel. norm(A'(Ax-b))  1.5e-16
relative norm(Ax-b):  2.1e-02 rank:     18  rel. norm(A'(Ax-b))  1.2e-16
relative norm(Ax-b):  1.5e-02 rank:     18  rel. norm(A'(Ax-b))  4.3e-15
./build/qrdemo < Matrix/young1c.mtx
Matrix    841-by-841    nnz:   4089
relative norm(Ax-b):  1.8e-16 rank:    841  rel. norm(A'(Ax-b))  7.1e-14
./build/qrdemo < Matrix/lp_e226_transposed.mtx
Matrix    472-by-223    nnz:   2768
relative norm(Ax-b):  9.2e+00 rank:    223  rel. norm(A'(Ax-b))  1.5e-13
relative norm(Ax-b):  9.2e+00 rank:    223  rel. norm(A'(Ax-b))  1.5e-13
relative norm(Ax-b):  2.0e+03 rank:    223  rel. norm(A'(Ax-b))  2.1e-11
./build/qrdemoc < Matrix/a2.mtx
Matrix      2-by-2      nnz:      3 residual:  0.0e+00 rank:      2
./build/qrdemoc < Matrix/r2.mtx
Matrix      2-by-3      nnz:      4 residual:  0.0e+00 rank:      2
./build/qrdemoc < Matrix/a04.mtx
Matrix      0-by-4      nnz:      0 residual:  0.0e+00 rank:      0
./build/qrdemoc < Matrix/a2.mtx
Matrix      2-by-2      nnz:      3 residual:  0.0e+00 rank:      2
./build/qrdemoc < Matrix/west0067.mtx
Matrix     67-by-67     nnz:    294 residual:  6.3e-17 rank:     67
./build/qrdemoc < Matrix/c2.mtx
Matrix      2-by-2      nnz:      4 residual:  1.7e-16 rank:      2
./build/qrdemoc < Matrix/a0.mtx
Matrix      0-by-0      nnz:      0 residual:  0.0e+00 rank:      0
./build/qrdemoc < Matrix/lfat5b.mtx
Matrix     14-by-14     nnz:     46 residual:  8.3e-17 rank:     14
./build/qrdemoc < Matrix/bfwa62.mtx
Matrix     62-by-62     nnz:    450 residual:  5.4e-17 rank:     62
./build/qrdemoc < Matrix/LFAT5.mtx
Matrix     14-by-14     nnz:     46 residual:  4.9e-22 rank:     14
./build/qrdemoc < Matrix/b1_ss.mtx
Matrix      7-by-7      nnz:     15 residual:  8.3e-18 rank:      7
./build/qrdemoc < Matrix/bcspwr01.mtx
Matrix     39-by-39     nnz:    131 residual:  4.8e-17 rank:     39
./build/qrdemoc < Matrix/lpi_galenet.mtx
Matrix      8-by-14     nnz:     22 residual:  0.0e+00 rank:      8
./build/qrdemoc < Matrix/lpi_itest6.mtx
Matrix     11-by-17     nnz:     29 residual:  0.0e+00 rank:     11
./build/qrdemoc < Matrix/ash219.mtx
Matrix    219-by-85     nnz:    438 residual:  3.5e-15 rank:     85
./build/qrdemoc < Matrix/a4.mtx
Matrix      4-by-2      nnz:      4 residual:  1.4e+00 rank:      2
./build/qrdemoc < Matrix/s32.mtx
Matrix      3-by-2      nnz:      6 residual:  1.1e-02 rank:      2
./build/qrdemoc < Matrix/c32.mtx
Matrix      3-by-2      nnz:      6 residual:  1.9e-01 rank:      2
./build/qrdemoc < Matrix/lp_share1b.mtx
Matrix    117-by-253    nnz:   1179 residual:  1.1e-19 rank:    117
./build/qrdemoc < Matrix/a1.mtx
Matrix      4-by-4      nnz:      7 residual:  6.1e-01 rank:      2
./build/qrdemoc < Matrix/GD06_theory.mtx
Matrix    101-by-101    nnz:    380 residual:  7.2e-02 rank:     20
./build/qrdemoc < Matrix/GD01_b.mtx
Matrix     18-by-18     nnz:     37 residual:  7.1e-17 rank:     17
./build/qrdemoc < Matrix/Tina_AskCal_perm.mtx
Matrix     11-by-11     nnz:     29 residual:  7.9e-18 rank:      9
./build/qrdemoc < Matrix/Tina_AskCal.mtx
Matrix     11-by-11     nnz:     29 residual:  5.6e-18 rank:      9
./build/qrdemoc < Matrix/GD98_a.mtx
Matrix     38-by-38     nnz:     50 residual:  2.4e-01 rank:     14
./build/qrdemoc < Matrix/Ragusa16.mtx
Matrix     24-by-24     nnz:     81 residual:  2.1e-02 rank:     18
./build/qrdemoc < Matrix/young1c.mtx
Matrix    841-by-841    nnz:   4089 residual:  1.8e-16 rank:    841
./build/qrdemoc < Matrix/lp_e226_transposed.mtx
Matrix    472-by-223    nnz:   2768 residual:  9.2e+00 rank:    223
