( cd build && cmake  -DDEMO=1 .. && cmake --build . --config Release -j8 )
-- Building CXSparse version: v4.3.0 (Dec 30, 2023)
-- Source:        /Users/davis/dev2/SuiteSparse/CXSparse 
-- Build:         /Users/davis/dev2/SuiteSparse/CXSparse/build 
-- Install lib:      lib
-- Install include:  include
-- Install bin:      bin
-- Install pkg-file: lib
-- Install rpath:    
-- Build   rpath:    /Users/davis/dev2/SuiteSparse/CXSparse/build
-- Build type:    Release 
-- Fortran: /opt/homebrew/bin/gfortran
-- CUDA: not enabled
-- complex data type: enabled
-- SuiteSparse_config version: 7.4.0
-- SuiteSparse_config include: /Users/davis/dev2/SuiteSparse/SuiteSparse_config
-- SuiteSparse_config library: /Users/davis/dev2/SuiteSparse/SuiteSparse_config/build/libsuitesparseconfig.7.4.0.dylib
-- SuiteSparse_config static:  /Users/davis/dev2/SuiteSparse/SuiteSparse_config/build/libsuitesparseconfig.a
-- Also compiling the demos in CXSparse/Demo
-- ------------------------------------------------------------------------
-- SuiteSparse CMAKE report for: cxsparse
-- ------------------------------------------------------------------------
-- inside common SuiteSparse root:  false
-- install in SuiteSparse/lib and SuiteSparse/include: OFF
-- build type:           Release
-- BUILD_SHARED_LIBS:    ON
-- BUILD_STATIC_LIBS:    ON
-- use OpenMP:           no 
-- C compiler:           /Library/Developer/CommandLineTools/usr/bin/cc 
-- C flags:              
-- C++ compiler:         
-- C++ flags:            
-- C Flags release:      -O3 -DNDEBUG 
-- C++ Flags release:     
-- Fortran compiler:     /opt/homebrew/bin/gfortran 
-- compile definitions:  
-- ------------------------------------------------------------------------
-- Configuring done (0.0s)
-- Generating done (0.1s)
-- Build files have been written to: /Users/davis/dev2/SuiteSparse/CXSparse/build
[ 82%] Built target CXSparse
[ 89%] Built target CXSparse_static
[ 89%] Built target cs_di_demo1
[ 90%] Built target cs_di_demo2
[ 90%] Built target cs_demo1
[ 91%] Built target cs_demo3
[ 92%] Built target cs_dl_demo2
[ 94%] Built target cs_di_demo3
[ 94%] Built target cs_demo2
[ 94%] Built target cs_dl_demo1
[ 95%] Built target cs_dl_demo3
[ 95%] Built target cs_ci_demo2
[ 96%] Built target cs_ci_demo3
[ 97%] Built target cs_cl_demo3
[ 98%] Built target cs_ci_demo1
[ 98%] Built target cs_cl_demo2
[ 99%] Built target cs_cl_demo1
[ 99%] Built target cs_idemo
[100%] Built target cs_ldemo
./build/cs_demo1 < Matrix/t1
CXSparse v4.3.0
T:
CXSparse Version 4.3.0, Dec 30, 2023.  Copyright (c) Timothy A. Davis, 2006-2023
triplet: 4-by-4, nzmax: 16 nnz: 10
    2 2 : 3
    1 0 : 3.1
    3 3 : 1
    0 2 : 3.2
    1 1 : 2.9
    3 0 : 3.5
    3 1 : 0.4
    1 3 : 0.9
    0 0 : 4.5
    2 1 : 1.7
A:
CXSparse Version 4.3.0, Dec 30, 2023.  Copyright (c) Timothy A. Davis, 2006-2023
4-by-4, nzmax: 10 nnz: 10, 1-norm: 11.1
    col 0 : locations 0 to 2
      1 : 3.1
      3 : 3.5
      0 : 4.5
    col 1 : locations 3 to 5
      1 : 2.9
      3 : 0.4
      2 : 1.7
    col 2 : locations 6 to 7
      2 : 3
      0 : 3.2
    col 3 : locations 8 to 9
      3 : 1
      1 : 0.9
AT:
CXSparse Version 4.3.0, Dec 30, 2023.  Copyright (c) Timothy A. Davis, 2006-2023
4-by-4, nzmax: 10 nnz: 10, 1-norm: 7.7
    col 0 : locations 0 to 1
      0 : 4.5
      2 : 3.2
    col 1 : locations 2 to 4
      0 : 3.1
      1 : 2.9
      3 : 0.9
    col 2 : locations 5 to 6
      1 : 1.7
      2 : 3
    col 3 : locations 7 to 9
      0 : 3.5
      1 : 0.4
      3 : 1
D:
CXSparse Version 4.3.0, Dec 30, 2023.  Copyright (c) Timothy A. Davis, 2006-2023
4-by-4, nzmax: 16 nnz: 16, 1-norm: 139.58
    col 0 : locations 0 to 3
      1 : 13.95
      3 : 15.75
      0 : 100.28
      2 : 9.6
    col 1 : locations 4 to 7
      1 : 88.62
      3 : 12.91
      0 : 13.95
      2 : 4.93
    col 2 : locations 8 to 11
      1 : 4.93
      3 : 0.68
      2 : 81.68
      0 : 9.6
    col 3 : locations 12 to 15
      1 : 12.91
      3 : 83.2
      0 : 15.75
      2 : 0.68
./build/cs_demo2 < Matrix/t1

--- Matrix: 4-by-4, nnz: 10 (sym: 0: nnz 0), norm: 1.11e+01
blocks: 1 singletons: 0 structural rank: 4
QR   natural    time:     0.00 resid: 2.87e-17
QR   amd(A'*A)  time:     0.00 resid: 1.04e-17
LU   natural    time:     0.00 resid: 1.04e-17
LU   amd(A+A')  time:     0.00 resid: 4.94e-18
LU   amd(S'*S)  time:     0.00 resid: 4.94e-18
LU   amd(A'*A)  time:     0.00 resid: 4.94e-18
./build/cs_demo2 < Matrix/fs_183_1

--- Matrix: 183-by-183, nnz: 988 (sym: 0: nnz 0), norm: 1.70e+09
zero entries dropped: 71
tiny entries dropped: 10
blocks: 38 singletons: 37 structural rank: 183
QR   natural    time:     0.00 resid: 1.16e-27
QR   amd(A'*A)  time:     0.00 resid: 6.82e-28
LU   natural    time:     0.00 resid: 4.65e-28
LU   amd(A+A')  time:     0.00 resid: 1.51e-27
LU   amd(S'*S)  time:     0.00 resid: 7.82e-28
LU   amd(A'*A)  time:     0.00 resid: 7.82e-28
./build/cs_demo2 < Matrix/west0067

--- Matrix: 67-by-67, nnz: 294 (sym: 0: nnz 0), norm: 6.14e+00
blocks: 2 singletons: 1 structural rank: 67
QR   natural    time:     0.00 resid: 4.46e-17
QR   amd(A'*A)  time:     0.00 resid: 5.76e-17
LU   natural    time:     0.00 resid: 2.18e-17
LU   amd(A+A')  time:     0.00 resid: 2.90e-17
LU   amd(S'*S)  time:     0.00 resid: 2.20e-17
LU   amd(A'*A)  time:     0.00 resid: 2.20e-17
./build/cs_demo2 < Matrix/lp_afiro

--- Matrix: 27-by-51, nnz: 102 (sym: 0: nnz 0), norm: 3.43e+00
blocks: 1 singletons: 0 structural rank: 27
QR   natural    time:     0.00 resid: 1.71e-16
QR   amd(A'*A)  time:     0.00 resid: 9.63e-17
./build/cs_demo2 < Matrix/ash219

--- Matrix: 219-by-85, nnz: 438 (sym: 0: nnz 0), norm: 9.00e+00
blocks: 1 singletons: 0 structural rank: 85
QR   natural    time:     0.00 resid: 1.61e-02
QR   amd(A'*A)  time:     0.00 resid: 1.61e-02
./build/cs_demo2 < Matrix/mbeacxc

--- Matrix: 492-by-490, nnz: 49920 (sym: 0: nnz 0), norm: 9.29e-01
blocks: 10 singletons: 8 structural rank: 448
QR   natural    time:     0.03 resid:      nan
QR   amd(A'*A)  time:     0.04 resid:      nan
./build/cs_demo2 < Matrix/bcsstk01

--- Matrix: 48-by-48, nnz: 224 (sym: -1: nnz 400), norm: 3.57e+09
blocks: 1 singletons: 0 structural rank: 48
QR   natural    time:     0.00 resid: 3.01e-19
QR   amd(A'*A)  time:     0.00 resid: 5.05e-19
LU   natural    time:     0.00 resid: 2.63e-19
LU   amd(A+A')  time:     0.00 resid: 8.21e-20
LU   amd(S'*S)  time:     0.00 resid: 1.96e-19
LU   amd(A'*A)  time:     0.00 resid: 1.96e-19
Chol natural    time:     0.00 resid: 2.03e-19
Chol amd(A+A')  time:     0.00 resid: 2.01e-19
./build/cs_demo3 < Matrix/bcsstk01

--- Matrix: 48-by-48, nnz: 224 (sym: -1: nnz 400), norm: 3.57e+09

chol then update/downdate amd(A+A')  
symbolic chol time     0.00
numeric  chol time     0.00
solve    chol time     0.00
original: resid: 2.01e-19
update:   time:     0.00
update:   time:     0.00 (incl solve) resid: 3.21e-18
rechol:   time:     0.00 (incl solve) resid: 3.07e-18
downdate: time:     0.00
downdate: time:     0.00 (incl solve) resid: 4.46e-17
./build/cs_demo2 < Matrix/bcsstk16

--- Matrix: 4884-by-4884, nnz: 147631 (sym: -1: nnz 290378), norm: 7.01e+09
blocks: 75 singletons: 74 structural rank: 4884
QR   amd(A'*A)  time:     0.38 resid: 1.79e-22
LU   amd(A+A')  time:     0.17 resid: 1.07e-22
LU   amd(S'*S)  time:     0.17 resid: 1.25e-22
LU   amd(A'*A)  time:     0.17 resid: 1.91e-22
Chol amd(A+A')  time:     0.05 resid: 1.15e-22
./build/cs_demo3 < Matrix/bcsstk16

--- Matrix: 4884-by-4884, nnz: 147631 (sym: -1: nnz 290378), norm: 7.01e+09

chol then update/downdate amd(A+A')  
symbolic chol time     0.00
numeric  chol time     0.04
solve    chol time     0.00
original: resid: 1.15e-22
update:   time:     0.00
update:   time:     0.00 (incl solve) resid: 1.31e-23
rechol:   time:     0.04 (incl solve) resid: 1.44e-23
downdate: time:     0.00
downdate: time:     0.00 (incl solve) resid: 1.25e-21
./build/cs_di_demo1 < Matrix/t1
CXSparse v4.3.0
T:
CXSparse Version 4.3.0, Dec 30, 2023.  Copyright (c) Timothy A. Davis, 2006-2023
triplet: 4-by-4, nzmax: 16 nnz: 10
    2 2 : 3
    1 0 : 3.1
    3 3 : 1
    0 2 : 3.2
    1 1 : 2.9
    3 0 : 3.5
    3 1 : 0.4
    1 3 : 0.9
    0 0 : 4.5
    2 1 : 1.7
A:
CXSparse Version 4.3.0, Dec 30, 2023.  Copyright (c) Timothy A. Davis, 2006-2023
4-by-4, nzmax: 10 nnz: 10, 1-norm: 11.1
    col 0 : locations 0 to 2
      1 : 3.1
      3 : 3.5
      0 : 4.5
    col 1 : locations 3 to 5
      1 : 2.9
      3 : 0.4
      2 : 1.7
    col 2 : locations 6 to 7
      2 : 3
      0 : 3.2
    col 3 : locations 8 to 9
      3 : 1
      1 : 0.9
AT:
CXSparse Version 4.3.0, Dec 30, 2023.  Copyright (c) Timothy A. Davis, 2006-2023
4-by-4, nzmax: 10 nnz: 10, 1-norm: 7.7
    col 0 : locations 0 to 1
      0 : 4.5
      2 : 3.2
    col 1 : locations 2 to 4
      0 : 3.1
      1 : 2.9
      3 : 0.9
    col 2 : locations 5 to 6
      1 : 1.7
      2 : 3
    col 3 : locations 7 to 9
      0 : 3.5
      1 : 0.4
      3 : 1
D:
CXSparse Version 4.3.0, Dec 30, 2023.  Copyright (c) Timothy A. Davis, 2006-2023
4-by-4, nzmax: 16 nnz: 16, 1-norm: 139.58
    col 0 : locations 0 to 3
      1 : 13.95
      3 : 15.75
      0 : 100.28
      2 : 9.6
    col 1 : locations 4 to 7
      1 : 88.62
      3 : 12.91
      0 : 13.95
      2 : 4.93
    col 2 : locations 8 to 11
      1 : 4.93
      3 : 0.68
      2 : 81.68
      0 : 9.6
    col 3 : locations 12 to 15
      1 : 12.91
      3 : 83.2
      0 : 15.75
      2 : 0.68
./build/cs_di_demo2 < Matrix/t1

--- Matrix: 4-by-4, nnz: 10 (sym: 0: nnz 0), norm: 1.11e+01
blocks: 1 singletons: 0 structural rank: 4
QR   natural    time:     0.00 resid: 2.87e-17
QR   amd(A'*A)  time:     0.00 resid: 1.04e-17
LU   natural    time:     0.00 resid: 1.04e-17
LU   amd(A+A')  time:     0.00 resid: 4.94e-18
LU   amd(S'*S)  time:     0.00 resid: 4.94e-18
LU   amd(A'*A)  time:     0.00 resid: 4.94e-18
./build/cs_di_demo2 < Matrix/fs_183_1

--- Matrix: 183-by-183, nnz: 988 (sym: 0: nnz 0), norm: 1.70e+09
zero entries dropped: 71
tiny entries dropped: 10
blocks: 38 singletons: 37 structural rank: 183
QR   natural    time:     0.00 resid: 1.16e-27
QR   amd(A'*A)  time:     0.00 resid: 6.82e-28
LU   natural    time:     0.00 resid: 4.65e-28
LU   amd(A+A')  time:     0.00 resid: 1.51e-27
LU   amd(S'*S)  time:     0.00 resid: 7.82e-28
LU   amd(A'*A)  time:     0.00 resid: 7.82e-28
./build/cs_di_demo2 < Matrix/west0067

--- Matrix: 67-by-67, nnz: 294 (sym: 0: nnz 0), norm: 6.14e+00
blocks: 2 singletons: 1 structural rank: 67
QR   natural    time:     0.00 resid: 4.46e-17
QR   amd(A'*A)  time:     0.00 resid: 5.76e-17
LU   natural    time:     0.00 resid: 2.18e-17
LU   amd(A+A')  time:     0.00 resid: 2.90e-17
LU   amd(S'*S)  time:     0.00 resid: 2.20e-17
LU   amd(A'*A)  time:     0.00 resid: 2.20e-17
./build/cs_di_demo2 < Matrix/lp_afiro

--- Matrix: 27-by-51, nnz: 102 (sym: 0: nnz 0), norm: 3.43e+00
blocks: 1 singletons: 0 structural rank: 27
QR   natural    time:     0.00 resid: 1.71e-16
QR   amd(A'*A)  time:     0.00 resid: 9.63e-17
./build/cs_di_demo2 < Matrix/ash219

--- Matrix: 219-by-85, nnz: 438 (sym: 0: nnz 0), norm: 9.00e+00
blocks: 1 singletons: 0 structural rank: 85
QR   natural    time:     0.00 resid: 1.61e-02
QR   amd(A'*A)  time:     0.00 resid: 1.61e-02
./build/cs_di_demo2 < Matrix/mbeacxc

--- Matrix: 492-by-490, nnz: 49920 (sym: 0: nnz 0), norm: 9.29e-01
blocks: 10 singletons: 8 structural rank: 448
QR   natural    time:     0.03 resid:      nan
QR   amd(A'*A)  time:     0.04 resid:      nan
./build/cs_di_demo2 < Matrix/bcsstk01

--- Matrix: 48-by-48, nnz: 224 (sym: -1: nnz 400), norm: 3.57e+09
blocks: 1 singletons: 0 structural rank: 48
QR   natural    time:     0.00 resid: 3.01e-19
QR   amd(A'*A)  time:     0.00 resid: 5.05e-19
LU   natural    time:     0.00 resid: 2.63e-19
LU   amd(A+A')  time:     0.00 resid: 8.21e-20
LU   amd(S'*S)  time:     0.00 resid: 1.96e-19
LU   amd(A'*A)  time:     0.00 resid: 1.96e-19
Chol natural    time:     0.00 resid: 2.03e-19
Chol amd(A+A')  time:     0.00 resid: 2.01e-19
./build/cs_di_demo3 < Matrix/bcsstk01

--- Matrix: 48-by-48, nnz: 224 (sym: -1: nnz 400), norm: 3.57e+09

chol then update/downdate amd(A+A')  
symbolic chol time     0.00
numeric  chol time     0.00
solve    chol time     0.00
original: resid: 2.01e-19
update:   time:     0.00
update:   time:     0.00 (incl solve) resid: 3.21e-18
rechol:   time:     0.00 (incl solve) resid: 3.07e-18
downdate: time:     0.00
downdate: time:     0.00 (incl solve) resid: 4.46e-17
./build/cs_di_demo2 < Matrix/bcsstk16

--- Matrix: 4884-by-4884, nnz: 147631 (sym: -1: nnz 290378), norm: 7.01e+09
blocks: 75 singletons: 74 structural rank: 4884
QR   amd(A'*A)  time:     0.38 resid: 1.79e-22
LU   amd(A+A')  time:     0.17 resid: 1.07e-22
LU   amd(S'*S)  time:     0.16 resid: 1.25e-22
LU   amd(A'*A)  time:     0.17 resid: 1.91e-22
Chol amd(A+A')  time:     0.05 resid: 1.15e-22
./build/cs_di_demo3 < Matrix/bcsstk16

--- Matrix: 4884-by-4884, nnz: 147631 (sym: -1: nnz 290378), norm: 7.01e+09

chol then update/downdate amd(A+A')  
symbolic chol time     0.00
numeric  chol time     0.04
solve    chol time     0.00
original: resid: 1.15e-22
update:   time:     0.00
update:   time:     0.00 (incl solve) resid: 1.31e-23
rechol:   time:     0.04 (incl solve) resid: 1.44e-23
downdate: time:     0.00
downdate: time:     0.00 (incl solve) resid: 1.25e-21
./build/cs_dl_demo1 < Matrix/t1
CXSparse v4.3.0
T:
CXSparse Version 4.3.0, Dec 30, 2023.  Copyright (c) Timothy A. Davis, 2006-2023
triplet: 4-by-4, nzmax: 16 nnz: 10
    2 2 : 3
    1 0 : 3.1
    3 3 : 1
    0 2 : 3.2
    1 1 : 2.9
    3 0 : 3.5
    3 1 : 0.4
    1 3 : 0.9
    0 0 : 4.5
    2 1 : 1.7
A:
CXSparse Version 4.3.0, Dec 30, 2023.  Copyright (c) Timothy A. Davis, 2006-2023
4-by-4, nzmax: 10 nnz: 10, 1-norm: 11.1
    col 0 : locations 0 to 2
      1 : 3.1
      3 : 3.5
      0 : 4.5
    col 1 : locations 3 to 5
      1 : 2.9
      3 : 0.4
      2 : 1.7
    col 2 : locations 6 to 7
      2 : 3
      0 : 3.2
    col 3 : locations 8 to 9
      3 : 1
      1 : 0.9
AT:
CXSparse Version 4.3.0, Dec 30, 2023.  Copyright (c) Timothy A. Davis, 2006-2023
4-by-4, nzmax: 10 nnz: 10, 1-norm: 7.7
    col 0 : locations 0 to 1
      0 : 4.5
      2 : 3.2
    col 1 : locations 2 to 4
      0 : 3.1
      1 : 2.9
      3 : 0.9
    col 2 : locations 5 to 6
      1 : 1.7
      2 : 3
    col 3 : locations 7 to 9
      0 : 3.5
      1 : 0.4
      3 : 1
D:
CXSparse Version 4.3.0, Dec 30, 2023.  Copyright (c) Timothy A. Davis, 2006-2023
4-by-4, nzmax: 16 nnz: 16, 1-norm: 139.58
    col 0 : locations 0 to 3
      1 : 13.95
      3 : 15.75
      0 : 100.28
      2 : 9.6
    col 1 : locations 4 to 7
      1 : 88.62
      3 : 12.91
      0 : 13.95
      2 : 4.93
    col 2 : locations 8 to 11
      1 : 4.93
      3 : 0.68
      2 : 81.68
      0 : 9.6
    col 3 : locations 12 to 15
      1 : 12.91
      3 : 83.2
      0 : 15.75
      2 : 0.68
./build/cs_dl_demo2 < Matrix/t1

--- Matrix: 4-by-4, nnz: 10 (sym: 0: nnz 0), norm: 1.11e+01
blocks: 1 singletons: 0 structural rank: 4
QR   natural    time:     0.00 resid: 2.87e-17
QR   amd(A'*A)  time:     0.00 resid: 1.04e-17
LU   natural    time:     0.00 resid: 1.04e-17
LU   amd(A+A')  time:     0.00 resid: 4.94e-18
LU   amd(S'*S)  time:     0.00 resid: 4.94e-18
LU   amd(A'*A)  time:     0.00 resid: 4.94e-18
./build/cs_dl_demo2 < Matrix/fs_183_1

--- Matrix: 183-by-183, nnz: 988 (sym: 0: nnz 0), norm: 1.70e+09
zero entries dropped: 71
tiny entries dropped: 10
blocks: 38 singletons: 37 structural rank: 183
QR   natural    time:     0.00 resid: 1.16e-27
QR   amd(A'*A)  time:     0.00 resid: 6.82e-28
LU   natural    time:     0.00 resid: 4.65e-28
LU   amd(A+A')  time:     0.00 resid: 1.51e-27
LU   amd(S'*S)  time:     0.00 resid: 7.82e-28
LU   amd(A'*A)  time:     0.00 resid: 7.82e-28
./build/cs_dl_demo2 < Matrix/west0067

--- Matrix: 67-by-67, nnz: 294 (sym: 0: nnz 0), norm: 6.14e+00
blocks: 2 singletons: 1 structural rank: 67
QR   natural    time:     0.00 resid: 4.46e-17
QR   amd(A'*A)  time:     0.00 resid: 5.76e-17
LU   natural    time:     0.00 resid: 2.18e-17
LU   amd(A+A')  time:     0.00 resid: 2.90e-17
LU   amd(S'*S)  time:     0.00 resid: 2.20e-17
LU   amd(A'*A)  time:     0.00 resid: 2.20e-17
./build/cs_dl_demo2 < Matrix/lp_afiro

--- Matrix: 27-by-51, nnz: 102 (sym: 0: nnz 0), norm: 3.43e+00
blocks: 1 singletons: 0 structural rank: 27
QR   natural    time:     0.00 resid: 1.71e-16
QR   amd(A'*A)  time:     0.00 resid: 9.63e-17
./build/cs_dl_demo2 < Matrix/ash219

--- Matrix: 219-by-85, nnz: 438 (sym: 0: nnz 0), norm: 9.00e+00
blocks: 1 singletons: 0 structural rank: 85
QR   natural    time:     0.00 resid: 1.61e-02
QR   amd(A'*A)  time:     0.00 resid: 1.61e-02
./build/cs_dl_demo2 < Matrix/mbeacxc

--- Matrix: 492-by-490, nnz: 49920 (sym: 0: nnz 0), norm: 9.29e-01
blocks: 10 singletons: 8 structural rank: 448
QR   natural    time:     0.03 resid:      nan
QR   amd(A'*A)  time:     0.04 resid:      nan
./build/cs_dl_demo2 < Matrix/bcsstk01

--- Matrix: 48-by-48, nnz: 224 (sym: -1: nnz 400), norm: 3.57e+09
blocks: 1 singletons: 0 structural rank: 48
QR   natural    time:     0.00 resid: 3.01e-19
QR   amd(A'*A)  time:     0.00 resid: 5.05e-19
LU   natural    time:     0.00 resid: 2.63e-19
LU   amd(A+A')  time:     0.00 resid: 8.21e-20
LU   amd(S'*S)  time:     0.00 resid: 1.96e-19
LU   amd(A'*A)  time:     0.00 resid: 1.96e-19
Chol natural    time:     0.00 resid: 2.03e-19
Chol amd(A+A')  time:     0.00 resid: 2.01e-19
./build/cs_dl_demo3 < Matrix/bcsstk01

--- Matrix: 48-by-48, nnz: 224 (sym: -1: nnz 400), norm: 3.57e+09

chol then update/downdate amd(A+A')  
symbolic chol time     0.00
numeric  chol time     0.00
solve    chol time     0.00
original: resid: 2.01e-19
update:   time:     0.00
update:   time:     0.00 (incl solve) resid: 3.21e-18
rechol:   time:     0.00 (incl solve) resid: 3.07e-18
downdate: time:     0.00
downdate: time:     0.00 (incl solve) resid: 4.46e-17
./build/cs_dl_demo2 < Matrix/bcsstk16

--- Matrix: 4884-by-4884, nnz: 147631 (sym: -1: nnz 290378), norm: 7.01e+09
blocks: 75 singletons: 74 structural rank: 4884
QR   amd(A'*A)  time:     0.39 resid: 1.79e-22
LU   amd(A+A')  time:     0.18 resid: 1.07e-22
LU   amd(S'*S)  time:     0.18 resid: 1.25e-22
LU   amd(A'*A)  time:     0.18 resid: 1.91e-22
Chol amd(A+A')  time:     0.05 resid: 1.15e-22
./build/cs_dl_demo3 < Matrix/bcsstk16

--- Matrix: 4884-by-4884, nnz: 147631 (sym: -1: nnz 290378), norm: 7.01e+09

chol then update/downdate amd(A+A')  
symbolic chol time     0.00
numeric  chol time     0.05
solve    chol time     0.00
original: resid: 1.15e-22
update:   time:     0.00
update:   time:     0.00 (incl solve) resid: 1.31e-23
rechol:   time:     0.05 (incl solve) resid: 1.44e-23
downdate: time:     0.00
downdate: time:     0.00 (incl solve) resid: 1.25e-21
( cd build && cmake  -DDEMO=1 .. && cmake --build . --config Release -j8 )
-- Building CXSparse version: v4.3.0 (Dec 30, 2023)
-- Source:        /Users/davis/dev2/SuiteSparse/CXSparse 
-- Build:         /Users/davis/dev2/SuiteSparse/CXSparse/build 
-- Install lib:      lib
-- Install include:  include
-- Install bin:      bin
-- Install pkg-file: lib
-- Install rpath:    
-- Build   rpath:    /Users/davis/dev2/SuiteSparse/CXSparse/build
-- Build type:    Release 
-- Fortran: /opt/homebrew/bin/gfortran
-- CUDA: not enabled
-- complex data type: enabled
-- SuiteSparse_config version: 7.4.0
-- SuiteSparse_config include: /Users/davis/dev2/SuiteSparse/SuiteSparse_config
-- SuiteSparse_config library: /Users/davis/dev2/SuiteSparse/SuiteSparse_config/build/libsuitesparseconfig.7.4.0.dylib
-- SuiteSparse_config static:  /Users/davis/dev2/SuiteSparse/SuiteSparse_config/build/libsuitesparseconfig.a
-- Also compiling the demos in CXSparse/Demo
-- ------------------------------------------------------------------------
-- SuiteSparse CMAKE report for: cxsparse
-- ------------------------------------------------------------------------
-- inside common SuiteSparse root:  false
-- install in SuiteSparse/lib and SuiteSparse/include: OFF
-- build type:           Release
-- BUILD_SHARED_LIBS:    ON
-- BUILD_STATIC_LIBS:    ON
-- use OpenMP:           no 
-- C compiler:           /Library/Developer/CommandLineTools/usr/bin/cc 
-- C flags:              
-- C++ compiler:         
-- C++ flags:            
-- C Flags release:      -O3 -DNDEBUG 
-- C++ Flags release:     
-- Fortran compiler:     /opt/homebrew/bin/gfortran 
-- compile definitions:  
-- ------------------------------------------------------------------------
-- Configuring done (0.0s)
-- Generating done (0.1s)
-- Build files have been written to: /Users/davis/dev2/SuiteSparse/CXSparse/build
[ 89%] Built target CXSparse
[ 89%] Built target CXSparse_static
[ 89%] Built target cs_di_demo1
[ 90%] Built target cs_demo3
[ 91%] Built target cs_di_demo2
[ 91%] Built target cs_demo1
[ 92%] Built target cs_dl_demo2
[ 93%] Built target cs_di_demo3
[ 94%] Built target cs_demo2
[ 94%] Built target cs_dl_demo1
[ 95%] Built target cs_dl_demo3
[ 97%] Built target cs_cl_demo1
[ 97%] Built target cs_ci_demo1
[ 97%] Built target cs_ci_demo2
[ 98%] Built target cs_ci_demo3
[ 97%] Built target cs_idemo
[ 99%] Built target cs_cl_demo3
[ 99%] Built target cs_cl_demo2
[100%] Built target cs_ldemo
./build/cs_idemo < Matrix/t2

--- cs_idemo, size of CS_INT: 4

T:
CXSparse Version 4.3.0, Dec 30, 2023.  Copyright (c) Timothy A. Davis, 2006-2023
triplet: 4-by-4, nzmax: 16 nnz: 10
    2 2 : (3, 3.14159)
    1 0 : (3.1, 42)
    3 3 : (1, 7)
    0 2 : (3.2, 0.1)
    1 1 : (2.9, 1.3)
    3 0 : (3.5, 0)
    3 1 : (0.4, 2.71828)
    1 3 : (0.9, 99)
    0 0 : (4.5, 6)
    2 1 : (1.7, 1)

Treal:
CXSparse Version 4.3.0, Dec 30, 2023.  Copyright (c) Timothy A. Davis, 2006-2023
triplet: 4-by-4, nzmax: 16 nnz: 10
    2 2 : 3
    1 0 : 3.1
    3 3 : 1
    0 2 : 3.2
    1 1 : 2.9
    3 0 : 3.5
    3 1 : 0.4
    1 3 : 0.9
    0 0 : 4.5
    2 1 : 1.7

Timag:
CXSparse Version 4.3.0, Dec 30, 2023.  Copyright (c) Timothy A. Davis, 2006-2023
triplet: 4-by-4, nzmax: 16 nnz: 10
    2 2 : 3.14159
    1 0 : 42
    3 3 : 7
    0 2 : 0.1
    1 1 : 1.3
    3 0 : 0
    3 1 : 2.71828
    1 3 : 99
    0 0 : 6
    2 1 : 1

A:
CXSparse Version 4.3.0, Dec 30, 2023.  Copyright (c) Timothy A. Davis, 2006-2023
4-by-4, nzmax: 10 nnz: 10, 1-norm: 106.075
    col 0 : locations 0 to 2
      1 : (3.1, 42)
      3 : (3.5, 0)
      0 : (4.5, 6)
    col 1 : locations 3 to 5
      1 : (2.9, 1.3)
      3 : (0.4, 2.71828)
      2 : (1.7, 1)
    col 2 : locations 6 to 7
      2 : (3, 3.14159)
      0 : (3.2, 0.1)
    col 3 : locations 8 to 9
      3 : (1, 7)
      1 : (0.9, 99)

C1 = real(A):
CXSparse Version 4.3.0, Dec 30, 2023.  Copyright (c) Timothy A. Davis, 2006-2023
4-by-4, nzmax: 10 nnz: 10, 1-norm: 11.1
    col 0 : locations 0 to 2
      1 : 3.1
      3 : 3.5
      0 : 4.5
    col 1 : locations 3 to 5
      1 : 2.9
      3 : 0.4
      2 : 1.7
    col 2 : locations 6 to 7
      2 : 3
      0 : 3.2
    col 3 : locations 8 to 9
      3 : 1
      1 : 0.9

C2 = imag(A):
CXSparse Version 4.3.0, Dec 30, 2023.  Copyright (c) Timothy A. Davis, 2006-2023
4-by-4, nzmax: 10 nnz: 10, 1-norm: 106
    col 0 : locations 0 to 2
      1 : 42
      3 : 0
      0 : 6
    col 1 : locations 3 to 5
      1 : 1.3
      3 : 2.71828
      2 : 1
    col 2 : locations 6 to 7
      2 : 3.14159
      0 : 0.1
    col 3 : locations 8 to 9
      3 : 7
      1 : 99

A1:
CXSparse Version 4.3.0, Dec 30, 2023.  Copyright (c) Timothy A. Davis, 2006-2023
4-by-4, nzmax: 10 nnz: 10, 1-norm: 11.1
    col 0 : locations 0 to 2
      1 : (3.1, 0)
      3 : (3.5, 0)
      0 : (4.5, 0)
    col 1 : locations 3 to 5
      1 : (2.9, 0)
      3 : (0.4, 0)
      2 : (1.7, 0)
    col 2 : locations 6 to 7
      2 : (3, 0)
      0 : (3.2, 0)
    col 3 : locations 8 to 9
      3 : (1, 0)
      1 : (0.9, 0)

A2:
CXSparse Version 4.3.0, Dec 30, 2023.  Copyright (c) Timothy A. Davis, 2006-2023
4-by-4, nzmax: 10 nnz: 10, 1-norm: 106
    col 0 : locations 0 to 2
      1 : (0, 42)
      3 : (0, 0)
      0 : (0, 6)
    col 1 : locations 3 to 5
      1 : (0, 1.3)
      3 : (0, 2.71828)
      2 : (0, 1)
    col 2 : locations 6 to 7
      2 : (0, 3.14159)
      0 : (0, 0.1)
    col 3 : locations 8 to 9
      3 : (0, 7)
      1 : (0, 99)

B = conj(A):
CXSparse Version 4.3.0, Dec 30, 2023.  Copyright (c) Timothy A. Davis, 2006-2023
4-by-4, nzmax: 10 nnz: 10, 1-norm: 106.075
    col 0 : locations 0 to 2
      1 : (3.1, -42)
      3 : (3.5, 0)
      0 : (4.5, -6)
    col 1 : locations 3 to 5
      1 : (2.9, -1.3)
      3 : (0.4, -2.71828)
      2 : (1.7, -1)
    col 2 : locations 6 to 7
      2 : (3, -3.14159)
      0 : (3.2, -0.1)
    col 3 : locations 8 to 9
      3 : (1, -7)
      1 : (0.9, -99)
./build/cs_ldemo < Matrix/t2

--- cs_ldemo, size of CS_INT: 8

T:
CXSparse Version 4.3.0, Dec 30, 2023.  Copyright (c) Timothy A. Davis, 2006-2023
triplet: 4-by-4, nzmax: 16 nnz: 10
    2 2 : (3, 3.14159)
    1 0 : (3.1, 42)
    3 3 : (1, 7)
    0 2 : (3.2, 0.1)
    1 1 : (2.9, 1.3)
    3 0 : (3.5, 0)
    3 1 : (0.4, 2.71828)
    1 3 : (0.9, 99)
    0 0 : (4.5, 6)
    2 1 : (1.7, 1)

Treal:
CXSparse Version 4.3.0, Dec 30, 2023.  Copyright (c) Timothy A. Davis, 2006-2023
triplet: 4-by-4, nzmax: 16 nnz: 10
    2 2 : 3
    1 0 : 3.1
    3 3 : 1
    0 2 : 3.2
    1 1 : 2.9
    3 0 : 3.5
    3 1 : 0.4
    1 3 : 0.9
    0 0 : 4.5
    2 1 : 1.7

Timag:
CXSparse Version 4.3.0, Dec 30, 2023.  Copyright (c) Timothy A. Davis, 2006-2023
triplet: 4-by-4, nzmax: 16 nnz: 10
    2 2 : 3.14159
    1 0 : 42
    3 3 : 7
    0 2 : 0.1
    1 1 : 1.3
    3 0 : 0
    3 1 : 2.71828
    1 3 : 99
    0 0 : 6
    2 1 : 1

A:
CXSparse Version 4.3.0, Dec 30, 2023.  Copyright (c) Timothy A. Davis, 2006-2023
4-by-4, nzmax: 10 nnz: 10, 1-norm: 106.075
    col 0 : locations 0 to 2
      1 : (3.1, 42)
      3 : (3.5, 0)
      0 : (4.5, 6)
    col 1 : locations 3 to 5
      1 : (2.9, 1.3)
      3 : (0.4, 2.71828)
      2 : (1.7, 1)
    col 2 : locations 6 to 7
      2 : (3, 3.14159)
      0 : (3.2, 0.1)
    col 3 : locations 8 to 9
      3 : (1, 7)
      1 : (0.9, 99)

C1 = real(A):
CXSparse Version 4.3.0, Dec 30, 2023.  Copyright (c) Timothy A. Davis, 2006-2023
4-by-4, nzmax: 10 nnz: 10, 1-norm: 11.1
    col 0 : locations 0 to 2
      1 : 3.1
      3 : 3.5
      0 : 4.5
    col 1 : locations 3 to 5
      1 : 2.9
      3 : 0.4
      2 : 1.7
    col 2 : locations 6 to 7
      2 : 3
      0 : 3.2
    col 3 : locations 8 to 9
      3 : 1
      1 : 0.9

C2 = imag(A):
CXSparse Version 4.3.0, Dec 30, 2023.  Copyright (c) Timothy A. Davis, 2006-2023
4-by-4, nzmax: 10 nnz: 10, 1-norm: 106
    col 0 : locations 0 to 2
      1 : 42
      3 : 0
      0 : 6
    col 1 : locations 3 to 5
      1 : 1.3
      3 : 2.71828
      2 : 1
    col 2 : locations 6 to 7
      2 : 3.14159
      0 : 0.1
    col 3 : locations 8 to 9
      3 : 7
      1 : 99

A1:
CXSparse Version 4.3.0, Dec 30, 2023.  Copyright (c) Timothy A. Davis, 2006-2023
4-by-4, nzmax: 10 nnz: 10, 1-norm: 11.1
    col 0 : locations 0 to 2
      1 : (3.1, 0)
      3 : (3.5, 0)
      0 : (4.5, 0)
    col 1 : locations 3 to 5
      1 : (2.9, 0)
      3 : (0.4, 0)
      2 : (1.7, 0)
    col 2 : locations 6 to 7
      2 : (3, 0)
      0 : (3.2, 0)
    col 3 : locations 8 to 9
      3 : (1, 0)
      1 : (0.9, 0)

A2:
CXSparse Version 4.3.0, Dec 30, 2023.  Copyright (c) Timothy A. Davis, 2006-2023
4-by-4, nzmax: 10 nnz: 10, 1-norm: 106
    col 0 : locations 0 to 2
      1 : (0, 42)
      3 : (0, 0)
      0 : (0, 6)
    col 1 : locations 3 to 5
      1 : (0, 1.3)
      3 : (0, 2.71828)
      2 : (0, 1)
    col 2 : locations 6 to 7
      2 : (0, 3.14159)
      0 : (0, 0.1)
    col 3 : locations 8 to 9
      3 : (0, 7)
      1 : (0, 99)

B = conj(A):
CXSparse Version 4.3.0, Dec 30, 2023.  Copyright (c) Timothy A. Davis, 2006-2023
4-by-4, nzmax: 10 nnz: 10, 1-norm: 106.075
    col 0 : locations 0 to 2
      1 : (3.1, -42)
      3 : (3.5, 0)
      0 : (4.5, -6)
    col 1 : locations 3 to 5
      1 : (2.9, -1.3)
      3 : (0.4, -2.71828)
      2 : (1.7, -1)
    col 2 : locations 6 to 7
      2 : (3, -3.14159)
      0 : (3.2, -0.1)
    col 3 : locations 8 to 9
      3 : (1, -7)
      1 : (0.9, -99)
./build/cs_ci_demo1 < Matrix/t2
CXSparse v4.3.0
T:
CXSparse Version 4.3.0, Dec 30, 2023.  Copyright (c) Timothy A. Davis, 2006-2023
triplet: 4-by-4, nzmax: 16 nnz: 10
    2 2 : (3, 3.14159)
    1 0 : (3.1, 42)
    3 3 : (1, 7)
    0 2 : (3.2, 0.1)
    1 1 : (2.9, 1.3)
    3 0 : (3.5, 0)
    3 1 : (0.4, 2.71828)
    1 3 : (0.9, 99)
    0 0 : (4.5, 6)
    2 1 : (1.7, 1)
A:
CXSparse Version 4.3.0, Dec 30, 2023.  Copyright (c) Timothy A. Davis, 2006-2023
4-by-4, nzmax: 10 nnz: 10, 1-norm: 106.075
    col 0 : locations 0 to 2
      1 : (3.1, 42)
      3 : (3.5, 0)
      0 : (4.5, 6)
    col 1 : locations 3 to 5
      1 : (2.9, 1.3)
      3 : (0.4, 2.71828)
      2 : (1.7, 1)
    col 2 : locations 6 to 7
      2 : (3, 3.14159)
      0 : (3.2, 0.1)
    col 3 : locations 8 to 9
      3 : (1, 7)
      1 : (0.9, 99)
AT:
CXSparse Version 4.3.0, Dec 30, 2023.  Copyright (c) Timothy A. Davis, 2006-2023
4-by-4, nzmax: 10 nnz: 10, 1-norm: 144.296
    col 0 : locations 0 to 1
      0 : (4.5, -6)
      2 : (3.2, -0.1)
    col 1 : locations 2 to 4
      0 : (3.1, -42)
      1 : (2.9, -1.3)
      3 : (0.9, -99)
    col 2 : locations 5 to 6
      1 : (1.7, -1)
      2 : (3, -3.14159)
    col 3 : locations 7 to 9
      0 : (3.5, -0)
      1 : (0.4, -2.71828)
      3 : (1, -7)
D:
CXSparse Version 4.3.0, Dec 30, 2023.  Copyright (c) Timothy A. Davis, 2006-2023
4-by-4, nzmax: 16 nnz: 16, 1-norm: 25308.3
    col 0 : locations 0 to 3
      1 : (265.95, 170.4)
      3 : (15.75, -21)
      0 : (12720.7, 0)
      2 : (9.91416, 9.7531)
    col 1 : locations 4 to 7
      1 : (24239.7, 0)
      3 : (709.444, -232.337)
      0 : (265.95, -170.4)
      2 : (6.23, 0.69)
    col 2 : locations 8 to 11
      1 : (6.23, -0.69)
      3 : (3.39828, 4.22108)
      2 : (12676.9, 0)
      0 : (9.91416, -9.7531)
    col 3 : locations 12 to 15
      1 : (709.444, 232.337)
      3 : (12724, 0)
      0 : (15.75, 21)
      2 : (3.39828, -4.22108)
./build/cs_ci_demo2 < Matrix/t2

--- Matrix: 4-by-4, nnz: 10 (sym: 0: nnz 0), norm: 1.06e+02
blocks: 1 singletons: 0 structural rank: 4
QR   natural    time:     0.00 resid: 2.02e-17
QR   amd(A'*A)  time:     0.00 resid: 7.71e-18
LU   natural    time:     0.00 resid: 4.43e-18
LU   amd(A+A')  time:     0.00 resid: 6.17e-18
LU   amd(S'*S)  time:     0.00 resid: 8.98e-18
LU   amd(A'*A)  time:     0.00 resid: 6.17e-18
./build/cs_ci_demo2 < Matrix/t3

--- Matrix: 3-by-4, nnz: 12 (sym: 0: nnz 0), norm: 3.06e+00
blocks: 1 singletons: 0 structural rank: 3
QR   natural    time:     0.00 resid: 6.29e-17
QR   amd(A'*A)  time:     0.00 resid: 6.29e-17
./build/cs_ci_demo2 < Matrix/t4

--- Matrix: 2-by-2, nnz: 3 (sym: 1: nnz 4), norm: 2.83e+00
blocks: 1 singletons: 0 structural rank: 2
QR   natural    time:     0.00 resid: 1.11e-16
QR   amd(A'*A)  time:     0.00 resid: 1.11e-16
LU   natural    time:     0.00 resid: 0.00e+00
LU   amd(A+A')  time:     0.00 resid: 0.00e+00
LU   amd(S'*S)  time:     0.00 resid: 0.00e+00
LU   amd(A'*A)  time:     0.00 resid: 0.00e+00
Chol natural    time:     0.00     (failed)
Chol amd(A+A')  time:     0.00     (failed)
./build/cs_ci_demo2 < Matrix/c_west0067

--- Matrix: 67-by-67, nnz: 294 (sym: 0: nnz 0), norm: 6.17e+00
blocks: 2 singletons: 1 structural rank: 67
QR   natural    time:     0.00 resid: 5.78e-17
QR   amd(A'*A)  time:     0.00 resid: 4.76e-17
LU   natural    time:     0.00 resid: 1.07e-16
LU   amd(A+A')  time:     0.00 resid: 9.01e-17
LU   amd(S'*S)  time:     0.00 resid: 4.37e-17
LU   amd(A'*A)  time:     0.00 resid: 5.81e-17
./build/cs_ci_demo2 < Matrix/c_mbeacxc

--- Matrix: 492-by-490, nnz: 49920 (sym: 0: nnz 0), norm: 9.29e-01
blocks: 10 singletons: 8 structural rank: 448
QR   natural    time:     0.04 resid:      nan
QR   amd(A'*A)  time:     0.05 resid:      nan
./build/cs_ci_demo2 < Matrix/young1c

--- Matrix: 841-by-841, nnz: 4089 (sym: 0: nnz 0), norm: 7.30e+02
blocks: 1 singletons: 0 structural rank: 841
QR   natural    time:     0.00 resid: 1.53e-16
QR   amd(A'*A)  time:     0.00 resid: 1.39e-16
LU   natural    time:     0.00 resid: 1.16e-16
LU   amd(A+A')  time:     0.00 resid: 3.20e-16
LU   amd(S'*S)  time:     0.00 resid: 2.34e-16
LU   amd(A'*A)  time:     0.00 resid: 2.34e-16
./build/cs_ci_demo2 < Matrix/qc324

--- Matrix: 324-by-324, nnz: 26730 (sym: 0: nnz 0), norm: 1.71e+00
blocks: 1 singletons: 0 structural rank: 324
QR   natural    time:     0.01 resid: 8.03e-17
QR   amd(A'*A)  time:     0.01 resid: 8.22e-17
LU   natural    time:     0.00 resid: 4.86e-17
LU   amd(A+A')  time:     0.00 resid: 3.83e-17
LU   amd(S'*S)  time:     0.01 resid: 4.86e-17
LU   amd(A'*A)  time:     0.01 resid: 4.86e-17
./build/cs_ci_demo2 < Matrix/neumann

--- Matrix: 1600-by-1600, nnz: 7840 (sym: 0: nnz 0), norm: 1.41e+01
blocks: 1 singletons: 0 structural rank: 1600
QR   amd(A'*A)  time:     0.01 resid: 1.07e-15
LU   amd(A+A')  time:     0.00 resid: 4.59e-16
LU   amd(S'*S)  time:     0.00 resid: 4.56e-16
LU   amd(A'*A)  time:     0.00 resid: 4.56e-16
./build/cs_ci_demo2 < Matrix/c4

--- Matrix: 4-by-4, nnz: 10 (sym: -1: nnz 16), norm: 7.37e+01
blocks: 1 singletons: 0 structural rank: 4
QR   natural    time:     0.00 resid: 5.85e-17
QR   amd(A'*A)  time:     0.00 resid: 5.85e-17
LU   natural    time:     0.00 resid: 6.88e-17
LU   amd(A+A')  time:     0.00 resid: 6.88e-17
LU   amd(S'*S)  time:     0.00 resid: 6.88e-17
LU   amd(A'*A)  time:     0.00 resid: 6.88e-17
Chol natural    time:     0.00 resid: 9.17e-17
Chol amd(A+A')  time:     0.00 resid: 9.17e-17
./build/cs_ci_demo3 < Matrix/c4

--- Matrix: 4-by-4, nnz: 10 (sym: -1: nnz 16), norm: 7.37e+01

chol then update/downdate amd(A+A')  
symbolic chol time     0.00
numeric  chol time     0.00
solve    chol time     0.00
original: resid: 9.17e-17
update:   time:     0.00
update:   time:     0.00 (incl solve) resid: 7.03e-17
rechol:   time:     0.00 (incl solve) resid: 4.83e-17
downdate: time:     0.00
downdate: time:     0.00 (incl solve) resid: 9.17e-17
./build/cs_ci_demo2 < Matrix/mhd1280b

--- Matrix: 1280-by-1280, nnz: 11963 (sym: -1: nnz 22646), norm: 8.00e+01
tiny entries dropped: 66
blocks: 20 singletons: 14 structural rank: 1280
QR   amd(A'*A)  time:     0.00 resid: 5.96e-25
LU   amd(A+A')  time:     0.00 resid: 2.33e-25
LU   amd(S'*S)  time:     0.00 resid: 2.45e-25
LU   amd(A'*A)  time:     0.00 resid: 2.45e-25
Chol amd(A+A')  time:     0.00 resid: 1.58e-25
./build/cs_ci_demo3 < Matrix/mhd1280b

--- Matrix: 1280-by-1280, nnz: 12029 (sym: -1: nnz 22778), norm: 8.00e+01

chol then update/downdate amd(A+A')  
symbolic chol time     0.00
numeric  chol time     0.00
solve    chol time     0.00
original: resid: 2.14e-25
update:   time:     0.00
update:   time:     0.00 (incl solve) resid: 2.14e-25
rechol:   time:     0.00 (incl solve) resid: 2.14e-25
downdate: time:     0.00
downdate: time:     0.00 (incl solve) resid: 6.66e-25
./build/cs_cl_demo1 < Matrix/t2
CXSparse v4.3.0
T:
CXSparse Version 4.3.0, Dec 30, 2023.  Copyright (c) Timothy A. Davis, 2006-2023
triplet: 4-by-4, nzmax: 16 nnz: 10
    2 2 : (3, 3.14159)
    1 0 : (3.1, 42)
    3 3 : (1, 7)
    0 2 : (3.2, 0.1)
    1 1 : (2.9, 1.3)
    3 0 : (3.5, 0)
    3 1 : (0.4, 2.71828)
    1 3 : (0.9, 99)
    0 0 : (4.5, 6)
    2 1 : (1.7, 1)
A:
CXSparse Version 4.3.0, Dec 30, 2023.  Copyright (c) Timothy A. Davis, 2006-2023
4-by-4, nzmax: 10 nnz: 10, 1-norm: 106.075
    col 0 : locations 0 to 2
      1 : (3.1, 42)
      3 : (3.5, 0)
      0 : (4.5, 6)
    col 1 : locations 3 to 5
      1 : (2.9, 1.3)
      3 : (0.4, 2.71828)
      2 : (1.7, 1)
    col 2 : locations 6 to 7
      2 : (3, 3.14159)
      0 : (3.2, 0.1)
    col 3 : locations 8 to 9
      3 : (1, 7)
      1 : (0.9, 99)
AT:
CXSparse Version 4.3.0, Dec 30, 2023.  Copyright (c) Timothy A. Davis, 2006-2023
4-by-4, nzmax: 10 nnz: 10, 1-norm: 144.296
    col 0 : locations 0 to 1
      0 : (4.5, -6)
      2 : (3.2, -0.1)
    col 1 : locations 2 to 4
      0 : (3.1, -42)
      1 : (2.9, -1.3)
      3 : (0.9, -99)
    col 2 : locations 5 to 6
      1 : (1.7, -1)
      2 : (3, -3.14159)
    col 3 : locations 7 to 9
      0 : (3.5, -0)
      1 : (0.4, -2.71828)
      3 : (1, -7)
D:
CXSparse Version 4.3.0, Dec 30, 2023.  Copyright (c) Timothy A. Davis, 2006-2023
4-by-4, nzmax: 16 nnz: 16, 1-norm: 25308.3
    col 0 : locations 0 to 3
      1 : (265.95, 170.4)
      3 : (15.75, -21)
      0 : (12720.7, 0)
      2 : (9.91416, 9.7531)
    col 1 : locations 4 to 7
      1 : (24239.7, 0)
      3 : (709.444, -232.337)
      0 : (265.95, -170.4)
      2 : (6.23, 0.69)
    col 2 : locations 8 to 11
      1 : (6.23, -0.69)
      3 : (3.39828, 4.22108)
      2 : (12676.9, 0)
      0 : (9.91416, -9.7531)
    col 3 : locations 12 to 15
      1 : (709.444, 232.337)
      3 : (12724, 0)
      0 : (15.75, 21)
      2 : (3.39828, -4.22108)
./build/cs_cl_demo2 < Matrix/t2

--- Matrix: 4-by-4, nnz: 10 (sym: 0: nnz 0), norm: 1.06e+02
blocks: 1 singletons: 0 structural rank: 4
QR   natural    time:     0.00 resid: 2.02e-17
QR   amd(A'*A)  time:     0.00 resid: 7.71e-18
LU   natural    time:     0.00 resid: 4.43e-18
LU   amd(A+A')  time:     0.00 resid: 6.17e-18
LU   amd(S'*S)  time:     0.00 resid: 8.98e-18
LU   amd(A'*A)  time:     0.00 resid: 6.17e-18
./build/cs_cl_demo2 < Matrix/t3

--- Matrix: 3-by-4, nnz: 12 (sym: 0: nnz 0), norm: 3.06e+00
blocks: 1 singletons: 0 structural rank: 3
QR   natural    time:     0.00 resid: 6.29e-17
QR   amd(A'*A)  time:     0.00 resid: 6.29e-17
./build/cs_cl_demo2 < Matrix/t4

--- Matrix: 2-by-2, nnz: 3 (sym: 1: nnz 4), norm: 2.83e+00
blocks: 1 singletons: 0 structural rank: 2
QR   natural    time:     0.00 resid: 1.11e-16
QR   amd(A'*A)  time:     0.00 resid: 1.11e-16
LU   natural    time:     0.00 resid: 0.00e+00
LU   amd(A+A')  time:     0.00 resid: 0.00e+00
LU   amd(S'*S)  time:     0.00 resid: 0.00e+00
LU   amd(A'*A)  time:     0.00 resid: 0.00e+00
Chol natural    time:     0.00     (failed)
Chol amd(A+A')  time:     0.00     (failed)
./build/cs_cl_demo2 < Matrix/c_west0067

--- Matrix: 67-by-67, nnz: 294 (sym: 0: nnz 0), norm: 6.17e+00
blocks: 2 singletons: 1 structural rank: 67
QR   natural    time:     0.00 resid: 5.78e-17
QR   amd(A'*A)  time:     0.00 resid: 4.76e-17
LU   natural    time:     0.00 resid: 1.07e-16
LU   amd(A+A')  time:     0.00 resid: 9.01e-17
LU   amd(S'*S)  time:     0.00 resid: 4.37e-17
LU   amd(A'*A)  time:     0.00 resid: 5.81e-17
./build/cs_cl_demo2 < Matrix/c_mbeacxc

--- Matrix: 492-by-490, nnz: 49920 (sym: 0: nnz 0), norm: 9.29e-01
blocks: 10 singletons: 8 structural rank: 448
QR   natural    time:     0.04 resid:      nan
QR   amd(A'*A)  time:     0.05 resid:      nan
./build/cs_cl_demo2 < Matrix/young1c

--- Matrix: 841-by-841, nnz: 4089 (sym: 0: nnz 0), norm: 7.30e+02
blocks: 1 singletons: 0 structural rank: 841
QR   natural    time:     0.00 resid: 1.53e-16
QR   amd(A'*A)  time:     0.00 resid: 1.39e-16
LU   natural    time:     0.00 resid: 1.16e-16
LU   amd(A+A')  time:     0.00 resid: 3.20e-16
LU   amd(S'*S)  time:     0.00 resid: 2.34e-16
LU   amd(A'*A)  time:     0.00 resid: 2.34e-16
./build/cs_cl_demo2 < Matrix/qc324

--- Matrix: 324-by-324, nnz: 26730 (sym: 0: nnz 0), norm: 1.71e+00
blocks: 1 singletons: 0 structural rank: 324
QR   natural    time:     0.01 resid: 8.03e-17
QR   amd(A'*A)  time:     0.01 resid: 8.22e-17
LU   natural    time:     0.00 resid: 4.86e-17
LU   amd(A+A')  time:     0.00 resid: 3.83e-17
LU   amd(S'*S)  time:     0.01 resid: 4.86e-17
LU   amd(A'*A)  time:     0.01 resid: 4.86e-17
./build/cs_cl_demo2 < Matrix/neumann

--- Matrix: 1600-by-1600, nnz: 7840 (sym: 0: nnz 0), norm: 1.41e+01
blocks: 1 singletons: 0 structural rank: 1600
QR   amd(A'*A)  time:     0.01 resid: 1.07e-15
LU   amd(A+A')  time:     0.00 resid: 4.59e-16
LU   amd(S'*S)  time:     0.00 resid: 4.56e-16
LU   amd(A'*A)  time:     0.00 resid: 4.56e-16
./build/cs_cl_demo2 < Matrix/c4

--- Matrix: 4-by-4, nnz: 10 (sym: -1: nnz 16), norm: 7.37e+01
blocks: 1 singletons: 0 structural rank: 4
QR   natural    time:     0.00 resid: 5.85e-17
QR   amd(A'*A)  time:     0.00 resid: 5.85e-17
LU   natural    time:     0.00 resid: 6.88e-17
LU   amd(A+A')  time:     0.00 resid: 6.88e-17
LU   amd(S'*S)  time:     0.00 resid: 6.88e-17
LU   amd(A'*A)  time:     0.00 resid: 6.88e-17
Chol natural    time:     0.00 resid: 9.17e-17
Chol amd(A+A')  time:     0.00 resid: 9.17e-17
./build/cs_cl_demo3 < Matrix/c4

--- Matrix: 4-by-4, nnz: 10 (sym: -1: nnz 16), norm: 7.37e+01

chol then update/downdate amd(A+A')  
symbolic chol time     0.00
numeric  chol time     0.00
solve    chol time     0.00
original: resid: 9.17e-17
update:   time:     0.00
update:   time:     0.00 (incl solve) resid: 7.03e-17
rechol:   time:     0.00 (incl solve) resid: 4.83e-17
downdate: time:     0.00
downdate: time:     0.00 (incl solve) resid: 9.17e-17
./build/cs_cl_demo2 < Matrix/mhd1280b

--- Matrix: 1280-by-1280, nnz: 11963 (sym: -1: nnz 22646), norm: 8.00e+01
tiny entries dropped: 66
blocks: 20 singletons: 14 structural rank: 1280
QR   amd(A'*A)  time:     0.00 resid: 5.96e-25
LU   amd(A+A')  time:     0.00 resid: 2.33e-25
LU   amd(S'*S)  time:     0.00 resid: 2.45e-25
LU   amd(A'*A)  time:     0.00 resid: 2.45e-25
Chol amd(A+A')  time:     0.00 resid: 1.58e-25
./build/cs_cl_demo3 < Matrix/mhd1280b

--- Matrix: 1280-by-1280, nnz: 12029 (sym: -1: nnz 22778), norm: 8.00e+01

chol then update/downdate amd(A+A')  
symbolic chol time     0.00
numeric  chol time     0.00
solve    chol time     0.00
original: resid: 2.14e-25
update:   time:     0.00
update:   time:     0.00 (incl solve) resid: 2.14e-25
rechol:   time:     0.00 (incl solve) resid: 2.14e-25
downdate: time:     0.00
downdate: time:     0.00 (incl solve) resid: 6.66e-25
